#
# A fatal error has been detected by the Java Runtime Environment:
#
#  EXCEPTION_ACCESS_VIOLATION (0xc0000005) at pc=0x00007ff84a7f588a, pid=1232, tid=13524
#
# JRE version: OpenJDK Runtime Environment (11.0.6+8) (build 11.0.6+8-b520.43)
# Java VM: OpenJDK 64-Bit Server VM (11.0.6+8-b520.43, mixed mode, tiered, compressed oops, g1 gc, windows-amd64)
# Problematic frame:
# C  [awt.dll+0x1588a]
#
# No core dump will be written. Minidumps are not enabled by default on client versions of Windows
#
# If you would like to submit a bug report, please visit:
#   http://bugreport.java.com/bugreport/crash.jsp
# The crash happened outside the Java Virtual Machine in native code.
# See problematic frame for where to report the bug.
#

---------------  S U M M A R Y ------------

Command Line: -Djava.library.path=C:\Users\user\Desktop\DDE -javaagent:C:\Program Files\JetBrains\IntelliJ IDEA 2019.3.2\lib\idea_rt.jar=58958:C:\Program Files\JetBrains\IntelliJ IDEA 2019.3.2\bin -Dfile.encoding=UTF-8 gui.mainWindow.MyMainWindow

Host: Intel(R) Core(TM) i7-8700K CPU @ 3.70GHz, 12 cores, 15G,  Windows 10 , 64 bit Build 18362 (10.0.18362.329)
Time: Thu Mar 26 18:55:06 2020 Jerusalem Standard Time elapsed time: 61 seconds (0d 0h 1m 1s)

---------------  T H R E A D  ---------------

Current thread (0x0000025ffe9e7000):  JavaThread "AWT-Windows" daemon [_thread_in_native, id=13524, stack(0x0000009dfe000000,0x0000009dfe100000)]

Stack: [0x0000009dfe000000,0x0000009dfe100000],  sp=0x0000009dfe0fe8f0,  free space=1018k
Native frames: (J=compiled Java code, j=interpreted, Vv=VM code, C=native code)
C  [awt.dll+0x1588a]

Java frames: (J=compiled Java code, j=interpreted, Vv=VM code)
j  sun.awt.windows.WToolkit.eventLoop()V+0 java.desktop@11.0.6
j  sun.awt.windows.WToolkit.run()V+50 java.desktop@11.0.6
j  java.lang.Thread.run()V+11 java.base@11.0.6
v  ~StubRoutines::call_stub

siginfo: EXCEPTION_ACCESS_VIOLATION (0xc0000005), reading address 0x0000025ffe89eb40


Register to memory mapping:

RIP=0x00007ff84a7f588a awt.dll
RAX=0x0000025ffe84da40 points into unknown readable memory: 01 00 00 00 dd 0a 00 0d
RBX=0x000000000000a220 is an unknown value
RCX=0x0000025ffe2fb868 points into unknown readable memory: ff ff ff ff ff ff ff ff
RDX=0x000000000000a220 is an unknown value
RSP=0x0000009dfe0fe8f0 is pointing into the stack for thread: 0x0000025ffe9e7000
RBP=0x0000009dfe0fe9f9 is pointing into the stack for thread: 0x0000025ffe9e7000
RSI=0x000000000000a220 is an unknown value
RDI=0x0000025ffe2fb860 points into unknown readable memory: 20 0d 8d 4a f8 7f 00 00
R8 =0x0 is NULL
R9 =0x0 is NULL
R10=0x00007ff84a8f07b8 awt.dll
R11=0x0000009dfe0feae8 is pointing into the stack for thread: 0x0000025ffe9e7000
R12=0x0000000000000001 is an unknown value
R13=0x0000000000122402 is an unknown value
R14=0x0000000000000111 is an unknown value
R15=0x000000000000010f is an unknown value


Registers:
RAX=0x0000025ffe84da40, RBX=0x000000000000a220, RCX=0x0000025ffe2fb868, RDX=0x000000000000a220
RSP=0x0000009dfe0fe8f0, RBP=0x0000009dfe0fe9f9, RSI=0x000000000000a220, RDI=0x0000025ffe2fb860
R8 =0x0000000000000000, R9 =0x0000000000000000, R10=0x00007ff84a8f07b8, R11=0x0000009dfe0feae8
R12=0x0000000000000001, R13=0x0000000000122402, R14=0x0000000000000111, R15=0x000000000000010f
RIP=0x00007ff84a7f588a, EFLAGS=0x0000000000010206

Top of Stack: (sp=0x0000009dfe0fe8f0)
0x0000009dfe0fe8f0:   0000000000000001 0000000000122402
0x0000009dfe0fe900:   0000025ffe9e7000 00007ff8360db47d
0x0000009dfe0fe910:   fffffffffffffffe 000000000000000a
0x0000009dfe0fe920:   0000025f813502c0 00007ff84a872ea6
0x0000009dfe0fe930:   0000000000000000 0000000000000000
0x0000009dfe0fe940:   0000009dfe0fec90 00007ff89b285ed0
0x0000009dfe0fe950:   0000000000000002 00007ff84a871e44
0x0000009dfe0fe960:   0000025f813502c0 0000009dfe0fe9f9
0x0000009dfe0fe970:   000000000000a220 00007ff865d23933
0x0000009dfe0fe980:   0000000000000000 0000000000000000
0x0000009dfe0fe990:   0000000000000001 0000000000000001
0x0000009dfe0fe9a0:   0000000000000000 0000002200000001
0x0000009dfe0fe9b0:   0000000000000000 0000000000000000
0x0000009dfe0fe9c0:   fffffffffffffffe 0000000080000022
0x0000009dfe0fe9d0:   0000000000000048 0000025ffe9e7340
0x0000009dfe0fe9e0:   0000025f81350360 fffffffffffffffe 

Instructions: (pc=0x00007ff84a7f588a)
0x00007ff84a7f578a:   20 0d 00 cc 83 7f 38 ff 0f 85 88 00 00 00 8b 5f
0x00007ff84a7f579a:   3c 44 8d 83 00 04 00 00 b8 00 80 00 00 44 3b c0
0x00007ff84a7f57aa:   44 0f 47 c0 44 89 47 3c 45 85 c0 74 24 41 8b c8
0x00007ff84a7f57ba:   33 d2 48 83 c8 ff 48 f7 f1 48 83 f8 08 73 12 48
0x00007ff84a7f57ca:   8d 15 28 4b 12 00 48 8d 4c 24 40 e8 b0 20 0d 00
0x00007ff84a7f57da:   cc 41 8b d0 48 c1 e2 03 48 8b 4f 30 e8 11 a4 0c
0x00007ff84a7f57ea:   00 48 89 47 30 48 8b cb 8b 47 3c ff c8 3b d8 73
0x00007ff84a7f57fa:   15 8d 51 01 48 8b 47 30 89 14 c8 8b ca 8b 47 3c
0x00007ff84a7f580a:   ff c8 3b d0 72 eb 8b 4f 3c ff c9 48 8b 47 30 83
0x00007ff84a7f581a:   0c c8 ff 89 5f 38 8b 5f 38 48 8b 57 30 8b 0c da
0x00007ff84a7f582a:   89 4f 38 48 89 34 da 48 8b 17 48 8b cf ff 52 10
0x00007ff84a7f583a:   90 8b c3 48 8b 5c 24 48 48 8b 74 24 58 48 83 c4
0x00007ff84a7f584a:   30 5f c3 cc cc cc 48 83 c1 08 48 ff 25 05 aa 0d
0x00007ff84a7f585a:   00 cc 48 83 c1 08 48 ff 25 f1 a9 0d 00 cc 40 57
0x00007ff84a7f586a:   48 83 ec 30 48 c7 44 24 20 fe ff ff ff 48 89 5c
0x00007ff84a7f587a:   24 40 8b da 48 8b f9 48 8b 01 ff 10 48 8b 47 30
0x00007ff84a7f588a:   81 3c d8 00 80 00 00 77 04 33 db eb 04 48 8b 1c
0x00007ff84a7f589a:   d8 48 8b 17 48 8b cf ff 52 10 90 48 8b c3 48 8b
0x00007ff84a7f58aa:   5c 24 40 48 83 c4 30 5f c3 cc 40 57 48 83 ec 30
0x00007ff84a7f58ba:   48 c7 44 24 20 fe ff ff ff 48 89 5c 24 40 8b da
0x00007ff84a7f58ca:   48 8b f9 48 8b 01 ff 10 4c 8b 47 30 8b 47 38 41
0x00007ff84a7f58da:   89 04 d8 89 5f 38 48 8b 07 48 8b cf ff 50 10 90
0x00007ff84a7f58ea:   48 8b 5c 24 40 48 83 c4 30 5f c3 cc cc cc 48 83
0x00007ff84a7f58fa:   c1 08 48 ff 25 4d a9 0d 00 cc 40 57 48 83 ec 30
0x00007ff84a7f590a:   48 c7 44 24 20 fe ff ff ff 48 89 5c 24 40 48 8b
0x00007ff84a7f591a:   d9 48 8b 01 ff 10 83 7b 38 ff 75 0e 81 7b 3c 00
0x00007ff84a7f592a:   80 00 00 75 05 40 32 ff eb 03 40 b7 01 48 8b 13
0x00007ff84a7f593a:   48 8b cb ff 52 10 90 40 8a c7 48 8b 5c 24 40 48
0x00007ff84a7f594a:   83 c4 30 5f c3 cc 83 21 00 48 8b c1 c3 cc 48 89
0x00007ff84a7f595a:   5c 24 08 48 89 74 24 10 57 48 83 ec 30 41 8b d9
0x00007ff84a7f596a:   49 8b f8 48 8b f2 ff 15 ca a7 0d 00 3c 05 72 0e
0x00007ff84a7f597a:   ff 15 c0 a7 0d 00 66 c1 e8 08 3c 01 73 0a ff 15 


Stack slot to memory mapping:
stack at sp + 0 slots: 0x0000000000000001 is an unknown value
stack at sp + 1 slots: 0x0000000000122402 is an unknown value
stack at sp + 2 slots: 0x0000025ffe9e7000 is a thread
stack at sp + 3 slots: 0x00007ff8360db47d jvm.dll
stack at sp + 4 slots: 0xfffffffffffffffe is an unknown value
stack at sp + 5 slots: 0x000000000000000a is an unknown value
stack at sp + 6 slots: 0x0000025f813502c0 points into unknown readable memory: b8 07 8f 4a f8 7f 00 00
stack at sp + 7 slots: 0x00007ff84a872ea6 awt.dll


---------------  P R O C E S S  ---------------

Threads class SMR info:
_java_thread_list=0x0000025ffe99d470, length=28, elements={
0x0000025ffe0c7000, 0x0000025ffe0cb800, 0x0000025ffe142800, 0x0000025ffe143800,
0x0000025ffe146000, 0x0000025ffe154000, 0x0000025ffe15a000, 0x0000025ffe0c0800,
0x0000025ffe753000, 0x0000025ffe9bd800, 0x0000025ffe9e7000, 0x0000025f814f2800,
0x0000025f81686000, 0x0000025f8113e000, 0x0000025fdddaa000, 0x0000025f82b19800,
0x0000025f81c10800, 0x0000025f81e75800, 0x0000025f81137000, 0x0000025f81137800,
0x0000025f8113b000, 0x0000025f8113b800, 0x0000025f8113a000, 0x0000025f81139800,
0x0000025f81136000, 0x0000025f81138800, 0x0000025f8113c800, 0x0000025ffebd5000
}

Java Threads: ( => current thread )
  0x0000025ffe0c7000 JavaThread "Reference Handler" daemon [_thread_blocked, id=4040, stack(0x0000009dfd200000,0x0000009dfd300000)]
  0x0000025ffe0cb800 JavaThread "Finalizer" daemon [_thread_blocked, id=15752, stack(0x0000009dfd300000,0x0000009dfd400000)]
  0x0000025ffe142800 JavaThread "Signal Dispatcher" daemon [_thread_blocked, id=7644, stack(0x0000009dfd400000,0x0000009dfd500000)]
  0x0000025ffe143800 JavaThread "Attach Listener" daemon [_thread_blocked, id=3360, stack(0x0000009dfd500000,0x0000009dfd600000)]
  0x0000025ffe146000 JavaThread "C2 CompilerThread0" daemon [_thread_blocked, id=13708, stack(0x0000009dfd600000,0x0000009dfd700000)]
  0x0000025ffe154000 JavaThread "C1 CompilerThread0" daemon [_thread_blocked, id=16476, stack(0x0000009dfd700000,0x0000009dfd800000)]
  0x0000025ffe15a000 JavaThread "Sweeper thread" daemon [_thread_blocked, id=16532, stack(0x0000009dfd800000,0x0000009dfd900000)]
  0x0000025ffe0c0800 JavaThread "Common-Cleaner" daemon [_thread_blocked, id=14588, stack(0x0000009dfd900000,0x0000009dfda00000)]
  0x0000025ffe753000 JavaThread "Service Thread" daemon [_thread_blocked, id=3424, stack(0x0000009dfdc00000,0x0000009dfdd00000)]
  0x0000025ffe9bd800 JavaThread "Java2D Disposer" daemon [_thread_blocked, id=15264, stack(0x0000009dfde00000,0x0000009dfdf00000)]
=>0x0000025ffe9e7000 JavaThread "AWT-Windows" daemon [_thread_in_native, id=13524, stack(0x0000009dfe000000,0x0000009dfe100000)]
  0x0000025f814f2800 JavaThread "Abandoned connection cleanup thread" daemon [_thread_blocked, id=916, stack(0x0000009dfe100000,0x0000009dfe200000)]
  0x0000025f81686000 JavaThread "AWT-Shutdown" [_thread_blocked, id=17036, stack(0x0000009dfdf00000,0x0000009dfe000000)]
  0x0000025f8113e000 JavaThread "AWT-EventQueue-0" [_thread_in_native, id=14884, stack(0x0000009dfeb00000,0x0000009dfec00000)]
  0x0000025fdddaa000 JavaThread "DestroyJavaVM" [_thread_blocked, id=15696, stack(0x0000009dfcb00000,0x0000009dfcc00000)]
  0x0000025f82b19800 JavaThread "TimerQueue" daemon [_thread_blocked, id=16496, stack(0x0000009dfda00000,0x0000009dfdb00000)]
  0x0000025f81c10800 JavaThread "Thread-0" daemon [_thread_in_native, id=6572, stack(0x0000009dfef00000,0x0000009dff000000)]
  0x0000025f81e75800 JavaThread "Thread-1" [_thread_blocked, id=16392, stack(0x0000009dff000000,0x0000009dff100000)]
  0x0000025f81137000 JavaThread "OkHttp ConnectionPool" daemon [_thread_blocked, id=17084, stack(0x0000009dff200000,0x0000009dff300000)]
  0x0000025f81137800 JavaThread "Okio Watchdog" daemon [_thread_blocked, id=6804, stack(0x0000009dff300000,0x0000009dff400000)]
  0x0000025f8113b000 JavaThread "Thread-2" [_thread_blocked, id=12380, stack(0x0000009dff400000,0x0000009dff500000)]
  0x0000025f8113b800 JavaThread "Thread-3" [_thread_blocked, id=14300, stack(0x0000009dff500000,0x0000009dff600000)]
  0x0000025f8113a000 JavaThread "Thread-4" [_thread_blocked, id=16716, stack(0x0000009dff600000,0x0000009dff700000)]
  0x0000025f81139800 JavaThread "Thread-5" [_thread_blocked, id=7760, stack(0x0000009dff700000,0x0000009dff800000)]
  0x0000025f81136000 JavaThread "Thread-6" [_thread_blocked, id=12432, stack(0x0000009dff800000,0x0000009dff900000)]
  0x0000025f81138800 JavaThread "Thread-7" [_thread_blocked, id=12636, stack(0x0000009dff900000,0x0000009dffa00000)]
  0x0000025f8113c800 JavaThread "Thread-8" [_thread_blocked, id=11348, stack(0x0000009dffa00000,0x0000009dffb00000)]
  0x0000025ffebd5000 JavaThread "Thread-9" [_thread_blocked, id=13588, stack(0x0000009dffb00000,0x0000009dffc00000)]

Other Threads:
  0x0000025ffd83e000 VMThread "VM Thread" [stack: 0x0000009dfd100000,0x0000009dfd200000] [id=16568]
  0x0000025ffe83c000 WatcherThread [stack: 0x0000009dfdd00000,0x0000009dfde00000] [id=15540]
  0x0000025fdddc2800 GCTaskThread "GC Thread#0" [stack: 0x0000009dfcc00000,0x0000009dfcd00000] [id=2740]
  0x0000025ffe9db000 GCTaskThread "GC Thread#1" [stack: 0x0000009dfe200000,0x0000009dfe300000] [id=16560]
  0x0000025f81734000 GCTaskThread "GC Thread#2" [stack: 0x0000009dfe300000,0x0000009dfe400000] [id=10848]
  0x0000025f815b5800 GCTaskThread "GC Thread#3" [stack: 0x0000009dfe400000,0x0000009dfe500000] [id=5968]
  0x0000025f81734800 GCTaskThread "GC Thread#4" [stack: 0x0000009dfe500000,0x0000009dfe600000] [id=14428]
  0x0000025f81735800 GCTaskThread "GC Thread#5" [stack: 0x0000009dfe600000,0x0000009dfe700000] [id=16148]
  0x0000025f81470800 GCTaskThread "GC Thread#6" [stack: 0x0000009dffc00000,0x0000009dffd00000] [id=6936]
  0x0000025f847da000 GCTaskThread "GC Thread#7" [stack: 0x0000009dffd00000,0x0000009dffe00000] [id=16924]
  0x0000025ffe55e000 GCTaskThread "GC Thread#8" [stack: 0x0000009dffe00000,0x0000009dfff00000] [id=14652]
  0x0000025f81a5f800 GCTaskThread "GC Thread#9" [stack: 0x0000009dfff00000,0x0000009e00000000] [id=15228]
  0x0000025fdde21000 ConcurrentGCThread "G1 Main Marker" [stack: 0x0000009dfcd00000,0x0000009dfce00000] [id=16776]
  0x0000025fdde22800 ConcurrentGCThread "G1 Conc#0" [stack: 0x0000009dfce00000,0x0000009dfcf00000] [id=14976]
  0x0000025f81709000 ConcurrentGCThread "G1 Conc#1" [stack: 0x0000009dfe900000,0x0000009dfea00000] [id=12780]
  0x0000025f81039800 ConcurrentGCThread "G1 Conc#2" [stack: 0x0000009dfea00000,0x0000009dfeb00000] [id=11364]
  0x0000025ffd724800 ConcurrentGCThread "G1 Refine#0" [stack: 0x0000009dfcf00000,0x0000009dfd000000] [id=16696]
  0x0000025ffe5e2800 ConcurrentGCThread "G1 Refine#1" [stack: 0x0000009dfe700000,0x0000009dfe800000] [id=12532]
  0x0000025f8107c800 ConcurrentGCThread "G1 Refine#2" [stack: 0x0000009dfe800000,0x0000009dfe900000] [id=7928]
  0x0000025ffd726800 ConcurrentGCThread "G1 Young RemSet Sampling" [stack: 0x0000009dfd000000,0x0000009dfd100000] [id=15504]

Threads with active compile tasks:

VM state:not at safepoint (normal execution)

VM Mutex/Monitor currently owned by a thread: None

Heap address: 0x0000000702000000, size: 4064 MB, Compressed Oops mode: Zero based, Oop shift amount: 3
Narrow klass base: 0x0000000800000000, Narrow klass shift: 0
Compressed class space size: 1073741824 Address: 0x0000000800000000

Heap:
 garbage-first heap   total 260096K, used 61740K [0x0000000702000000, 0x0000000800000000)
  region size 1024K, 32 young (32768K), 6 survivors (6144K)
 Metaspace       used 35663K, capacity 36235K, committed 36432K, reserved 1081344K
  class space    used 3822K, capacity 4084K, committed 4096K, reserved 1048576K
Heap Regions: E=young(eden), S=young(survivor), O=old, HS=humongous(starts), HC=humongous(continues), CS=collection set, F=free, A=archive, TAMS=top-at-mark-start (previous, next)
|   0|0x0000000702000000, 0x0000000702100000, 0x0000000702100000|100%|HS|  |TAMS 0x0000000702100000, 0x0000000702000000| Complete 
|   1|0x0000000702100000, 0x0000000702200000, 0x0000000702200000|100%| O|  |TAMS 0x0000000702200000, 0x0000000702100000| Untracked 
|   2|0x0000000702200000, 0x0000000702300000, 0x0000000702300000|100%| O|  |TAMS 0x0000000702300000, 0x0000000702200000| Untracked 
|   3|0x0000000702300000, 0x0000000702400000, 0x0000000702400000|100%| O|  |TAMS 0x0000000702400000, 0x0000000702300000| Untracked 
|   4|0x0000000702400000, 0x0000000702500000, 0x0000000702500000|100%| O|  |TAMS 0x0000000702500000, 0x0000000702400000| Untracked 
|   5|0x0000000702500000, 0x0000000702600000, 0x0000000702600000|100%| O|  |TAMS 0x0000000702600000, 0x0000000702500000| Untracked 
|   6|0x0000000702600000, 0x0000000702700000, 0x0000000702700000|100%| O|  |TAMS 0x0000000702700000, 0x0000000702600000| Untracked 
|   7|0x0000000702700000, 0x0000000702800000, 0x0000000702800000|100%| O|  |TAMS 0x0000000702800000, 0x0000000702700000| Untracked 
|   8|0x0000000702800000, 0x0000000702900000, 0x0000000702900000|100%| O|  |TAMS 0x0000000702900000, 0x0000000702800000| Untracked 
|   9|0x0000000702900000, 0x0000000702a00000, 0x0000000702a00000|100%| O|  |TAMS 0x0000000702a00000, 0x0000000702900000| Untracked 
|  10|0x0000000702a00000, 0x0000000702a1dc00, 0x0000000702b00000| 11%| O|  |TAMS 0x0000000702a1dc00, 0x0000000702a00000| Untracked 
|  11|0x0000000702b00000, 0x0000000702c00000, 0x0000000702c00000|100%|HS|  |TAMS 0x0000000702c00000, 0x0000000702b00000| Complete 
|  12|0x0000000702c00000, 0x0000000702d00000, 0x0000000702d00000|100%|HS|  |TAMS 0x0000000702d00000, 0x0000000702c00000| Complete 
|  13|0x0000000702d00000, 0x0000000702e00000, 0x0000000702e00000|100%|HC|  |TAMS 0x0000000702e00000, 0x0000000702d00000| Complete 
|  14|0x0000000702e00000, 0x0000000702f00000, 0x0000000702f00000|100%|HC|  |TAMS 0x0000000702f00000, 0x0000000702e00000| Complete 
|  15|0x0000000702f00000, 0x0000000703000000, 0x0000000703000000|100%|HS|  |TAMS 0x0000000703000000, 0x0000000702f00000| Complete 
|  16|0x0000000703000000, 0x0000000703100000, 0x0000000703100000|100%|HC|  |TAMS 0x0000000703100000, 0x0000000703000000| Complete 
|  17|0x0000000703100000, 0x0000000703200000, 0x0000000703200000|100%|HS|  |TAMS 0x0000000703200000, 0x0000000703100000| Complete 
|  18|0x0000000703200000, 0x0000000703300000, 0x0000000703300000|100%|HC|  |TAMS 0x0000000703300000, 0x0000000703200000| Complete 
|  19|0x0000000703300000, 0x0000000703400000, 0x0000000703400000|100%|HS|  |TAMS 0x0000000703300000, 0x0000000703300000| Complete 
|  20|0x0000000703400000, 0x0000000703500000, 0x0000000703500000|100%|HC|  |TAMS 0x0000000703400000, 0x0000000703400000| Complete 
|  21|0x0000000703500000, 0x0000000703600000, 0x0000000703600000|100%|HS|  |TAMS 0x0000000703500000, 0x0000000703500000| Complete 
|  22|0x0000000703600000, 0x0000000703700000, 0x0000000703700000|100%|HS|  |TAMS 0x0000000703600000, 0x0000000703600000| Complete 
|  23|0x0000000703700000, 0x0000000703800000, 0x0000000703800000|100%|HS|  |TAMS 0x0000000703700000, 0x0000000703700000| Complete 
|  24|0x0000000703800000, 0x0000000703900000, 0x0000000703900000|100%|HC|  |TAMS 0x0000000703800000, 0x0000000703800000| Complete 
|  25|0x0000000703900000, 0x0000000703a00000, 0x0000000703a00000|100%|HC|  |TAMS 0x0000000703900000, 0x0000000703900000| Complete 
|  26|0x0000000703a00000, 0x0000000703b00000, 0x0000000703b00000|100%|HC|  |TAMS 0x0000000703a00000, 0x0000000703a00000| Complete 
|  27|0x0000000703b00000, 0x0000000703c00000, 0x0000000703c00000|100%|HS|  |TAMS 0x0000000703b00000, 0x0000000703b00000| Complete 
|  28|0x0000000703c00000, 0x0000000703d00000, 0x0000000703d00000|100%|HC|  |TAMS 0x0000000703c00000, 0x0000000703c00000| Complete 
|  29|0x0000000703d00000, 0x0000000703e00000, 0x0000000703e00000|100%|HS|  |TAMS 0x0000000703d00000, 0x0000000703d00000| Complete 
|  30|0x0000000703e00000, 0x0000000703f00000, 0x0000000703f00000|100%|HC|  |TAMS 0x0000000703e00000, 0x0000000703e00000| Complete 
|  31|0x0000000703f00000, 0x0000000703f00000, 0x0000000704000000|  0%| F|  |TAMS 0x0000000703f00000, 0x0000000703f00000| Untracked 
|  32|0x0000000704000000, 0x0000000704000000, 0x0000000704100000|  0%| F|  |TAMS 0x0000000704000000, 0x0000000704000000| Untracked 
|  33|0x0000000704100000, 0x0000000704100000, 0x0000000704200000|  0%| F|  |TAMS 0x0000000704100000, 0x0000000704100000| Untracked 
|  34|0x0000000704200000, 0x0000000704200000, 0x0000000704300000|  0%| F|  |TAMS 0x0000000704200000, 0x0000000704200000| Untracked 
|  35|0x0000000704300000, 0x0000000704300000, 0x0000000704400000|  0%| F|  |TAMS 0x0000000704300000, 0x0000000704300000| Untracked 
|  36|0x0000000704400000, 0x0000000704400000, 0x0000000704500000|  0%| F|  |TAMS 0x0000000704400000, 0x0000000704400000| Untracked 
|  37|0x0000000704500000, 0x0000000704500000, 0x0000000704600000|  0%| F|  |TAMS 0x0000000704500000, 0x0000000704500000| Untracked 
|  38|0x0000000704600000, 0x0000000704600000, 0x0000000704700000|  0%| F|  |TAMS 0x0000000704600000, 0x0000000704600000| Untracked 
|  39|0x0000000704700000, 0x0000000704700000, 0x0000000704800000|  0%| F|  |TAMS 0x0000000704700000, 0x0000000704700000| Untracked 
|  40|0x0000000704800000, 0x0000000704800000, 0x0000000704900000|  0%| F|  |TAMS 0x0000000704800000, 0x0000000704800000| Untracked 
|  41|0x0000000704900000, 0x0000000704900000, 0x0000000704a00000|  0%| F|  |TAMS 0x0000000704900000, 0x0000000704900000| Untracked 
|  42|0x0000000704a00000, 0x0000000704a00000, 0x0000000704b00000|  0%| F|  |TAMS 0x0000000704a00000, 0x0000000704a00000| Untracked 
|  43|0x0000000704b00000, 0x0000000704b00000, 0x0000000704c00000|  0%| F|  |TAMS 0x0000000704b00000, 0x0000000704b00000| Untracked 
|  44|0x0000000704c00000, 0x0000000704c00000, 0x0000000704d00000|  0%| F|  |TAMS 0x0000000704c00000, 0x0000000704c00000| Untracked 
|  45|0x0000000704d00000, 0x0000000704d00000, 0x0000000704e00000|  0%| F|  |TAMS 0x0000000704d00000, 0x0000000704d00000| Untracked 
|  46|0x0000000704e00000, 0x0000000704e00000, 0x0000000704f00000|  0%| F|  |TAMS 0x0000000704e00000, 0x0000000704e00000| Untracked 
|  47|0x0000000704f00000, 0x0000000704f00000, 0x0000000705000000|  0%| F|  |TAMS 0x0000000704f00000, 0x0000000704f00000| Untracked 
|  48|0x0000000705000000, 0x0000000705000000, 0x0000000705100000|  0%| F|  |TAMS 0x0000000705000000, 0x0000000705000000| Untracked 
|  49|0x0000000705100000, 0x0000000705100000, 0x0000000705200000|  0%| F|  |TAMS 0x0000000705100000, 0x0000000705100000| Untracked 
|  50|0x0000000705200000, 0x0000000705200000, 0x0000000705300000|  0%| F|  |TAMS 0x0000000705200000, 0x0000000705200000| Untracked 
|  51|0x0000000705300000, 0x0000000705300000, 0x0000000705400000|  0%| F|  |TAMS 0x0000000705300000, 0x0000000705300000| Untracked 
|  52|0x0000000705400000, 0x0000000705400000, 0x0000000705500000|  0%| F|  |TAMS 0x0000000705400000, 0x0000000705400000| Untracked 
|  53|0x0000000705500000, 0x0000000705500000, 0x0000000705600000|  0%| F|  |TAMS 0x0000000705500000, 0x0000000705500000| Untracked 
|  54|0x0000000705600000, 0x0000000705600000, 0x0000000705700000|  0%| F|  |TAMS 0x0000000705600000, 0x0000000705600000| Untracked 
|  55|0x0000000705700000, 0x0000000705700000, 0x0000000705800000|  0%| F|  |TAMS 0x0000000705700000, 0x0000000705700000| Untracked 
|  56|0x0000000705800000, 0x0000000705800000, 0x0000000705900000|  0%| F|  |TAMS 0x0000000705800000, 0x0000000705800000| Untracked 
|  57|0x0000000705900000, 0x0000000705900000, 0x0000000705a00000|  0%| F|  |TAMS 0x0000000705900000, 0x0000000705900000| Untracked 
|  58|0x0000000705a00000, 0x0000000705a00000, 0x0000000705b00000|  0%| F|  |TAMS 0x0000000705a00000, 0x0000000705a00000| Untracked 
|  59|0x0000000705b00000, 0x0000000705b00000, 0x0000000705c00000|  0%| F|  |TAMS 0x0000000705b00000, 0x0000000705b00000| Untracked 
|  60|0x0000000705c00000, 0x0000000705c00000, 0x0000000705d00000|  0%| F|  |TAMS 0x0000000705c00000, 0x0000000705c00000| Untracked 
|  61|0x0000000705d00000, 0x0000000705d00000, 0x0000000705e00000|  0%| F|  |TAMS 0x0000000705d00000, 0x0000000705d00000| Untracked 
|  62|0x0000000705e00000, 0x0000000705e00000, 0x0000000705f00000|  0%| F|  |TAMS 0x0000000705e00000, 0x0000000705e00000| Untracked 
|  63|0x0000000705f00000, 0x0000000705f00000, 0x0000000706000000|  0%| F|  |TAMS 0x0000000705f00000, 0x0000000705f00000| Untracked 
|  64|0x0000000706000000, 0x0000000706000000, 0x0000000706100000|  0%| F|  |TAMS 0x0000000706000000, 0x0000000706000000| Untracked 
|  65|0x0000000706100000, 0x0000000706100000, 0x0000000706200000|  0%| F|  |TAMS 0x0000000706100000, 0x0000000706100000| Untracked 
|  66|0x0000000706200000, 0x0000000706200000, 0x0000000706300000|  0%| F|  |TAMS 0x0000000706200000, 0x0000000706200000| Untracked 
|  67|0x0000000706300000, 0x0000000706300000, 0x0000000706400000|  0%| F|  |TAMS 0x0000000706300000, 0x0000000706300000| Untracked 
|  68|0x0000000706400000, 0x0000000706400000, 0x0000000706500000|  0%| F|  |TAMS 0x0000000706400000, 0x0000000706400000| Untracked 
|  69|0x0000000706500000, 0x0000000706500000, 0x0000000706600000|  0%| F|  |TAMS 0x0000000706500000, 0x0000000706500000| Untracked 
|  70|0x0000000706600000, 0x0000000706600000, 0x0000000706700000|  0%| F|  |TAMS 0x0000000706600000, 0x0000000706600000| Untracked 
|  71|0x0000000706700000, 0x0000000706700000, 0x0000000706800000|  0%| F|  |TAMS 0x0000000706700000, 0x0000000706700000| Untracked 
|  72|0x0000000706800000, 0x0000000706800000, 0x0000000706900000|  0%| F|  |TAMS 0x0000000706800000, 0x0000000706800000| Untracked 
|  73|0x0000000706900000, 0x0000000706900000, 0x0000000706a00000|  0%| F|  |TAMS 0x0000000706900000, 0x0000000706900000| Untracked 
|  74|0x0000000706a00000, 0x0000000706a00000, 0x0000000706b00000|  0%| F|  |TAMS 0x0000000706a00000, 0x0000000706a00000| Untracked 
|  75|0x0000000706b00000, 0x0000000706b00000, 0x0000000706c00000|  0%| F|  |TAMS 0x0000000706b00000, 0x0000000706b00000| Untracked 
|  76|0x0000000706c00000, 0x0000000706c00000, 0x0000000706d00000|  0%| F|  |TAMS 0x0000000706c00000, 0x0000000706c00000| Untracked 
|  77|0x0000000706d00000, 0x0000000706d00000, 0x0000000706e00000|  0%| F|  |TAMS 0x0000000706d00000, 0x0000000706d00000| Untracked 
|  78|0x0000000706e00000, 0x0000000706e00000, 0x0000000706f00000|  0%| F|  |TAMS 0x0000000706e00000, 0x0000000706e00000| Untracked 
|  79|0x0000000706f00000, 0x0000000706f00000, 0x0000000707000000|  0%| F|  |TAMS 0x0000000706f00000, 0x0000000706f00000| Untracked 
|  80|0x0000000707000000, 0x0000000707000000, 0x0000000707100000|  0%| F|  |TAMS 0x0000000707000000, 0x0000000707000000| Untracked 
|  81|0x0000000707100000, 0x0000000707100000, 0x0000000707200000|  0%| F|  |TAMS 0x0000000707100000, 0x0000000707100000| Untracked 
|  82|0x0000000707200000, 0x0000000707200000, 0x0000000707300000|  0%| F|  |TAMS 0x0000000707200000, 0x0000000707200000| Untracked 
|  83|0x0000000707300000, 0x0000000707300000, 0x0000000707400000|  0%| F|  |TAMS 0x0000000707300000, 0x0000000707300000| Untracked 
|  84|0x0000000707400000, 0x0000000707400000, 0x0000000707500000|  0%| F|  |TAMS 0x0000000707400000, 0x0000000707400000| Untracked 
|  85|0x0000000707500000, 0x0000000707500000, 0x0000000707600000|  0%| F|  |TAMS 0x0000000707500000, 0x0000000707500000| Untracked 
|  86|0x0000000707600000, 0x0000000707600000, 0x0000000707700000|  0%| F|  |TAMS 0x0000000707600000, 0x0000000707600000| Untracked 
|  87|0x0000000707700000, 0x0000000707700000, 0x0000000707800000|  0%| F|  |TAMS 0x0000000707700000, 0x0000000707700000| Untracked 
|  88|0x0000000707800000, 0x0000000707800000, 0x0000000707900000|  0%| F|  |TAMS 0x0000000707800000, 0x0000000707800000| Untracked 
|  89|0x0000000707900000, 0x0000000707900000, 0x0000000707a00000|  0%| F|  |TAMS 0x0000000707900000, 0x0000000707900000| Untracked 
|  90|0x0000000707a00000, 0x0000000707a00000, 0x0000000707b00000|  0%| F|  |TAMS 0x0000000707a00000, 0x0000000707a00000| Untracked 
|  91|0x0000000707b00000, 0x0000000707b00000, 0x0000000707c00000|  0%| F|  |TAMS 0x0000000707b00000, 0x0000000707b00000| Untracked 
|  92|0x0000000707c00000, 0x0000000707c00000, 0x0000000707d00000|  0%| F|  |TAMS 0x0000000707c00000, 0x0000000707c00000| Untracked 
|  93|0x0000000707d00000, 0x0000000707d00000, 0x0000000707e00000|  0%| F|  |TAMS 0x0000000707d00000, 0x0000000707d00000| Untracked 
|  94|0x0000000707e00000, 0x0000000707e00000, 0x0000000707f00000|  0%| F|  |TAMS 0x0000000707e00000, 0x0000000707e00000| Untracked 
|  95|0x0000000707f00000, 0x0000000707f00000, 0x0000000708000000|  0%| F|  |TAMS 0x0000000707f00000, 0x0000000707f00000| Untracked 
|  96|0x0000000708000000, 0x0000000708000000, 0x0000000708100000|  0%| F|  |TAMS 0x0000000708000000, 0x0000000708000000| Untracked 
|  97|0x0000000708100000, 0x0000000708100000, 0x0000000708200000|  0%| F|  |TAMS 0x0000000708100000, 0x0000000708100000| Untracked 
|  98|0x0000000708200000, 0x0000000708200000, 0x0000000708300000|  0%| F|  |TAMS 0x0000000708200000, 0x0000000708200000| Untracked 
|  99|0x0000000708300000, 0x0000000708300000, 0x0000000708400000|  0%| F|  |TAMS 0x0000000708300000, 0x0000000708300000| Untracked 
| 100|0x0000000708400000, 0x0000000708400000, 0x0000000708500000|  0%| F|  |TAMS 0x0000000708400000, 0x0000000708400000| Untracked 
| 101|0x0000000708500000, 0x0000000708500000, 0x0000000708600000|  0%| F|  |TAMS 0x0000000708500000, 0x0000000708500000| Untracked 
| 102|0x0000000708600000, 0x0000000708600000, 0x0000000708700000|  0%| F|  |TAMS 0x0000000708600000, 0x0000000708600000| Untracked 
| 103|0x0000000708700000, 0x0000000708700000, 0x0000000708800000|  0%| F|  |TAMS 0x0000000708700000, 0x0000000708700000| Untracked 
| 104|0x0000000708800000, 0x0000000708800000, 0x0000000708900000|  0%| F|  |TAMS 0x0000000708800000, 0x0000000708800000| Untracked 
| 105|0x0000000708900000, 0x0000000708900000, 0x0000000708a00000|  0%| F|  |TAMS 0x0000000708900000, 0x0000000708900000| Untracked 
| 106|0x0000000708a00000, 0x0000000708a00000, 0x0000000708b00000|  0%| F|  |TAMS 0x0000000708a00000, 0x0000000708a00000| Untracked 
| 107|0x0000000708b00000, 0x0000000708b00000, 0x0000000708c00000|  0%| F|  |TAMS 0x0000000708b00000, 0x0000000708b00000| Untracked 
| 108|0x0000000708c00000, 0x0000000708c00000, 0x0000000708d00000|  0%| F|  |TAMS 0x0000000708c00000, 0x0000000708c00000| Untracked 
| 109|0x0000000708d00000, 0x0000000708d00000, 0x0000000708e00000|  0%| F|  |TAMS 0x0000000708d00000, 0x0000000708d00000| Untracked 
| 110|0x0000000708e00000, 0x0000000708e00000, 0x0000000708f00000|  0%| F|  |TAMS 0x0000000708e00000, 0x0000000708e00000| Untracked 
| 111|0x0000000708f00000, 0x0000000708f00000, 0x0000000709000000|  0%| F|  |TAMS 0x0000000708f00000, 0x0000000708f00000| Untracked 
| 112|0x0000000709000000, 0x0000000709000000, 0x0000000709100000|  0%| F|  |TAMS 0x0000000709000000, 0x0000000709000000| Untracked 
| 113|0x0000000709100000, 0x0000000709100000, 0x0000000709200000|  0%| F|  |TAMS 0x0000000709100000, 0x0000000709100000| Untracked 
| 114|0x0000000709200000, 0x0000000709200000, 0x0000000709300000|  0%| F|  |TAMS 0x0000000709200000, 0x0000000709200000| Untracked 
| 115|0x0000000709300000, 0x0000000709300000, 0x0000000709400000|  0%| F|  |TAMS 0x0000000709300000, 0x0000000709300000| Untracked 
| 116|0x0000000709400000, 0x0000000709400000, 0x0000000709500000|  0%| F|  |TAMS 0x0000000709400000, 0x0000000709400000| Untracked 
| 117|0x0000000709500000, 0x0000000709500000, 0x0000000709600000|  0%| F|  |TAMS 0x0000000709500000, 0x0000000709500000| Untracked 
| 118|0x0000000709600000, 0x0000000709600000, 0x0000000709700000|  0%| F|  |TAMS 0x0000000709600000, 0x0000000709600000| Untracked 
| 119|0x0000000709700000, 0x0000000709700000, 0x0000000709800000|  0%| F|  |TAMS 0x0000000709700000, 0x0000000709700000| Untracked 
| 120|0x0000000709800000, 0x0000000709800000, 0x0000000709900000|  0%| F|  |TAMS 0x0000000709800000, 0x0000000709800000| Untracked 
| 121|0x0000000709900000, 0x0000000709900000, 0x0000000709a00000|  0%| F|  |TAMS 0x0000000709900000, 0x0000000709900000| Untracked 
| 122|0x0000000709a00000, 0x0000000709a00000, 0x0000000709b00000|  0%| F|  |TAMS 0x0000000709a00000, 0x0000000709a00000| Untracked 
| 123|0x0000000709b00000, 0x0000000709b00000, 0x0000000709c00000|  0%| F|  |TAMS 0x0000000709b00000, 0x0000000709b00000| Untracked 
| 124|0x0000000709c00000, 0x0000000709c00000, 0x0000000709d00000|  0%| F|  |TAMS 0x0000000709c00000, 0x0000000709c00000| Untracked 
| 125|0x0000000709d00000, 0x0000000709d00000, 0x0000000709e00000|  0%| F|  |TAMS 0x0000000709d00000, 0x0000000709d00000| Untracked 
| 126|0x0000000709e00000, 0x0000000709e00000, 0x0000000709f00000|  0%| F|  |TAMS 0x0000000709e00000, 0x0000000709e00000| Untracked 
| 127|0x0000000709f00000, 0x0000000709f00000, 0x000000070a000000|  0%| F|  |TAMS 0x0000000709f00000, 0x0000000709f00000| Untracked 
| 128|0x000000070a000000, 0x000000070a000000, 0x000000070a100000|  0%| F|  |TAMS 0x000000070a000000, 0x000000070a000000| Untracked 
| 129|0x000000070a100000, 0x000000070a100000, 0x000000070a200000|  0%| F|  |TAMS 0x000000070a100000, 0x000000070a100000| Untracked 
| 130|0x000000070a200000, 0x000000070a200000, 0x000000070a300000|  0%| F|  |TAMS 0x000000070a200000, 0x000000070a200000| Untracked 
| 131|0x000000070a300000, 0x000000070a300000, 0x000000070a400000|  0%| F|  |TAMS 0x000000070a300000, 0x000000070a300000| Untracked 
| 132|0x000000070a400000, 0x000000070a400000, 0x000000070a500000|  0%| F|  |TAMS 0x000000070a400000, 0x000000070a400000| Untracked 
| 133|0x000000070a500000, 0x000000070a500000, 0x000000070a600000|  0%| F|  |TAMS 0x000000070a500000, 0x000000070a500000| Untracked 
| 134|0x000000070a600000, 0x000000070a600000, 0x000000070a700000|  0%| F|  |TAMS 0x000000070a600000, 0x000000070a600000| Untracked 
| 135|0x000000070a700000, 0x000000070a700000, 0x000000070a800000|  0%| F|  |TAMS 0x000000070a700000, 0x000000070a700000| Untracked 
| 136|0x000000070a800000, 0x000000070a800000, 0x000000070a900000|  0%| F|  |TAMS 0x000000070a800000, 0x000000070a800000| Untracked 
| 137|0x000000070a900000, 0x000000070a900000, 0x000000070aa00000|  0%| F|  |TAMS 0x000000070a900000, 0x000000070a900000| Untracked 
| 138|0x000000070aa00000, 0x000000070aa00000, 0x000000070ab00000|  0%| F|  |TAMS 0x000000070aa00000, 0x000000070aa00000| Untracked 
| 139|0x000000070ab00000, 0x000000070ab00000, 0x000000070ac00000|  0%| F|  |TAMS 0x000000070ab00000, 0x000000070ab00000| Untracked 
| 140|0x000000070ac00000, 0x000000070ac00000, 0x000000070ad00000|  0%| F|  |TAMS 0x000000070ac00000, 0x000000070ac00000| Untracked 
| 141|0x000000070ad00000, 0x000000070ad00000, 0x000000070ae00000|  0%| F|  |TAMS 0x000000070ad00000, 0x000000070ad00000| Untracked 
| 142|0x000000070ae00000, 0x000000070ae00000, 0x000000070af00000|  0%| F|  |TAMS 0x000000070ae00000, 0x000000070ae00000| Untracked 
| 143|0x000000070af00000, 0x000000070af00000, 0x000000070b000000|  0%| F|  |TAMS 0x000000070af00000, 0x000000070af00000| Untracked 
| 144|0x000000070b000000, 0x000000070b000000, 0x000000070b100000|  0%| F|  |TAMS 0x000000070b000000, 0x000000070b000000| Untracked 
| 145|0x000000070b100000, 0x000000070b100000, 0x000000070b200000|  0%| F|  |TAMS 0x000000070b100000, 0x000000070b100000| Untracked 
| 146|0x000000070b200000, 0x000000070b200000, 0x000000070b300000|  0%| F|  |TAMS 0x000000070b200000, 0x000000070b200000| Untracked 
| 147|0x000000070b300000, 0x000000070b300000, 0x000000070b400000|  0%| F|  |TAMS 0x000000070b300000, 0x000000070b300000| Untracked 
| 148|0x000000070b400000, 0x000000070b400000, 0x000000070b500000|  0%| F|  |TAMS 0x000000070b400000, 0x000000070b400000| Untracked 
| 149|0x000000070b500000, 0x000000070b500000, 0x000000070b600000|  0%| F|  |TAMS 0x000000070b500000, 0x000000070b500000| Untracked 
| 150|0x000000070b600000, 0x000000070b600000, 0x000000070b700000|  0%| F|  |TAMS 0x000000070b600000, 0x000000070b600000| Untracked 
| 151|0x000000070b700000, 0x000000070b700000, 0x000000070b800000|  0%| F|  |TAMS 0x000000070b700000, 0x000000070b700000| Untracked 
| 152|0x000000070b800000, 0x000000070b800000, 0x000000070b900000|  0%| F|  |TAMS 0x000000070b800000, 0x000000070b800000| Untracked 
| 153|0x000000070b900000, 0x000000070b900000, 0x000000070ba00000|  0%| F|  |TAMS 0x000000070b900000, 0x000000070b900000| Untracked 
| 154|0x000000070ba00000, 0x000000070ba00000, 0x000000070bb00000|  0%| F|  |TAMS 0x000000070ba00000, 0x000000070ba00000| Untracked 
| 155|0x000000070bb00000, 0x000000070bb00000, 0x000000070bc00000|  0%| F|  |TAMS 0x000000070bb00000, 0x000000070bb00000| Untracked 
| 156|0x000000070bc00000, 0x000000070bc00000, 0x000000070bd00000|  0%| F|  |TAMS 0x000000070bc00000, 0x000000070bc00000| Untracked 
| 157|0x000000070bd00000, 0x000000070bd00000, 0x000000070be00000|  0%| F|  |TAMS 0x000000070bd00000, 0x000000070bd00000| Untracked 
| 158|0x000000070be00000, 0x000000070be00000, 0x000000070bf00000|  0%| F|  |TAMS 0x000000070be00000, 0x000000070be00000| Untracked 
| 159|0x000000070bf00000, 0x000000070bf00000, 0x000000070c000000|  0%| F|  |TAMS 0x000000070bf00000, 0x000000070bf00000| Untracked 
| 160|0x000000070c000000, 0x000000070c000000, 0x000000070c100000|  0%| F|  |TAMS 0x000000070c000000, 0x000000070c000000| Untracked 
| 161|0x000000070c100000, 0x000000070c100000, 0x000000070c200000|  0%| F|  |TAMS 0x000000070c100000, 0x000000070c100000| Untracked 
| 162|0x000000070c200000, 0x000000070c200000, 0x000000070c300000|  0%| F|  |TAMS 0x000000070c200000, 0x000000070c200000| Untracked 
| 163|0x000000070c300000, 0x000000070c300000, 0x000000070c400000|  0%| F|  |TAMS 0x000000070c300000, 0x000000070c300000| Untracked 
| 164|0x000000070c400000, 0x000000070c400000, 0x000000070c500000|  0%| F|  |TAMS 0x000000070c400000, 0x000000070c400000| Untracked 
| 165|0x000000070c500000, 0x000000070c500000, 0x000000070c600000|  0%| F|  |TAMS 0x000000070c500000, 0x000000070c500000| Untracked 
| 166|0x000000070c600000, 0x000000070c600000, 0x000000070c700000|  0%| F|  |TAMS 0x000000070c600000, 0x000000070c600000| Untracked 
| 167|0x000000070c700000, 0x000000070c700000, 0x000000070c800000|  0%| F|  |TAMS 0x000000070c700000, 0x000000070c700000| Untracked 
| 168|0x000000070c800000, 0x000000070c800000, 0x000000070c900000|  0%| F|  |TAMS 0x000000070c800000, 0x000000070c800000| Untracked 
| 169|0x000000070c900000, 0x000000070c900000, 0x000000070ca00000|  0%| F|  |TAMS 0x000000070c900000, 0x000000070c900000| Untracked 
| 170|0x000000070ca00000, 0x000000070ca00000, 0x000000070cb00000|  0%| F|  |TAMS 0x000000070ca00000, 0x000000070ca00000| Untracked 
| 171|0x000000070cb00000, 0x000000070cb00000, 0x000000070cc00000|  0%| F|  |TAMS 0x000000070cb00000, 0x000000070cb00000| Untracked 
| 172|0x000000070cc00000, 0x000000070cc00000, 0x000000070cd00000|  0%| F|  |TAMS 0x000000070cc00000, 0x000000070cc00000| Untracked 
| 173|0x000000070cd00000, 0x000000070cd00000, 0x000000070ce00000|  0%| F|  |TAMS 0x000000070cd00000, 0x000000070cd00000| Untracked 
| 174|0x000000070ce00000, 0x000000070ce00000, 0x000000070cf00000|  0%| F|  |TAMS 0x000000070ce00000, 0x000000070ce00000| Untracked 
| 175|0x000000070cf00000, 0x000000070cf00000, 0x000000070d000000|  0%| F|  |TAMS 0x000000070cf00000, 0x000000070cf00000| Untracked 
| 176|0x000000070d000000, 0x000000070d000000, 0x000000070d100000|  0%| F|  |TAMS 0x000000070d000000, 0x000000070d000000| Untracked 
| 177|0x000000070d100000, 0x000000070d100000, 0x000000070d200000|  0%| F|  |TAMS 0x000000070d100000, 0x000000070d100000| Untracked 
| 178|0x000000070d200000, 0x000000070d200000, 0x000000070d300000|  0%| F|  |TAMS 0x000000070d200000, 0x000000070d200000| Untracked 
| 179|0x000000070d300000, 0x000000070d300000, 0x000000070d400000|  0%| F|  |TAMS 0x000000070d300000, 0x000000070d300000| Untracked 
| 180|0x000000070d400000, 0x000000070d400000, 0x000000070d500000|  0%| F|  |TAMS 0x000000070d400000, 0x000000070d400000| Untracked 
| 181|0x000000070d500000, 0x000000070d500000, 0x000000070d600000|  0%| F|  |TAMS 0x000000070d500000, 0x000000070d500000| Untracked 
| 182|0x000000070d600000, 0x000000070d600000, 0x000000070d700000|  0%| F|  |TAMS 0x000000070d600000, 0x000000070d600000| Untracked 
| 183|0x000000070d700000, 0x000000070d700000, 0x000000070d800000|  0%| F|  |TAMS 0x000000070d700000, 0x000000070d700000| Untracked 
| 184|0x000000070d800000, 0x000000070d800000, 0x000000070d900000|  0%| F|  |TAMS 0x000000070d800000, 0x000000070d800000| Untracked 
| 185|0x000000070d900000, 0x000000070d900000, 0x000000070da00000|  0%| F|  |TAMS 0x000000070d900000, 0x000000070d900000| Untracked 
| 186|0x000000070da00000, 0x000000070da00000, 0x000000070db00000|  0%| F|  |TAMS 0x000000070da00000, 0x000000070da00000| Untracked 
| 187|0x000000070db00000, 0x000000070db00000, 0x000000070dc00000|  0%| F|  |TAMS 0x000000070db00000, 0x000000070db00000| Untracked 
| 188|0x000000070dc00000, 0x000000070dc00000, 0x000000070dd00000|  0%| F|  |TAMS 0x000000070dc00000, 0x000000070dc00000| Untracked 
| 189|0x000000070dd00000, 0x000000070dd2d7b8, 0x000000070de00000| 17%| S|CS|TAMS 0x000000070dd00000, 0x000000070dd00000| Complete 
| 190|0x000000070de00000, 0x000000070df00000, 0x000000070df00000|100%| S|CS|TAMS 0x000000070de00000, 0x000000070de00000| Complete 
| 191|0x000000070df00000, 0x000000070e000000, 0x000000070e000000|100%| S|CS|TAMS 0x000000070df00000, 0x000000070df00000| Complete 
| 192|0x000000070e000000, 0x000000070e100000, 0x000000070e100000|100%| S|CS|TAMS 0x000000070e000000, 0x000000070e000000| Complete 
| 193|0x000000070e100000, 0x000000070e200000, 0x000000070e200000|100%| S|CS|TAMS 0x000000070e100000, 0x000000070e100000| Complete 
| 194|0x000000070e200000, 0x000000070e300000, 0x000000070e300000|100%| S|CS|TAMS 0x000000070e200000, 0x000000070e200000| Complete 
| 195|0x000000070e300000, 0x000000070e300000, 0x000000070e400000|  0%| F|  |TAMS 0x000000070e300000, 0x000000070e300000| Untracked 
| 196|0x000000070e400000, 0x000000070e400000, 0x000000070e500000|  0%| F|  |TAMS 0x000000070e400000, 0x000000070e400000| Untracked 
| 197|0x000000070e500000, 0x000000070e500000, 0x000000070e600000|  0%| F|  |TAMS 0x000000070e500000, 0x000000070e500000| Untracked 
| 198|0x000000070e600000, 0x000000070e600000, 0x000000070e700000|  0%| F|  |TAMS 0x000000070e600000, 0x000000070e600000| Untracked 
| 199|0x000000070e700000, 0x000000070e700000, 0x000000070e800000|  0%| F|  |TAMS 0x000000070e700000, 0x000000070e700000| Untracked 
| 200|0x000000070e800000, 0x000000070e800000, 0x000000070e900000|  0%| F|  |TAMS 0x000000070e800000, 0x000000070e800000| Untracked 
| 201|0x000000070e900000, 0x000000070e900000, 0x000000070ea00000|  0%| F|  |TAMS 0x000000070e900000, 0x000000070e900000| Untracked 
| 202|0x000000070ea00000, 0x000000070ea00000, 0x000000070eb00000|  0%| F|  |TAMS 0x000000070ea00000, 0x000000070ea00000| Untracked 
| 203|0x000000070eb00000, 0x000000070eb00000, 0x000000070ec00000|  0%| F|  |TAMS 0x000000070eb00000, 0x000000070eb00000| Untracked 
| 204|0x000000070ec00000, 0x000000070ec00000, 0x000000070ed00000|  0%| F|  |TAMS 0x000000070ec00000, 0x000000070ec00000| Untracked 
| 205|0x000000070ed00000, 0x000000070ed00000, 0x000000070ee00000|  0%| F|  |TAMS 0x000000070ed00000, 0x000000070ed00000| Untracked 
| 206|0x000000070ee00000, 0x000000070ee00000, 0x000000070ef00000|  0%| F|  |TAMS 0x000000070ee00000, 0x000000070ee00000| Untracked 
| 207|0x000000070ef00000, 0x000000070ef00000, 0x000000070f000000|  0%| F|  |TAMS 0x000000070ef00000, 0x000000070ef00000| Untracked 
| 208|0x000000070f000000, 0x000000070f000000, 0x000000070f100000|  0%| F|  |TAMS 0x000000070f000000, 0x000000070f000000| Untracked 
| 209|0x000000070f100000, 0x000000070f100000, 0x000000070f200000|  0%| F|  |TAMS 0x000000070f100000, 0x000000070f100000| Untracked 
| 210|0x000000070f200000, 0x000000070f200000, 0x000000070f300000|  0%| F|  |TAMS 0x000000070f200000, 0x000000070f200000| Untracked 
| 211|0x000000070f300000, 0x000000070f300000, 0x000000070f400000|  0%| F|  |TAMS 0x000000070f300000, 0x000000070f300000| Untracked 
| 212|0x000000070f400000, 0x000000070f400000, 0x000000070f500000|  0%| F|  |TAMS 0x000000070f400000, 0x000000070f400000| Untracked 
| 213|0x000000070f500000, 0x000000070f500000, 0x000000070f600000|  0%| F|  |TAMS 0x000000070f500000, 0x000000070f500000| Untracked 
| 214|0x000000070f600000, 0x000000070f600000, 0x000000070f700000|  0%| F|  |TAMS 0x000000070f600000, 0x000000070f600000| Untracked 
| 215|0x000000070f700000, 0x000000070f700000, 0x000000070f800000|  0%| F|  |TAMS 0x000000070f700000, 0x000000070f700000| Untracked 
| 216|0x000000070f800000, 0x000000070f800000, 0x000000070f900000|  0%| F|  |TAMS 0x000000070f800000, 0x000000070f800000| Untracked 
| 217|0x000000070f900000, 0x000000070f900000, 0x000000070fa00000|  0%| F|  |TAMS 0x000000070f900000, 0x000000070f900000| Untracked 
| 218|0x000000070fa00000, 0x000000070fa00000, 0x000000070fb00000|  0%| F|  |TAMS 0x000000070fa00000, 0x000000070fa00000| Untracked 
| 219|0x000000070fb00000, 0x000000070fb00000, 0x000000070fc00000|  0%| F|  |TAMS 0x000000070fb00000, 0x000000070fb00000| Untracked 
| 220|0x000000070fc00000, 0x000000070fc00000, 0x000000070fd00000|  0%| F|  |TAMS 0x000000070fc00000, 0x000000070fc00000| Untracked 
| 221|0x000000070fd00000, 0x000000070fd00000, 0x000000070fe00000|  0%| F|  |TAMS 0x000000070fd00000, 0x000000070fd00000| Untracked 
| 222|0x000000070fe00000, 0x000000070fe00000, 0x000000070ff00000|  0%| F|  |TAMS 0x000000070fe00000, 0x000000070fe00000| Untracked 
| 223|0x000000070ff00000, 0x000000070ff00000, 0x0000000710000000|  0%| F|  |TAMS 0x000000070ff00000, 0x000000070ff00000| Untracked 
| 224|0x0000000710000000, 0x0000000710000000, 0x0000000710100000|  0%| F|  |TAMS 0x0000000710000000, 0x0000000710000000| Untracked 
| 225|0x0000000710100000, 0x0000000710100000, 0x0000000710200000|  0%| F|  |TAMS 0x0000000710100000, 0x0000000710100000| Untracked 
| 226|0x0000000710200000, 0x0000000710200000, 0x0000000710300000|  0%| F|  |TAMS 0x0000000710200000, 0x0000000710200000| Untracked 
| 227|0x0000000710300000, 0x0000000710300000, 0x0000000710400000|  0%| F|  |TAMS 0x0000000710300000, 0x0000000710300000| Untracked 
| 228|0x0000000710400000, 0x00000007104c5a78, 0x0000000710500000| 77%| E|  |TAMS 0x0000000710400000, 0x0000000710400000| Complete 
| 229|0x0000000710500000, 0x0000000710600000, 0x0000000710600000|100%| E|CS|TAMS 0x0000000710500000, 0x0000000710500000| Complete 
| 230|0x0000000710600000, 0x0000000710700000, 0x0000000710700000|100%| E|CS|TAMS 0x0000000710600000, 0x0000000710600000| Complete 
| 231|0x0000000710700000, 0x0000000710800000, 0x0000000710800000|100%| E|CS|TAMS 0x0000000710700000, 0x0000000710700000| Complete 
| 232|0x0000000710800000, 0x0000000710900000, 0x0000000710900000|100%| E|CS|TAMS 0x0000000710800000, 0x0000000710800000| Complete 
| 233|0x0000000710900000, 0x0000000710a00000, 0x0000000710a00000|100%| E|CS|TAMS 0x0000000710900000, 0x0000000710900000| Complete 
| 234|0x0000000710a00000, 0x0000000710b00000, 0x0000000710b00000|100%| E|CS|TAMS 0x0000000710a00000, 0x0000000710a00000| Complete 
| 235|0x0000000710b00000, 0x0000000710c00000, 0x0000000710c00000|100%| E|CS|TAMS 0x0000000710b00000, 0x0000000710b00000| Complete 
| 236|0x0000000710c00000, 0x0000000710d00000, 0x0000000710d00000|100%| E|CS|TAMS 0x0000000710c00000, 0x0000000710c00000| Complete 
| 237|0x0000000710d00000, 0x0000000710e00000, 0x0000000710e00000|100%| E|CS|TAMS 0x0000000710d00000, 0x0000000710d00000| Complete 
| 238|0x0000000710e00000, 0x0000000710f00000, 0x0000000710f00000|100%| E|CS|TAMS 0x0000000710e00000, 0x0000000710e00000| Complete 
| 239|0x0000000710f00000, 0x0000000711000000, 0x0000000711000000|100%| E|CS|TAMS 0x0000000710f00000, 0x0000000710f00000| Complete 
| 240|0x0000000711000000, 0x0000000711100000, 0x0000000711100000|100%| E|CS|TAMS 0x0000000711000000, 0x0000000711000000| Complete 
| 241|0x0000000711100000, 0x0000000711200000, 0x0000000711200000|100%| E|CS|TAMS 0x0000000711100000, 0x0000000711100000| Complete 
| 242|0x0000000711200000, 0x0000000711300000, 0x0000000711300000|100%| E|CS|TAMS 0x0000000711200000, 0x0000000711200000| Complete 
| 243|0x0000000711300000, 0x0000000711400000, 0x0000000711400000|100%| E|CS|TAMS 0x0000000711300000, 0x0000000711300000| Complete 
| 244|0x0000000711400000, 0x0000000711500000, 0x0000000711500000|100%| E|CS|TAMS 0x0000000711400000, 0x0000000711400000| Complete 
| 245|0x0000000711500000, 0x0000000711600000, 0x0000000711600000|100%| E|CS|TAMS 0x0000000711500000, 0x0000000711500000| Complete 
| 246|0x0000000711600000, 0x0000000711700000, 0x0000000711700000|100%| E|CS|TAMS 0x0000000711600000, 0x0000000711600000| Complete 
| 247|0x0000000711700000, 0x0000000711800000, 0x0000000711800000|100%| E|CS|TAMS 0x0000000711700000, 0x0000000711700000| Complete 
| 248|0x0000000711800000, 0x0000000711900000, 0x0000000711900000|100%| E|CS|TAMS 0x0000000711800000, 0x0000000711800000| Complete 
| 249|0x0000000711900000, 0x0000000711a00000, 0x0000000711a00000|100%| E|CS|TAMS 0x0000000711900000, 0x0000000711900000| Complete 
| 250|0x0000000711a00000, 0x0000000711b00000, 0x0000000711b00000|100%| E|CS|TAMS 0x0000000711a00000, 0x0000000711a00000| Complete 
| 251|0x0000000711b00000, 0x0000000711c00000, 0x0000000711c00000|100%| E|CS|TAMS 0x0000000711b00000, 0x0000000711b00000| Complete 
| 252|0x0000000711c00000, 0x0000000711d00000, 0x0000000711d00000|100%| E|CS|TAMS 0x0000000711c00000, 0x0000000711c00000| Complete 
| 253|0x0000000711d00000, 0x0000000711e00000, 0x0000000711e00000|100%| E|CS|TAMS 0x0000000711d00000, 0x0000000711d00000| Complete 

Card table byte_map: [0x0000025ff1bb0000,0x0000025ff23a0000] _byte_map_base: 0x0000025fee3a0000

Marking Bits (Prev, Next): (CMBitMap*) 0x0000025fdde10728, (CMBitMap*) 0x0000025fdde10760
 Prev Bits: [0x0000025ff2b90000, 0x0000025ff6b10000)
 Next Bits: [0x0000025ff6b10000, 0x0000025ffaa90000)

Polling page: 0x0000025fdbd30000

Metaspace:

Usage:
  Non-class:     31.40 MB capacity,    31.09 MB (>99%) used,   234.48 KB ( <1%) free+waste,    75.56 KB ( <1%) overhead. 
      Class:      3.99 MB capacity,     3.73 MB ( 94%) used,   226.36 KB (  6%) free+waste,    35.06 KB ( <1%) overhead. 
       Both:     35.39 MB capacity,    34.83 MB ( 98%) used,   460.84 KB (  1%) free+waste,   110.63 KB ( <1%) overhead. 

Virtual space:
  Non-class space:       32.00 MB reserved,      31.58 MB ( 99%) committed 
      Class space:        1.00 GB reserved,       4.00 MB ( <1%) committed 
             Both:        1.03 GB reserved,      35.58 MB (  3%) committed 

Chunk freelists:
   Non-Class:  25.00 KB
       Class:  12.00 KB
        Both:  37.00 KB

MaxMetaspaceSize: 17179869184.00 GB
CompressedClassSpaceSize: 1.00 GB

CodeHeap 'non-profiled nmethods': size=120000Kb used=2475Kb max_used=2475Kb free=117524Kb
 bounds [0x0000025fe9940000, 0x0000025fe9bb0000, 0x0000025ff0e70000]
CodeHeap 'profiled nmethods': size=120000Kb used=9179Kb max_used=9179Kb free=110820Kb
 bounds [0x0000025fe2410000, 0x0000025fe2d10000, 0x0000025fe9940000]
CodeHeap 'non-nmethods': size=5760Kb used=1374Kb max_used=1429Kb free=4385Kb
 bounds [0x0000025fe1e70000, 0x0000025fe20e0000, 0x0000025fe2410000]
 total_blobs=6817 nmethods=4121 adapters=717
 compilation: enabled
              stopped_count=0, restarted_count=0
 full_count=0

Compilation events (20 events):
Event: 60.704 Thread 0x0000025ffe154000 4421       1       java.awt.BasicStroke::getLineJoin (5 bytes)
Event: 60.704 Thread 0x0000025ffe154000 nmethod 4421 0x0000025fe9b96690 code [0x0000025fe9b96840, 0x0000025fe9b96958]
Event: 60.879 Thread 0x0000025ffe154000 4422       3       java.io.BufferedWriter::ensureOpen (18 bytes)
Event: 60.880 Thread 0x0000025ffe154000 nmethod 4422 0x0000025fe2d01410 code [0x0000025fe2d015e0, 0x0000025fe2d01850]
Event: 60.880 Thread 0x0000025ffe146000 4423       4       java.lang.String::checkIndex (46 bytes)
Event: 60.881 Thread 0x0000025ffe146000 nmethod 4423 0x0000025fe9b96a10 code [0x0000025fe9b96ba0, 0x0000025fe9b96c18]
Event: 60.881 Thread 0x0000025ffe146000 4424       4       java.util.Calendar::getDisplayName (165 bytes)
Event: 60.882 Thread 0x0000025ffe146000 nmethod 4424 0x0000025fe9b96d10 code [0x0000025fe9b96ea0, 0x0000025fe9b97038]
Event: 60.882 Thread 0x0000025ffe146000 4425       4       java.util.Calendar::checkDisplayNameParams (67 bytes)
Event: 60.883 Thread 0x0000025ffe146000 nmethod 4425 0x0000025fe9b97210 code [0x0000025fe9b973a0, 0x0000025fe9b97518]
Event: 60.885 Thread 0x0000025ffe146000 4426       4       javax.swing.JComponent::setFlag (34 bytes)
Event: 60.885 Thread 0x0000025ffe146000 nmethod 4426 0x0000025fe9b97690 code [0x0000025fe9b97820, 0x0000025fe9b978b8]
Event: 60.975 Thread 0x0000025ffe146000 4427   !   4       javax.swing.JComponent::_paintImmediately (891 bytes)
Event: 61.006 Thread 0x0000025ffe154000 4428  s    3       sun.awt.windows.WDesktopProperties::setFontProperty (153 bytes)
Event: 61.008 Thread 0x0000025ffe154000 nmethod 4428 0x0000025fe2d01910 code [0x0000025fe2d01e00, 0x0000025fe2d04880]
Event: 61.008 Thread 0x0000025ffe154000 4429   !   3       sun.awt.windows.WDesktopProperties$WinPlaySound::equals (25 bytes)
Event: 61.008 Thread 0x0000025ffe154000 nmethod 4429 0x0000025fe2d05810 code [0x0000025fe2d059e0, 0x0000025fe2d05d10]
Event: 61.239 Thread 0x0000025ffe146000 nmethod 4427 0x0000025fe9b97910 code [0x0000025fe9b97ee0, 0x0000025fe9ba03a0]
Event: 61.347 Thread 0x0000025ffe154000 4430       1       javax.swing.AbstractButton::getIcon (5 bytes)
Event: 61.347 Thread 0x0000025ffe154000 nmethod 4430 0x0000025fe9baa610 code [0x0000025fe9baa7c0, 0x0000025fe9baa8d8]

GC Heap History (8 events):
Event: 0.979 GC heap before
{Heap before GC invocations=0 (full 0):
 garbage-first heap   total 260096K, used 24576K [0x0000000702000000, 0x0000000800000000)
  region size 1024K, 24 young (24576K), 0 survivors (0K)
 Metaspace       used 18193K, capacity 18663K, committed 18688K, reserved 1067008K
  class space    used 1840K, capacity 2032K, committed 2048K, reserved 1048576K
}
Event: 0.986 GC heap after
{Heap after GC invocations=1 (full 0):
 garbage-first heap   total 260096K, used 8661K [0x0000000702000000, 0x0000000800000000)
  region size 1024K, 3 young (3072K), 3 survivors (3072K)
 Metaspace       used 18193K, capacity 18663K, committed 18688K, reserved 1067008K
  class space    used 1840K, capacity 2032K, committed 2048K, reserved 1048576K
}
Event: 1.157 GC heap before
{Heap before GC invocations=1 (full 0):
 garbage-first heap   total 260096K, used 15829K [0x0000000702000000, 0x0000000800000000)
  region size 1024K, 11 young (11264K), 3 survivors (3072K)
 Metaspace       used 20650K, capacity 21133K, committed 21296K, reserved 1069056K
  class space    used 2125K, capacity 2345K, committed 2432K, reserved 1048576K
}
Event: 1.161 GC heap after
{Heap after GC invocations=2 (full 0):
 garbage-first heap   total 260096K, used 9819K [0x0000000702000000, 0x0000000800000000)
  region size 1024K, 5 young (5120K), 5 survivors (5120K)
 Metaspace       used 20650K, capacity 21133K, committed 21296K, reserved 1069056K
  class space    used 2125K, capacity 2345K, committed 2432K, reserved 1048576K
}
Event: 6.278 GC heap before
{Heap before GC invocations=3 (full 0):
 garbage-first heap   total 260096K, used 21083K [0x0000000702000000, 0x0000000800000000)
  region size 1024K, 16 young (16384K), 5 survivors (5120K)
 Metaspace       used 24332K, capacity 24875K, committed 25136K, reserved 1071104K
  class space    used 2610K, capacity 2843K, committed 2944K, reserved 1048576K
}
Event: 6.282 GC heap after
{Heap after GC invocations=4 (full 0):
 garbage-first heap   total 260096K, used 12407K [0x0000000702000000, 0x0000000800000000)
  region size 1024K, 2 young (2048K), 2 survivors (2048K)
 Metaspace       used 24332K, capacity 24875K, committed 25136K, reserved 1071104K
  class space    used 2610K, capacity 2843K, committed 2944K, reserved 1048576K
}
Event: 19.860 GC heap before
{Heap before GC invocations=4 (full 0):
 garbage-first heap   total 260096K, used 76919K [0x0000000702000000, 0x0000000800000000)
  region size 1024K, 59 young (60416K), 2 survivors (2048K)
 Metaspace       used 35241K, capacity 35842K, committed 35920K, reserved 1081344K
  class space    used 3822K, capacity 4083K, committed 4096K, reserved 1048576K
}
Event: 19.864 GC heap after
{Heap after GC invocations=5 (full 0):
 garbage-first heap   total 260096K, used 23852K [0x0000000702000000, 0x0000000800000000)
  region size 1024K, 6 young (6144K), 6 survivors (6144K)
 Metaspace       used 35241K, capacity 35842K, committed 35920K, reserved 1081344K
  class space    used 3822K, capacity 4083K, committed 4096K, reserved 1048576K
}

Deoptimization events (20 events):
Event: 54.701 Thread 0x0000025f8113e000 Uncommon trap: trap_request=0xffffff4d fr.pc=0x0000025fe9b4b330 relative=0x0000000000001930
Event: 54.701 Thread 0x0000025f8113e000 Uncommon trap: reason=unstable_if action=reinterpret pc=0x0000025fe9b4b330 method=java.text.SimpleDateFormat.zeroPaddingNumber(IIILjava/lang/StringBuffer;)V @ 47 c2
Event: 54.701 Thread 0x0000025f8113e000 DEOPT PACKING pc=0x0000025fe9b4b330 sp=0x0000009dfebfa730
Event: 54.701 Thread 0x0000025f8113e000 DEOPT UNPACKING pc=0x0000025fe1e991af sp=0x0000009dfebfa668 mode 2
Event: 59.770 Thread 0x0000025f8113e000 Uncommon trap: trap_request=0xffffff6e fr.pc=0x0000025fe9b89c78 relative=0x0000000000005f18
Event: 59.770 Thread 0x0000025f8113e000 Uncommon trap: reason=speculate_class_check action=maybe_recompile pc=0x0000025fe9b89c78 method=javax.swing.JComponent.paintToOffscreen(Ljava/awt/Graphics;IIIIII)V @ 41 c2
Event: 59.770 Thread 0x0000025f8113e000 DEOPT PACKING pc=0x0000025fe9b89c78 sp=0x0000009dfebfb810
Event: 59.770 Thread 0x0000025f8113e000 DEOPT UNPACKING pc=0x0000025fe1e991af sp=0x0000009dfebfb4d0 mode 2
Event: 59.877 Thread 0x0000025f8113e000 Uncommon trap: trap_request=0xffffff6e fr.pc=0x0000025fe9b89c78 relative=0x0000000000005f18
Event: 59.877 Thread 0x0000025f8113e000 Uncommon trap: reason=speculate_class_check action=maybe_recompile pc=0x0000025fe9b89c78 method=javax.swing.JComponent.paintToOffscreen(Ljava/awt/Graphics;IIIIII)V @ 41 c2
Event: 59.877 Thread 0x0000025f8113e000 DEOPT PACKING pc=0x0000025fe9b89c78 sp=0x0000009dfebfb810
Event: 59.877 Thread 0x0000025f8113e000 DEOPT UNPACKING pc=0x0000025fe1e991af sp=0x0000009dfebfb4d0 mode 2
Event: 60.703 Thread 0x0000025f8113e000 Uncommon trap: trap_request=0xffffff6e fr.pc=0x0000025fe9b89c78 relative=0x0000000000005f18
Event: 60.703 Thread 0x0000025f8113e000 Uncommon trap: reason=speculate_class_check action=maybe_recompile pc=0x0000025fe9b89c78 method=javax.swing.JComponent.paintToOffscreen(Ljava/awt/Graphics;IIIIII)V @ 41 c2
Event: 60.703 Thread 0x0000025f8113e000 DEOPT PACKING pc=0x0000025fe9b89c78 sp=0x0000009dfebfb810
Event: 60.703 Thread 0x0000025f8113e000 DEOPT UNPACKING pc=0x0000025fe1e991af sp=0x0000009dfebfb4d0 mode 2
Event: 60.878 Thread 0x0000025f8113e000 Uncommon trap: trap_request=0xffffff6e fr.pc=0x0000025fe9b89c78 relative=0x0000000000005f18
Event: 60.878 Thread 0x0000025f8113e000 Uncommon trap: reason=speculate_class_check action=maybe_recompile pc=0x0000025fe9b89c78 method=javax.swing.JComponent.paintToOffscreen(Ljava/awt/Graphics;IIIIII)V @ 41 c2
Event: 60.878 Thread 0x0000025f8113e000 DEOPT PACKING pc=0x0000025fe9b89c78 sp=0x0000009dfebfb810
Event: 60.878 Thread 0x0000025f8113e000 DEOPT UNPACKING pc=0x0000025fe1e991af sp=0x0000009dfebfb4d0 mode 2

Classes redefined (0 events):
No events

Internal exceptions (20 events):
Event: 55.701 Thread 0x0000025f81136000 Exception <a 'java/lang/NullPointerException'{0x0000000711b4afd0}> (0x0000000711b4afd0) thrown at [c:/BuildAgent/work/5ff2f6c26000d570/src/hotspot/share/interpreter/linkResolver.cpp, line 1358]
Event: 56.702 Thread 0x0000025f81139800 Exception <a 'java/lang/NullPointerException'{0x0000000711b8e9d8}> (0x0000000711b8e9d8) thrown at [c:/BuildAgent/work/5ff2f6c26000d570/src/hotspot/share/interpreter/linkResolver.cpp, line 1358]
Event: 56.702 Thread 0x0000025f81136000 Exception <a 'java/lang/NullPointerException'{0x0000000711b4b308}> (0x0000000711b4b308) thrown at [c:/BuildAgent/work/5ff2f6c26000d570/src/hotspot/share/interpreter/linkResolver.cpp, line 1358]
Event: 56.878 Thread 0x0000025f8113a000 Exception <a 'java/io/IOException'{0x0000000711a85168}> (0x0000000711a85168) thrown at [c:/BuildAgent/work/5ff2f6c26000d570/src/hotspot/share/prims/jni.cpp, line 615]
Event: 56.878 Thread 0x0000025f8113a000 Exception <a 'java/io/IOException'{0x0000000711a854d0}> (0x0000000711a854d0) thrown at [c:/BuildAgent/work/5ff2f6c26000d570/src/hotspot/share/prims/jni.cpp, line 615]
Event: 56.878 Thread 0x0000025f8113a000 Exception <a 'java/io/IOException'{0x0000000711a85808}> (0x0000000711a85808) thrown at [c:/BuildAgent/work/5ff2f6c26000d570/src/hotspot/share/prims/jni.cpp, line 615]
Event: 57.702 Thread 0x0000025f81136000 Exception <a 'java/lang/NullPointerException'{0x0000000711b4b640}> (0x0000000711b4b640) thrown at [c:/BuildAgent/work/5ff2f6c26000d570/src/hotspot/share/interpreter/linkResolver.cpp, line 1358]
Event: 57.702 Thread 0x0000025f81139800 Exception <a 'java/lang/NullPointerException'{0x0000000711b8ed10}> (0x0000000711b8ed10) thrown at [c:/BuildAgent/work/5ff2f6c26000d570/src/hotspot/share/interpreter/linkResolver.cpp, line 1358]
Event: 58.702 Thread 0x0000025f81136000 Exception <a 'java/lang/NullPointerException'{0x0000000711b4b978}> (0x0000000711b4b978) thrown at [c:/BuildAgent/work/5ff2f6c26000d570/src/hotspot/share/interpreter/linkResolver.cpp, line 1358]
Event: 58.702 Thread 0x0000025f81139800 Exception <a 'java/lang/NullPointerException'{0x0000000711b8f048}> (0x0000000711b8f048) thrown at [c:/BuildAgent/work/5ff2f6c26000d570/src/hotspot/share/interpreter/linkResolver.cpp, line 1358]
Event: 58.879 Thread 0x0000025f8113a000 Exception <a 'java/io/IOException'{0x0000000711a85c50}> (0x0000000711a85c50) thrown at [c:/BuildAgent/work/5ff2f6c26000d570/src/hotspot/share/prims/jni.cpp, line 615]
Event: 58.879 Thread 0x0000025f8113a000 Exception <a 'java/io/IOException'{0x0000000711a85fb8}> (0x0000000711a85fb8) thrown at [c:/BuildAgent/work/5ff2f6c26000d570/src/hotspot/share/prims/jni.cpp, line 615]
Event: 58.879 Thread 0x0000025f8113a000 Exception <a 'java/io/IOException'{0x0000000711a862f0}> (0x0000000711a862f0) thrown at [c:/BuildAgent/work/5ff2f6c26000d570/src/hotspot/share/prims/jni.cpp, line 615]
Event: 59.703 Thread 0x0000025f81136000 Exception <a 'java/lang/NullPointerException'{0x0000000711b4bcb0}> (0x0000000711b4bcb0) thrown at [c:/BuildAgent/work/5ff2f6c26000d570/src/hotspot/share/interpreter/linkResolver.cpp, line 1358]
Event: 59.703 Thread 0x0000025f81139800 Exception <a 'java/lang/NullPointerException'{0x0000000711b8f380}> (0x0000000711b8f380) thrown at [c:/BuildAgent/work/5ff2f6c26000d570/src/hotspot/share/interpreter/linkResolver.cpp, line 1358]
Event: 60.703 Thread 0x0000025f81136000 Exception <a 'java/lang/NullPointerException'{0x0000000711b4bfe8}> (0x0000000711b4bfe8) thrown at [c:/BuildAgent/work/5ff2f6c26000d570/src/hotspot/share/interpreter/linkResolver.cpp, line 1358]
Event: 60.703 Thread 0x0000025f81139800 Exception <a 'java/lang/NullPointerException'{0x0000000711b8f6b8}> (0x0000000711b8f6b8) thrown at [c:/BuildAgent/work/5ff2f6c26000d570/src/hotspot/share/interpreter/linkResolver.cpp, line 1358]
Event: 60.879 Thread 0x0000025f8113a000 Exception <a 'java/io/IOException'{0x0000000711a86738}> (0x0000000711a86738) thrown at [c:/BuildAgent/work/5ff2f6c26000d570/src/hotspot/share/prims/jni.cpp, line 615]
Event: 60.879 Thread 0x0000025f8113a000 Exception <a 'java/io/IOException'{0x0000000711a86aa0}> (0x0000000711a86aa0) thrown at [c:/BuildAgent/work/5ff2f6c26000d570/src/hotspot/share/prims/jni.cpp, line 615]
Event: 60.879 Thread 0x0000025f8113a000 Exception <a 'java/io/IOException'{0x0000000711a86dd8}> (0x0000000711a86dd8) thrown at [c:/BuildAgent/work/5ff2f6c26000d570/src/hotspot/share/prims/jni.cpp, line 615]

Events (20 events):
Event: 33.430 loading class java/security/DomainCombiner done
Event: 43.476 Executing VM operation: RevokeBias
Event: 43.476 Executing VM operation: RevokeBias done
Event: 43.489 Executing VM operation: RevokeBias
Event: 43.489 Executing VM operation: RevokeBias done
Event: 43.489 Executing VM operation: RevokeBias
Event: 43.489 Executing VM operation: RevokeBias done
Event: 43.489 Executing VM operation: RevokeBias
Event: 43.489 Executing VM operation: RevokeBias done
Event: 43.489 Executing VM operation: RevokeBias
Event: 43.489 Executing VM operation: RevokeBias done
Event: 43.489 Executing VM operation: RevokeBias
Event: 43.489 Executing VM operation: RevokeBias done
Event: 43.489 Executing VM operation: RevokeBias
Event: 43.489 Executing VM operation: RevokeBias done
Event: 43.489 Executing VM operation: RevokeBias
Event: 43.489 Executing VM operation: RevokeBias done
Event: 43.489 Executing VM operation: RevokeBias
Event: 43.490 Executing VM operation: RevokeBias done
Event: 46.514 Thread 0x0000025ffe752000 Thread exited: 0x0000025ffe752000


Dynamic libraries:
0x00007ff6a7840000 - 0x00007ff6a784a000 	C:\Program Files\JetBrains\IntelliJ IDEA 2019.3.2\jbr\bin\java.exe
0x00007ff89cd40000 - 0x00007ff89cf30000 	C:\WINDOWS\SYSTEM32\ntdll.dll
0x00007ff865d20000 - 0x00007ff865d35000 	C:\Program Files\AVG\Antivirus\aswhook.dll
0x00007ff89cb70000 - 0x00007ff89cc22000 	C:\WINDOWS\System32\KERNEL32.DLL
0x00007ff899f20000 - 0x00007ff89a1c3000 	C:\WINDOWS\System32\KERNELBASE.dll
0x00007ff89acf0000 - 0x00007ff89adea000 	C:\WINDOWS\System32\ucrtbase.dll
0x00007ff865bd0000 - 0x00007ff865be9000 	C:\Program Files\JetBrains\IntelliJ IDEA 2019.3.2\jbr\bin\jli.dll
0x00007ff89b270000 - 0x00007ff89b404000 	C:\WINDOWS\System32\USER32.dll
0x00007ff89a1d0000 - 0x00007ff89a1f1000 	C:\WINDOWS\System32\win32u.dll
0x00007ff89cb40000 - 0x00007ff89cb66000 	C:\WINDOWS\System32\GDI32.dll
0x00007ff89ab50000 - 0x00007ff89ace4000 	C:\WINDOWS\System32\gdi32full.dll
0x00007ff89aa90000 - 0x00007ff89ab2e000 	C:\WINDOWS\System32\msvcp_win.dll
0x00007ff865480000 - 0x00007ff865497000 	C:\Program Files\JetBrains\IntelliJ IDEA 2019.3.2\jbr\bin\VCRUNTIME140.dll
0x00007ff8885c0000 - 0x00007ff888845000 	C:\WINDOWS\WinSxS\amd64_microsoft.windows.common-controls_6595b64144ccf1df_6.0.18362.720_none_e6beb5c51314836b\COMCTL32.dll
0x00007ff89c7e0000 - 0x00007ff89c87e000 	C:\WINDOWS\System32\msvcrt.dll
0x00007ff89c4a0000 - 0x00007ff89c7d6000 	C:\WINDOWS\System32\combase.dll
0x00007ff89c8f0000 - 0x00007ff89ca10000 	C:\WINDOWS\System32\RPCRT4.dll
0x00007ff89a9b0000 - 0x00007ff89aa30000 	C:\WINDOWS\System32\bcryptPrimitives.dll
0x00007ff89bdf0000 - 0x00007ff89be1e000 	C:\WINDOWS\System32\IMM32.DLL
0x00007ff835bd0000 - 0x00007ff835c6d000 	C:\Program Files\JetBrains\IntelliJ IDEA 2019.3.2\jbr\bin\msvcp140.dll
0x00007ff835d20000 - 0x00007ff8367dd000 	C:\Program Files\JetBrains\IntelliJ IDEA 2019.3.2\jbr\bin\server\jvm.dll
0x00007ff89c3f0000 - 0x00007ff89c493000 	C:\WINDOWS\System32\ADVAPI32.dll
0x00007ff89c1a0000 - 0x00007ff89c237000 	C:\WINDOWS\System32\sechost.dll
0x00007ff89c240000 - 0x00007ff89c248000 	C:\WINDOWS\System32\PSAPI.DLL
0x00007ff88bce0000 - 0x00007ff88bce9000 	C:\WINDOWS\SYSTEM32\WSOCK32.dll
0x00007ff89be40000 - 0x00007ff89beaf000 	C:\WINDOWS\System32\WS2_32.dll
0x00007ff897630000 - 0x00007ff897654000 	C:\WINDOWS\SYSTEM32\WINMM.dll
0x00007ff8943a0000 - 0x00007ff8943aa000 	C:\WINDOWS\SYSTEM32\VERSION.dll
0x00007ff897600000 - 0x00007ff89762d000 	C:\WINDOWS\SYSTEM32\WINMMBASE.dll
0x00007ff899ed0000 - 0x00007ff899f1a000 	C:\WINDOWS\System32\cfgmgr32.dll
0x00007ff899c60000 - 0x00007ff899c71000 	C:\WINDOWS\System32\kernel.appcore.dll
0x00007ff882000000 - 0x00007ff882011000 	C:\Program Files\JetBrains\IntelliJ IDEA 2019.3.2\jbr\bin\verify.dll
0x00007ff893330000 - 0x00007ff893524000 	C:\WINDOWS\SYSTEM32\DBGHELP.DLL
0x00007ff893280000 - 0x00007ff8932aa000 	C:\WINDOWS\SYSTEM32\dbgcore.DLL
0x00007ff881fd0000 - 0x00007ff881ff9000 	C:\Program Files\JetBrains\IntelliJ IDEA 2019.3.2\jbr\bin\java.dll
0x00007ff86eab0000 - 0x00007ff86eabf000 	C:\Program Files\JetBrains\IntelliJ IDEA 2019.3.2\jbr\bin\instrument.dll
0x00007ff881fb0000 - 0x00007ff881fc8000 	C:\Program Files\JetBrains\IntelliJ IDEA 2019.3.2\jbr\bin\zip.dll
0x00007ff881fa0000 - 0x00007ff881fab000 	C:\Program Files\JetBrains\IntelliJ IDEA 2019.3.2\jbr\bin\jimage.dll
0x00007ff89b5f0000 - 0x00007ff89bcd5000 	C:\WINDOWS\System32\SHELL32.dll
0x00007ff89c0f0000 - 0x00007ff89c199000 	C:\WINDOWS\System32\shcore.dll
0x00007ff89a230000 - 0x00007ff89a9b0000 	C:\WINDOWS\System32\windows.storage.dll
0x00007ff899ca0000 - 0x00007ff899cc3000 	C:\WINDOWS\System32\profapi.dll
0x00007ff899c10000 - 0x00007ff899c5a000 	C:\WINDOWS\System32\powrprof.dll
0x00007ff899c00000 - 0x00007ff899c10000 	C:\WINDOWS\System32\UMPDC.dll
0x00007ff89ca10000 - 0x00007ff89ca62000 	C:\WINDOWS\System32\shlwapi.dll
0x00007ff89ab30000 - 0x00007ff89ab47000 	C:\WINDOWS\System32\cryptsp.dll
0x00007ff86de80000 - 0x00007ff86de9a000 	C:\Program Files\JetBrains\IntelliJ IDEA 2019.3.2\jbr\bin\net.dll
0x00007ff892970000 - 0x00007ff892a61000 	C:\WINDOWS\SYSTEM32\WINHTTP.dll
0x00007ff899410000 - 0x00007ff899477000 	C:\WINDOWS\system32\mswsock.dll
0x00007ff86b0c0000 - 0x00007ff86b0d4000 	C:\Program Files\JetBrains\IntelliJ IDEA 2019.3.2\jbr\bin\nio.dll
0x00007ff86b080000 - 0x00007ff86b09a000 	C:\Program Files\JetBrains\IntelliJ IDEA 2019.3.2\bin\breakgen64.dll
0x00007ff84a7e0000 - 0x00007ff84a981000 	C:\Program Files\JetBrains\IntelliJ IDEA 2019.3.2\jbr\bin\awt.dll
0x00007ff89cc30000 - 0x00007ff89ccf4000 	C:\WINDOWS\System32\OLEAUT32.dll
0x00007ff8983a0000 - 0x00007ff8983cd000 	C:\WINDOWS\SYSTEM32\dwmapi.dll
0x00007ff897ed0000 - 0x00007ff897f5f000 	C:\WINDOWS\SYSTEM32\apphelp.dll
0x00007ff897f80000 - 0x00007ff898019000 	C:\WINDOWS\system32\uxtheme.dll
0x00007ff878210000 - 0x00007ff878366000 	C:\WINDOWS\system32\opengl32.dll
0x00007ff878690000 - 0x00007ff8786bc000 	C:\WINDOWS\SYSTEM32\GLU32.dll
0x00007ff898870000 - 0x00007ff898890000 	C:\WINDOWS\SYSTEM32\dxcore.dll
0x00007ff89c2b0000 - 0x00007ff89c3e6000 	C:\WINDOWS\System32\MSCTF.dll
0x00007ff877300000 - 0x00007ff877387000 	C:\Program Files (x86)\TeamViewer\tv_x64.dll
0x00007ff89b490000 - 0x00007ff89b5e7000 	C:\WINDOWS\System32\ole32.dll
0x00007ff899160000 - 0x00007ff89922a000 	C:\WINDOWS\SYSTEM32\DNSAPI.dll
0x00007ff89b260000 - 0x00007ff89b268000 	C:\WINDOWS\System32\NSI.dll
0x00007ff899120000 - 0x00007ff89915a000 	C:\WINDOWS\SYSTEM32\IPHLPAPI.DLL
0x00007ff892150000 - 0x00007ff89215a000 	C:\Windows\System32\rasadhlp.dll
0x00007ff893750000 - 0x00007ff8937c7000 	C:\WINDOWS\System32\fwpuclnt.dll
0x00007ff89a200000 - 0x00007ff89a226000 	C:\WINDOWS\System32\bcrypt.dll
0x00007ff836fa0000 - 0x00007ff836fc8000 	C:\Program Files\JetBrains\IntelliJ IDEA 2019.3.2\jbr\bin\sunec.dll
0x00007ff898f80000 - 0x00007ff898fb3000 	C:\WINDOWS\system32\rsaenh.dll
0x00007ff899b20000 - 0x00007ff899b45000 	C:\WINDOWS\SYSTEM32\USERENV.dll
0x00007ff8995e0000 - 0x00007ff8995ec000 	C:\WINDOWS\SYSTEM32\CRYPTBASE.dll
0x00007ff893b40000 - 0x00007ff893b56000 	C:\WINDOWS\SYSTEM32\dhcpcsvc6.DLL
0x00007ff893b20000 - 0x00007ff893b3c000 	C:\WINDOWS\SYSTEM32\dhcpcsvc.DLL
0x00007ff84a700000 - 0x00007ff84a785000 	C:\Program Files\JetBrains\IntelliJ IDEA 2019.3.2\jbr\bin\freetype.dll
0x00007ff84a650000 - 0x00007ff84a6f8000 	C:\Program Files\JetBrains\IntelliJ IDEA 2019.3.2\jbr\bin\fontmanager.dll
0x00007ff89bce0000 - 0x00007ff89bd82000 	C:\WINDOWS\System32\clbcatq.dll
0x00007ff895320000 - 0x00007ff8954cf000 	C:\WINDOWS\SYSTEM32\WindowsCodecs.dll
0x00007ff8785a0000 - 0x00007ff8785da000 	C:\WINDOWS\system32\dataexchange.dll
0x00007ff896f00000 - 0x00007ff89715b000 	C:\WINDOWS\system32\d3d11.dll
0x00007ff897660000 - 0x00007ff89783b000 	C:\WINDOWS\system32\dcomp.dll
0x00007ff898900000 - 0x00007ff8989eb000 	C:\WINDOWS\system32\dxgi.dll
0x00007ff898040000 - 0x00007ff89829a000 	C:\WINDOWS\system32\twinapi.appcore.dll
0x00007ff8984b0000 - 0x00007ff8984d9000 	C:\WINDOWS\system32\RMCLIENT.dll
0x00007ff890b10000 - 0x00007ff890bae000 	C:\WINDOWS\System32\TextInputFramework.dll
0x00007ff895ae0000 - 0x00007ff895e0a000 	C:\WINDOWS\System32\CoreUIComponents.dll
0x00007ff897ca0000 - 0x00007ff897d74000 	C:\WINDOWS\System32\CoreMessaging.dll
0x00007ff898c60000 - 0x00007ff898c91000 	C:\WINDOWS\SYSTEM32\ntmarta.dll
0x00007ff895900000 - 0x00007ff895a53000 	C:\WINDOWS\SYSTEM32\wintypes.dll
0x00007ff88cfa0000 - 0x00007ff88d246000 	C:\WINDOWS\System32\iertutil.dll
0x0000000180000000 - 0x000000018003b000 	C:\Users\user\Desktop\DDE\JavaDDEx64.dll
0x00007ff878b30000 - 0x00007ff878b3d000 	C:\WINDOWS\SYSTEM32\atlthunk.dll

dbghelp: loaded successfully - version: 4.0.5 - missing functions: none
symbol engine: initialized successfully - sym options: 0x614 - pdb path: .;C:\Program Files\JetBrains\IntelliJ IDEA 2019.3.2\jbr\bin;C:\WINDOWS\SYSTEM32;C:\Program Files\AVG\Antivirus;C:\WINDOWS\WinSxS\amd64_microsoft.windows.common-controls_6595b64144ccf1df_6.0.18362.720_none_e6beb5c51314836b;C:\Program Files\JetBrains\IntelliJ IDEA 2019.3.2\jbr\bin\server;C:\Program Files\JetBrains\IntelliJ IDEA 2019.3.2\bin;C:\Program Files (x86)\TeamViewer;C:\Users\user\Desktop\DDE

VM Arguments:
jvm_args: -Djava.library.path=C:\Users\user\Desktop\DDE -javaagent:C:\Program Files\JetBrains\IntelliJ IDEA 2019.3.2\lib\idea_rt.jar=58958:C:\Program Files\JetBrains\IntelliJ IDEA 2019.3.2\bin -Dfile.encoding=UTF-8 
java_command: gui.mainWindow.MyMainWindow
java_class_path (initial): C:\Users\user\IdeaProjects\wallStreet\target\classes;C:\Users\user\.m2\repository\org\glassfish\jersey\containers\jersey-container-servlet-core\2.27\jersey-container-servlet-core-2.27.jar;C:\Users\user\.m2\repository\org\glassfish\hk2\external\javax.inject\2.5.0-b42\javax.inject-2.5.0-b42.jar;C:\Users\user\.m2\repository\org\glassfish\jersey\core\jersey-common\2.27\jersey-common-2.27.jar;C:\Users\user\.m2\repository\javax\annotation\javax.annotation-api\1.2\javax.annotation-api-1.2.jar;C:\Users\user\.m2\repository\org\glassfish\hk2\osgi-resource-locator\1.0.1\osgi-resource-locator-1.0.1.jar;C:\Users\user\.m2\repository\org\glassfish\jersey\core\jersey-server\2.27\jersey-server-2.27.jar;C:\Users\user\.m2\repository\org\glassfish\jersey\core\jersey-client\2.27\jersey-client-2.27.jar;C:\Users\user\.m2\repository\org\glassfish\jersey\media\jersey-media-jaxb\2.27\jersey-media-jaxb-2.27.jar;C:\Users\user\.m2\repository\javax\validation\validation-api\1.1.0.Final\validation-api-1.1.0.Final.jar;C:\Users\user\.m2\repository\javax\ws\rs\javax.ws.rs-api\2.1\javax.ws.rs-api-2.1.jar;C:\Users\user\.m2\repository\org\glassfish\jersey\inject\jersey-hk2\2.27\jersey-hk2-2.27.jar;C:\Users\user\.m2\repository\org\glassfish\hk2\hk2-locator\2.5.0-b42\hk2-locator-2.5.0-b42.jar;C:\Users\user\.m2\repository\org\glassfish\hk2\external\aopalliance-repackaged\2.5.0-b42\aopalliance-repackaged-2.5.0-b42.jar;C:\Users\user\.m2\repository\org\glassfish\hk2\hk2-api\2.5.0-b42\hk2-api-2.5.0-b42.jar;C:\Users\user\.m2\repository\javax\inject\javax.inject\1\javax.inject-1.jar;C:\Users\user\.m2\repository\org\glassfish\hk2\hk2-utils\2.5.0-b42\hk2-utils-2.5.0-b42.jar;C:\Users\user\.m2\repository\net\sourceforge\jexcelapi\jxl\2.6.12\jxl-2.6.12.jar;C:\Users\user\.m2\repository\log4j\log4j\1.2.14\log4j-1.2.14.jar;C:\Users\user\.m2\repository\org\jsoup\jsoup\1.11.2\jsoup-1.11.2.jar;C:\Users\user\.m2\repository\org\hibernate\hibernate-core\5.3.7.Final\hibernate-core-5.3.7.Final.jar;
Launcher Type: SUN_STANDARD

[Global flags]
     intx CICompilerCount                          = 4                                         {product} {ergonomic}
     uint ConcGCThreads                            = 3                                         {product} {ergonomic}
     uint G1ConcRefinementThreads                  = 10                                        {product} {ergonomic}
   size_t G1HeapRegionSize                         = 1048576                                   {product} {ergonomic}
    uintx GCDrainStackTargetSize                   = 64                                        {product} {ergonomic}
   size_t InitialHeapSize                          = 266338304                                 {product} {ergonomic}
   size_t MarkStackSize                            = 4194304                                   {product} {ergonomic}
   size_t MaxHeapSize                              = 4261412864                                {product} {ergonomic}
   size_t MaxNewSize                               = 2556428288                                {product} {ergonomic}
   size_t MinHeapDeltaBytes                        = 1048576                                   {product} {ergonomic}
    uintx NonNMethodCodeHeapSize                   = 5836300                                {pd product} {ergonomic}
    uintx NonProfiledCodeHeapSize                  = 122910970                              {pd product} {ergonomic}
    uintx ProfiledCodeHeapSize                     = 122910970                              {pd product} {ergonomic}
    uintx ReservedCodeCacheSize                    = 251658240                              {pd product} {ergonomic}
     bool SegmentedCodeCache                       = true                                      {product} {ergonomic}
     bool UseCompressedClassPointers               = true                                 {lp64_product} {ergonomic}
     bool UseCompressedOops                        = true                                 {lp64_product} {ergonomic}
     bool UseG1GC                                  = true                                      {product} {ergonomic}
     bool UseLargePagesIndividualAllocation        = false                                  {pd product} {ergonomic}

Logging:
Log output configuration:
 #0: stdout all=warning uptime,level,tags
 #1: stderr all=off uptime,level,tags

Environment Variables:
JRE_HOME=C:\Program Files (x86)\Java\jre1.8.0_171
PATH=C:\Program Files (x86)\Common Files\Oracle\Java\javapath;C:\WINDOWS\system32;C:\WINDOWS;C:\WINDOWS\System32\Wbem;C:\WINDOWS\System32\WindowsPowerShell\v1.0\;C:\WINDOWS\System32\OpenSSH\;C:\Program Files\Git\cmd;C:\Users\user\AppData\Local\Microsoft\WindowsApps;C:\Users\user\AppData\Local\Programs\Microsoft VS Code\bin;C:\Users\user\AppData\Local\GitHubDesktop\bin;%USERPROFILE%\AppData\Local\Microsoft\WindowsApps;
USERNAME=user
OS=Windows_NT
PROCESSOR_IDENTIFIER=Intel64 Family 6 Model 158 Stepping 10, GenuineIntel



---------------  S Y S T E M  ---------------

OS: Windows 10 , 64 bit Build 18362 (10.0.18362.329)

CPU:total 12 (initial active 12) (6 cores per cpu, 2 threads per core) family 6 model 158 stepping 10, cmov, cx8, fxsr, mmx, sse, sse2, sse3, ssse3, sse4.1, sse4.2, popcnt, avx, avx2, aes, clmul, erms, rtm, 3dnowpref, lzcnt, ht, tsc, tscinvbit, bmi1, bmi2, adx, fma

Memory: 4k page, system-wide physical 16253M (10159M free)
TotalPageFile size 18685M (AvailPageFile size 10232M)
current process WorkingSet (physical memory assigned to process): 205M, peak: 253M
current process commit charge ("private bytes"): 407M, peak: 472M

vm_info: OpenJDK 64-Bit Server VM (11.0.6+8-b520.43) for windows-amd64 JRE (11.0.6+8-b520.43), built on Feb  3 2020 14:18:56 by "" with MS VC++ 14.0 (VS2015)

END.
