#
# A fatal error has been detected by the Java Runtime Environment:
#
#  EXCEPTION_ACCESS_VIOLATION (0xc0000005) at pc=0x00007ffe001c1e94, pid=11316, tid=5080
#
# JRE version: Java(TM) SE Runtime Environment (11.0.6+8) (build 11.0.6+8-LTS)
# Java VM: Java HotSpot(TM) 64-Bit Server VM (11.0.6+8-LTS, mixed mode, tiered, compressed oops, g1 gc, windows-amd64)
# Problematic frame:
# C  [awt.dll+0x91e94]
#
# No core dump will be written. Minidumps are not enabled by default on client versions of Windows
#
# If you would like to submit a bug report, please visit:
#   http://bugreport.java.com/bugreport/crash.jsp
# The crash happened outside the Java Virtual Machine in native code.
# See problematic frame for where to report the bug.
#

---------------  S U M M A R Y ------------

Command Line: C:\Users\user\IdeaProjects\wallStreet\out\artifacts\wallstreetJson_jar\wall-street.jar

Host: Intel(R) Core(TM) i7-8700K CPU @ 3.70GHz, 12 cores, 15G,  Windows 10 , 64 bit Build 18362 (10.0.18362.1110)
Time: Wed Oct 21 19:22:55 2020 Jerusalem Daylight Time elapsed time: 11334 seconds (0d 3h 8m 54s)

---------------  T H R E A D  ---------------

Current thread (0x000001d29d4a5800):  JavaThread "AWT-Windows" daemon [_thread_in_native, id=5080, stack(0x00000046ec000000,0x00000046ec100000)]

Stack: [0x00000046ec000000,0x00000046ec100000],  sp=0x00000046ec0fe8c0,  free space=1018k
Native frames: (J=compiled Java code, j=interpreted, Vv=VM code, C=native code)
C  [awt.dll+0x91e94]

Java frames: (J=compiled Java code, j=interpreted, Vv=VM code)
j  sun.awt.windows.WToolkit.eventLoop()V+0 java.desktop@11.0.6
j  sun.awt.windows.WToolkit.run()V+50 java.desktop@11.0.6
j  java.lang.Thread.run()V+11 java.base@11.0.6
v  ~StubRoutines::call_stub

siginfo: EXCEPTION_ACCESS_VIOLATION (0xc0000005), reading address 0x0000000000000010


Register to memory mapping:

RIP=0x00007ffe001c1e94 awt.dll
RAX=0x0 is NULL
RBX=0x0 is NULL
RCX=0x00007ffde4b58738 jvm.dll
RDX=0x00007ffe0021dd10 awt.dll
RSP=0x00000046ec0fe8c0 is pointing into the stack for thread: 0x000001d29d4a5800
RBP=0x00000046ec0fe989 is pointing into the stack for thread: 0x000001d29d4a5800
RSI=0x000000000000a220 is an unknown value
RDI=0x000001d29eb9f310 points into unknown readable memory: 50 c7 23 00 fe 7f 00 00
R8 =0x0 is NULL
R9 =0x0 is NULL
R10=0x00007ffe0023c750 awt.dll
R11=0x00000046ec0fea78 is pointing into the stack for thread: 0x000001d29d4a5800
R12=0x0000000000000001 is an unknown value
R13=0x0000000000121066 is an unknown value
R14=0x0000000000000111 is an unknown value
R15=0x000000000000010f is an unknown value


Registers:
RAX=0x0000000000000000, RBX=0x0000000000000000, RCX=0x00007ffde4b58738, RDX=0x00007ffe0021dd10
RSP=0x00000046ec0fe8c0, RBP=0x00000046ec0fe989, RSI=0x000000000000a220, RDI=0x000001d29eb9f310
R8 =0x0000000000000000, R9 =0x0000000000000000, R10=0x00007ffe0023c750, R11=0x00000046ec0fea78
R12=0x0000000000000001, R13=0x0000000000121066, R14=0x0000000000000111, R15=0x000000000000010f
RIP=0x00007ffe001c1e94, EFLAGS=0x0000000000010202

Top of Stack: (sp=0x00000046ec0fe8c0)
0x00000046ec0fe8c0:   0000000000000000 0000000000000000
0x00000046ec0fe8d0:   0000000000000000 0000000000000000
0x00000046ec0fe8e0:   0000000000000002 00007ffe001c0ec7
0x00000046ec0fe8f0:   000001d29eb9f310 00000046ec0fe989
0x00000046ec0fe900:   000000000000a220 000001d29eb9f310
0x00000046ec0fe910:   000000000000c155 0000000000000000
0x00000046ec0fe920:   0000000000000000 0000000000000000
0x00000046ec0fe930:   0000000000000000 00007ffe00000001
0x00000046ec0fe940:   000000000000c155 0000000000000000
0x00000046ec0fe950:   00000046ec0fea10 0000000000000000
0x00000046ec0fe960:   0000000000000001 000001d29d4a5b40
0x00000046ec0fe970:   000001d29eb9f3b0 fffffffffffffffe
0x00000046ec0fe980:   000001d200000001 00007ffde43dd382
0x00000046ec0fe990:   0000000000000001 00000046ec0fea10
0x00000046ec0fe9a0:   000096ee07fd45fc 000000000000c155
0x00000046ec0fe9b0:   0000000000000000 000000000000a220 

Instructions: (pc=0x00007ffe001c1e94)
0x00007ffe001c1e74:   75 23 48 8d 0d 83 43 0c 00 e8 ee be 03 00 48 8b
0x00007ffe001c1e84:   c8 48 85 c0 75 07 b8 02 00 00 00 eb 29 48 8b 00
0x00007ffe001c1e94:   ff 50 10 eb f1 49 8b c8 e8 fb b5 ff ff 48 85 c0
0x00007ffe001c1ea4:   74 0f 4c 8b 00 8b d3 48 8b c8 41 ff 90 a0 02 00 


Stack slot to memory mapping:
stack at sp + 0 slots: 0x0 is NULL
stack at sp + 1 slots: 0x0 is NULL
stack at sp + 2 slots: 0x0 is NULL
stack at sp + 3 slots: 0x0 is NULL
stack at sp + 4 slots: 0x0000000000000002 is an unknown value
stack at sp + 5 slots: 0x00007ffe001c0ec7 awt.dll
stack at sp + 6 slots: 0x000001d29eb9f310 points into unknown readable memory: 50 c7 23 00 fe 7f 00 00
stack at sp + 7 slots: 0x00000046ec0fe989 is pointing into the stack for thread: 0x000001d29d4a5800


---------------  P R O C E S S  ---------------

Threads class SMR info:
_java_thread_list=0x000001d29d9fd9f0, length=38, elements={
0x000001d2ff52a000, 0x000001d2ff533800, 0x000001d29d318800, 0x000001d29d319000,
0x000001d29d31b000, 0x000001d29d32b800, 0x000001d29d32e800, 0x000001d29d4b5800,
0x000001d29d4ab800, 0x000001d29d4a9000, 0x000001d29d4a6800, 0x000001d29d4a5800,
0x000001d29e0d9000, 0x000001d29e0d3000, 0x000001d29e0d9800, 0x000001d29e0cf000,
0x000001d29e0d0800, 0x000001d29e0d2800, 0x000001d29e0d7800, 0x000001d29e0ce800,
0x000001d29d4a8000, 0x000001d29d4aa800, 0x000001d29e0d5000, 0x000001d29e0d8000,
0x000001d29e0d5800, 0x000001d29e0dc000, 0x000001d29e0dd000, 0x000001d29ed26800,
0x000001d29ed27000, 0x000001d29ed28000, 0x000001d29ed2b000, 0x000001d29ed29800,
0x000001d29ed25800, 0x000001d29ed31800, 0x000001d29ed2d000, 0x000001d29ed2f800,
0x000001d29ed2e800, 0x000001d29ed2c000
}

Java Threads: ( => current thread )
  0x000001d2ff52a000 JavaThread "Reference Handler" daemon [_thread_blocked, id=1144, stack(0x00000046eb300000,0x00000046eb400000)]
  0x000001d2ff533800 JavaThread "Finalizer" daemon [_thread_blocked, id=7688, stack(0x00000046eb400000,0x00000046eb500000)]
  0x000001d29d318800 JavaThread "Signal Dispatcher" daemon [_thread_blocked, id=2224, stack(0x00000046eb500000,0x00000046eb600000)]
  0x000001d29d319000 JavaThread "Attach Listener" daemon [_thread_blocked, id=12348, stack(0x00000046eb600000,0x00000046eb700000)]
  0x000001d29d31b000 JavaThread "C2 CompilerThread0" daemon [_thread_blocked, id=3236, stack(0x00000046eb700000,0x00000046eb800000)]
  0x000001d29d32b800 JavaThread "C1 CompilerThread0" daemon [_thread_blocked, id=10576, stack(0x00000046eb800000,0x00000046eb900000)]
  0x000001d29d32e800 JavaThread "Sweeper thread" daemon [_thread_blocked, id=14272, stack(0x00000046eb900000,0x00000046eba00000)]
  0x000001d29d4b5800 JavaThread "Service Thread" daemon [_thread_blocked, id=14448, stack(0x00000046eba00000,0x00000046ebb00000)]
  0x000001d29d4ab800 JavaThread "Common-Cleaner" daemon [_thread_blocked, id=2392, stack(0x00000046ebc00000,0x00000046ebd00000)]
  0x000001d29d4a9000 JavaThread "Java2D Disposer" daemon [_thread_blocked, id=14592, stack(0x00000046ebe00000,0x00000046ebf00000)]
  0x000001d29d4a6800 JavaThread "AWT-Shutdown" [_thread_blocked, id=14784, stack(0x00000046ebf00000,0x00000046ec000000)]
=>0x000001d29d4a5800 JavaThread "AWT-Windows" daemon [_thread_in_native, id=5080, stack(0x00000046ec000000,0x00000046ec100000)]
  0x000001d29e0d9000 JavaThread "Abandoned connection cleanup thread" daemon [_thread_blocked, id=3972, stack(0x00000046eee00000,0x00000046eef00000)]
  0x000001d29e0d3000 JavaThread "AWT-EventQueue-0" [_thread_blocked, id=14596, stack(0x00000046ef000000,0x00000046ef100000)]
  0x000001d29e0d9800 JavaThread "DestroyJavaVM" [_thread_blocked, id=2624, stack(0x00000046eac00000,0x00000046ead00000)]
  0x000001d29e0cf000 JavaThread "Thread-37" [_thread_blocked, id=12300, stack(0x00000046ebd00000,0x00000046ebe00000)]
  0x000001d29e0d0800 JavaThread "Thread-38" [_thread_blocked, id=10804, stack(0x00000046ec300000,0x00000046ec400000)]
  0x000001d29e0d2800 JavaThread "Thread-40" [_thread_blocked, id=10420, stack(0x00000046ec600000,0x00000046ec700000)]
  0x000001d29e0d7800 JavaThread "Thread-42" [_thread_blocked, id=8776, stack(0x00000046eca00000,0x00000046ecb00000)]
  0x000001d29e0ce800 JavaThread "Thread-43" [_thread_blocked, id=14004, stack(0x00000046ec100000,0x00000046ec200000)]
  0x000001d29d4a8000 JavaThread "Thread-46" [_thread_blocked, id=8696, stack(0x00000046ec200000,0x00000046ec300000)]
  0x000001d29d4aa800 JavaThread "Thread-50" [_thread_blocked, id=15488, stack(0x00000046ecc00000,0x00000046ecd00000)]
  0x000001d29e0d5000 JavaThread "Thread-51" [_thread_blocked, id=6700, stack(0x00000046ece00000,0x00000046ecf00000)]
  0x000001d29e0d8000 JavaThread "TimerQueue" daemon [_thread_blocked, id=14536, stack(0x00000046ea900000,0x00000046eaa00000)]
  0x000001d29e0d5800 JavaThread "Thread-54" daemon [_thread_in_native, id=12716, stack(0x00000046eaa00000,0x00000046eab00000)]
  0x000001d29e0dc000 JavaThread "Thread-55" [_thread_in_native, id=9764, stack(0x00000046eab00000,0x00000046eac00000)]
  0x000001d29e0dd000 JavaThread "Thread-56" [_thread_blocked, id=8412, stack(0x00000046ed100000,0x00000046ed200000)]
  0x000001d29ed26800 JavaThread "Thread-60" [_thread_blocked, id=8184, stack(0x00000046ed500000,0x00000046ed600000)]
  0x000001d29ed27000 JavaThread "Thread-63" [_thread_blocked, id=14244, stack(0x00000046ed300000,0x00000046ed400000)]
  0x000001d29ed28000 JavaThread "Thread-64" [_thread_blocked, id=10364, stack(0x00000046ed600000,0x00000046ed700000)]
  0x000001d29ed2b000 JavaThread "Thread-65" [_thread_in_native, id=14404, stack(0x00000046ed700000,0x00000046ed800000)]
  0x000001d29ed29800 JavaThread "Thread-66" [_thread_blocked, id=14996, stack(0x00000046ec400000,0x00000046ec500000)]
  0x000001d29ed25800 JavaThread "Thread-67" [_thread_blocked, id=13588, stack(0x00000046ec500000,0x00000046ec600000)]
  0x000001d29ed31800 JavaThread "Thread-68" [_thread_blocked, id=3816, stack(0x00000046ec700000,0x00000046ec800000)]
  0x000001d29ed2d000 JavaThread "Thread-70" [_thread_blocked, id=4548, stack(0x00000046ecb00000,0x00000046ecc00000)]
  0x000001d29ed2f800 JavaThread "Thread-71" [_thread_blocked, id=276, stack(0x00000046ecd00000,0x00000046ece00000)]
  0x000001d29ed2e800 JavaThread "Thread-7379" [_thread_blocked, id=3528, stack(0x00000046eda00000,0x00000046edb00000)]
  0x000001d29ed2c000 JavaThread "Thread-7380" [_thread_blocked, id=12468, stack(0x00000046edb00000,0x00000046edc00000)]

Other Threads:
  0x000001d2ff528000 VMThread "VM Thread" [stack: 0x00000046eb200000,0x00000046eb300000] [id=5460]
  0x000001d29d4ba000 WatcherThread [stack: 0x00000046ebb00000,0x00000046ebc00000] [id=12804]
  0x000001d2f6b2b000 GCTaskThread "GC Thread#0" [stack: 0x00000046ead00000,0x00000046eae00000] [id=15792]
  0x000001d29dcab000 GCTaskThread "GC Thread#1" [stack: 0x00000046ee500000,0x00000046ee600000] [id=13292]
  0x000001d29dca1000 GCTaskThread "GC Thread#2" [stack: 0x00000046ee600000,0x00000046ee700000] [id=6476]
  0x000001d29dca1800 GCTaskThread "GC Thread#3" [stack: 0x00000046ee700000,0x00000046ee800000] [id=448]
  0x000001d29dca2000 GCTaskThread "GC Thread#4" [stack: 0x00000046ee800000,0x00000046ee900000] [id=6612]
  0x000001d29dcb6000 GCTaskThread "GC Thread#5" [stack: 0x00000046ee900000,0x00000046eea00000] [id=9044]
  0x000001d29dcb6800 GCTaskThread "GC Thread#6" [stack: 0x00000046eea00000,0x00000046eeb00000] [id=15736]
  0x000001d29dcb7000 GCTaskThread "GC Thread#7" [stack: 0x00000046eeb00000,0x00000046eec00000] [id=4584]
  0x000001d29dcb8000 GCTaskThread "GC Thread#8" [stack: 0x00000046eec00000,0x00000046eed00000] [id=15652]
  0x000001d29dcc4800 GCTaskThread "GC Thread#9" [stack: 0x00000046eed00000,0x00000046eee00000] [id=11756]
  0x000001d2f6b82000 ConcurrentGCThread "G1 Main Marker" [stack: 0x00000046eae00000,0x00000046eaf00000] [id=3988]
  0x000001d2f6b85000 ConcurrentGCThread "G1 Conc#0" [stack: 0x00000046eaf00000,0x00000046eb000000] [id=16036]
  0x000001d29e594000 ConcurrentGCThread "G1 Conc#1" [stack: 0x00000046ef400000,0x00000046ef500000] [id=16080]
  0x000001d29e7cd000 ConcurrentGCThread "G1 Conc#2" [stack: 0x00000046ef500000,0x00000046ef600000] [id=14296]
  0x000001d2ff410800 ConcurrentGCThread "G1 Refine#0" [stack: 0x00000046eb000000,0x00000046eb100000] [id=5872]
  0x000001d29d42e000 ConcurrentGCThread "G1 Refine#1" [stack: 0x00000046ec800000,0x00000046ec900000] [id=6656]
  0x000001d29d42e800 ConcurrentGCThread "G1 Refine#2" [stack: 0x00000046ecf00000,0x00000046ed000000] [id=2292]
  0x000001d29d42f800 ConcurrentGCThread "G1 Refine#3" [stack: 0x00000046ed800000,0x00000046ed900000] [id=13512]
  0x000001d29ecf5800 ConcurrentGCThread "G1 Refine#4" [stack: 0x00000046edc00000,0x00000046edd00000] [id=4348]
  0x000001d2a2034000 ConcurrentGCThread "G1 Refine#5" [stack: 0x00000046edd00000,0x00000046ede00000] [id=12240]
  0x000001d2ff411800 ConcurrentGCThread "G1 Young RemSet Sampling" [stack: 0x00000046eb100000,0x00000046eb200000] [id=8680]

Threads with active compile tasks:

VM state:not at safepoint (normal execution)

VM Mutex/Monitor currently owned by a thread: None

Heap address: 0x0000000702000000, size: 4064 MB, Compressed Oops mode: Zero based, Oop shift amount: 3
Narrow klass base: 0x0000000800000000, Narrow klass shift: 0
Compressed class space size: 1073741824 Address: 0x0000000800000000

Heap:
 garbage-first heap   total 312320K, used 199749K [0x0000000702000000, 0x0000000800000000)
  region size 1024K, 7 young (7168K), 5 survivors (5120K)
 Metaspace       used 37852K, capacity 38437K, committed 40108K, reserved 1085440K
  class space    used 3876K, capacity 4142K, committed 4608K, reserved 1048576K
Heap Regions: E=young(eden), S=young(survivor), O=old, HS=humongous(starts), HC=humongous(continues), CS=collection set, F=free, A=archive, TAMS=top-at-mark-start (previous, next)
|   0|0x0000000702000000, 0x0000000702100000, 0x0000000702100000|100%| O|  |TAMS 0x0000000702100000, 0x0000000702000000| Untracked 
|   1|0x0000000702100000, 0x0000000702200000, 0x0000000702200000|100%| O|  |TAMS 0x0000000702200000, 0x0000000702100000| Untracked 
|   2|0x0000000702200000, 0x0000000702300000, 0x0000000702300000|100%| O|  |TAMS 0x0000000702300000, 0x0000000702200000| Untracked 
|   3|0x0000000702300000, 0x0000000702400000, 0x0000000702400000|100%|HS|  |TAMS 0x0000000702400000, 0x0000000702300000| Complete 
|   4|0x0000000702400000, 0x0000000702500000, 0x0000000702500000|100%|HC|  |TAMS 0x0000000702500000, 0x0000000702400000| Complete 
|   5|0x0000000702500000, 0x0000000702600000, 0x0000000702600000|100%|HC|  |TAMS 0x0000000702600000, 0x0000000702500000| Complete 
|   6|0x0000000702600000, 0x0000000702700000, 0x0000000702700000|100%| O|  |TAMS 0x0000000702700000, 0x0000000702600000| Untracked 
|   7|0x0000000702700000, 0x0000000702800000, 0x0000000702800000|100%| O|  |TAMS 0x0000000702800000, 0x0000000702700000| Untracked 
|   8|0x0000000702800000, 0x0000000702900000, 0x0000000702900000|100%| O|  |TAMS 0x0000000702900000, 0x0000000702800000| Untracked 
|   9|0x0000000702900000, 0x0000000702a00000, 0x0000000702a00000|100%| O|  |TAMS 0x0000000702a00000, 0x0000000702900000| Untracked 
|  10|0x0000000702a00000, 0x0000000702b00000, 0x0000000702b00000|100%| O|  |TAMS 0x0000000702b00000, 0x0000000702a00000| Untracked 
|  11|0x0000000702b00000, 0x0000000702c00000, 0x0000000702c00000|100%| O|  |TAMS 0x0000000702c00000, 0x0000000702b00000| Untracked 
|  12|0x0000000702c00000, 0x0000000702d00000, 0x0000000702d00000|100%| O|  |TAMS 0x0000000702d00000, 0x0000000702c00000| Untracked 
|  13|0x0000000702d00000, 0x0000000702e00000, 0x0000000702e00000|100%| O|  |TAMS 0x0000000702e00000, 0x0000000702d00000| Untracked 
|  14|0x0000000702e00000, 0x0000000702f00000, 0x0000000702f00000|100%| O|  |TAMS 0x0000000702f00000, 0x0000000702e00000| Untracked 
|  15|0x0000000702f00000, 0x0000000703000000, 0x0000000703000000|100%|HS|  |TAMS 0x0000000702f00000, 0x0000000702f00000| Complete 
|  16|0x0000000703000000, 0x0000000703000000, 0x0000000703100000|  0%| F|  |TAMS 0x0000000703000000, 0x0000000703000000| Untracked 
|  17|0x0000000703100000, 0x0000000703200000, 0x0000000703200000|100%|HS|  |TAMS 0x0000000703200000, 0x0000000703100000| Complete 
|  18|0x0000000703200000, 0x0000000703300000, 0x0000000703300000|100%| O|  |TAMS 0x0000000703300000, 0x0000000703200000| Untracked 
|  19|0x0000000703300000, 0x0000000703400000, 0x0000000703400000|100%| O|  |TAMS 0x0000000703400000, 0x0000000703300000| Untracked 
|  20|0x0000000703400000, 0x0000000703500000, 0x0000000703500000|100%| O|  |TAMS 0x0000000703500000, 0x0000000703400000| Untracked 
|  21|0x0000000703500000, 0x0000000703600000, 0x0000000703600000|100%| O|  |TAMS 0x0000000703600000, 0x0000000703500000| Untracked 
|  22|0x0000000703600000, 0x0000000703700000, 0x0000000703700000|100%| O|  |TAMS 0x0000000703700000, 0x0000000703600000| Untracked 
|  23|0x0000000703700000, 0x0000000703800000, 0x0000000703800000|100%| O|  |TAMS 0x0000000703800000, 0x0000000703700000| Untracked 
|  24|0x0000000703800000, 0x0000000703900000, 0x0000000703900000|100%|HS|  |TAMS 0x0000000703900000, 0x0000000703800000| Complete 
|  25|0x0000000703900000, 0x0000000703a00000, 0x0000000703a00000|100%|HC|  |TAMS 0x0000000703a00000, 0x0000000703900000| Complete 
|  26|0x0000000703a00000, 0x0000000703b00000, 0x0000000703b00000|100%| O|  |TAMS 0x0000000703b00000, 0x0000000703a00000| Untracked 
|  27|0x0000000703b00000, 0x0000000703c00000, 0x0000000703c00000|100%| O|  |TAMS 0x0000000703c00000, 0x0000000703b00000| Untracked 
|  28|0x0000000703c00000, 0x0000000703d00000, 0x0000000703d00000|100%| O|  |TAMS 0x0000000703d00000, 0x0000000703c00000| Untracked 
|  29|0x0000000703d00000, 0x0000000703e00000, 0x0000000703e00000|100%| O|  |TAMS 0x0000000703e00000, 0x0000000703d00000| Untracked 
|  30|0x0000000703e00000, 0x0000000703f00000, 0x0000000703f00000|100%| O|  |TAMS 0x0000000703f00000, 0x0000000703e00000| Untracked 
|  31|0x0000000703f00000, 0x0000000704000000, 0x0000000704000000|100%| O|  |TAMS 0x0000000704000000, 0x0000000703f00000| Untracked 
|  32|0x0000000704000000, 0x0000000704100000, 0x0000000704100000|100%| O|  |TAMS 0x0000000704100000, 0x0000000704000000| Untracked 
|  33|0x0000000704100000, 0x0000000704200000, 0x0000000704200000|100%| O|  |TAMS 0x0000000704200000, 0x0000000704100000| Untracked 
|  34|0x0000000704200000, 0x0000000704300000, 0x0000000704300000|100%| O|  |TAMS 0x0000000704300000, 0x0000000704200000| Untracked 
|  35|0x0000000704300000, 0x0000000704400000, 0x0000000704400000|100%| O|  |TAMS 0x0000000704400000, 0x0000000704300000| Untracked 
|  36|0x0000000704400000, 0x0000000704500000, 0x0000000704500000|100%| O|  |TAMS 0x0000000704500000, 0x0000000704400000| Untracked 
|  37|0x0000000704500000, 0x0000000704600000, 0x0000000704600000|100%| O|  |TAMS 0x0000000704600000, 0x0000000704500000| Untracked 
|  38|0x0000000704600000, 0x0000000704700000, 0x0000000704700000|100%| O|  |TAMS 0x0000000704700000, 0x0000000704600000| Untracked 
|  39|0x0000000704700000, 0x0000000704800000, 0x0000000704800000|100%| O|  |TAMS 0x0000000704800000, 0x0000000704700000| Untracked 
|  40|0x0000000704800000, 0x0000000704900000, 0x0000000704900000|100%| O|  |TAMS 0x0000000704900000, 0x0000000704800000| Untracked 
|  41|0x0000000704900000, 0x0000000704a00000, 0x0000000704a00000|100%| O|  |TAMS 0x0000000704a00000, 0x0000000704900000| Untracked 
|  42|0x0000000704a00000, 0x0000000704b00000, 0x0000000704b00000|100%| O|  |TAMS 0x0000000704b00000, 0x0000000704a00000| Untracked 
|  43|0x0000000704b00000, 0x0000000704c00000, 0x0000000704c00000|100%|HS|  |TAMS 0x0000000704c00000, 0x0000000704b00000| Complete 
|  44|0x0000000704c00000, 0x0000000704d00000, 0x0000000704d00000|100%| O|  |TAMS 0x0000000704d00000, 0x0000000704c00000| Untracked 
|  45|0x0000000704d00000, 0x0000000704e00000, 0x0000000704e00000|100%| O|  |TAMS 0x0000000704e00000, 0x0000000704d00000| Untracked 
|  46|0x0000000704e00000, 0x0000000704f00000, 0x0000000704f00000|100%| O|  |TAMS 0x0000000704f00000, 0x0000000704e00000| Untracked 
|  47|0x0000000704f00000, 0x0000000705000000, 0x0000000705000000|100%| O|  |TAMS 0x0000000705000000, 0x0000000704f00000| Untracked 
|  48|0x0000000705000000, 0x0000000705100000, 0x0000000705100000|100%| O|  |TAMS 0x0000000705100000, 0x0000000705000000| Untracked 
|  49|0x0000000705100000, 0x0000000705200000, 0x0000000705200000|100%| O|  |TAMS 0x0000000705200000, 0x0000000705100000| Untracked 
|  50|0x0000000705200000, 0x0000000705300000, 0x0000000705300000|100%| O|  |TAMS 0x0000000705300000, 0x0000000705200000| Untracked 
|  51|0x0000000705300000, 0x0000000705400000, 0x0000000705400000|100%| O|  |TAMS 0x0000000705400000, 0x0000000705300000| Untracked 
|  52|0x0000000705400000, 0x0000000705500000, 0x0000000705500000|100%| O|  |TAMS 0x0000000705500000, 0x0000000705400000| Untracked 
|  53|0x0000000705500000, 0x0000000705600000, 0x0000000705600000|100%| O|  |TAMS 0x0000000705600000, 0x0000000705500000| Untracked 
|  54|0x0000000705600000, 0x0000000705700000, 0x0000000705700000|100%| O|  |TAMS 0x0000000705700000, 0x0000000705600000| Untracked 
|  55|0x0000000705700000, 0x0000000705800000, 0x0000000705800000|100%| O|  |TAMS 0x0000000705800000, 0x0000000705700000| Untracked 
|  56|0x0000000705800000, 0x0000000705900000, 0x0000000705900000|100%| O|  |TAMS 0x0000000705900000, 0x0000000705800000| Untracked 
|  57|0x0000000705900000, 0x0000000705a00000, 0x0000000705a00000|100%| O|  |TAMS 0x0000000705a00000, 0x0000000705900000| Untracked 
|  58|0x0000000705a00000, 0x0000000705b00000, 0x0000000705b00000|100%|HS|  |TAMS 0x0000000705b00000, 0x0000000705a00000| Complete 
|  59|0x0000000705b00000, 0x0000000705c00000, 0x0000000705c00000|100%| O|  |TAMS 0x0000000705c00000, 0x0000000705b00000| Untracked 
|  60|0x0000000705c00000, 0x0000000705d00000, 0x0000000705d00000|100%| O|  |TAMS 0x0000000705d00000, 0x0000000705c00000| Untracked 
|  61|0x0000000705d00000, 0x0000000705e00000, 0x0000000705e00000|100%| O|  |TAMS 0x0000000705e00000, 0x0000000705d00000| Untracked 
|  62|0x0000000705e00000, 0x0000000705f00000, 0x0000000705f00000|100%| O|  |TAMS 0x0000000705f00000, 0x0000000705e00000| Untracked 
|  63|0x0000000705f00000, 0x0000000706000000, 0x0000000706000000|100%| O|  |TAMS 0x0000000706000000, 0x0000000705f00000| Untracked 
|  64|0x0000000706000000, 0x0000000706100000, 0x0000000706100000|100%| O|  |TAMS 0x0000000706100000, 0x0000000706000000| Untracked 
|  65|0x0000000706100000, 0x0000000706200000, 0x0000000706200000|100%| O|  |TAMS 0x0000000706200000, 0x0000000706100000| Untracked 
|  66|0x0000000706200000, 0x0000000706300000, 0x0000000706300000|100%| O|  |TAMS 0x0000000706300000, 0x0000000706200000| Untracked 
|  67|0x0000000706300000, 0x0000000706400000, 0x0000000706400000|100%| O|  |TAMS 0x0000000706400000, 0x0000000706300000| Untracked 
|  68|0x0000000706400000, 0x0000000706500000, 0x0000000706500000|100%| O|  |TAMS 0x0000000706500000, 0x0000000706400000| Untracked 
|  69|0x0000000706500000, 0x0000000706600000, 0x0000000706600000|100%| O|  |TAMS 0x0000000706600000, 0x0000000706500000| Untracked 
|  70|0x0000000706600000, 0x0000000706700000, 0x0000000706700000|100%| O|  |TAMS 0x0000000706700000, 0x0000000706600000| Untracked 
|  71|0x0000000706700000, 0x0000000706800000, 0x0000000706800000|100%| O|  |TAMS 0x0000000706800000, 0x0000000706700000| Untracked 
|  72|0x0000000706800000, 0x0000000706900000, 0x0000000706900000|100%| O|  |TAMS 0x0000000706900000, 0x0000000706800000| Untracked 
|  73|0x0000000706900000, 0x0000000706900000, 0x0000000706a00000|  0%| F|  |TAMS 0x0000000706900000, 0x0000000706900000| Untracked 
|  74|0x0000000706a00000, 0x0000000706b00000, 0x0000000706b00000|100%| O|  |TAMS 0x0000000706b00000, 0x0000000706a00000| Untracked 
|  75|0x0000000706b00000, 0x0000000706c00000, 0x0000000706c00000|100%| O|  |TAMS 0x0000000706c00000, 0x0000000706b00000| Untracked 
|  76|0x0000000706c00000, 0x0000000706d00000, 0x0000000706d00000|100%| O|  |TAMS 0x0000000706d00000, 0x0000000706c00000| Untracked 
|  77|0x0000000706d00000, 0x0000000706e00000, 0x0000000706e00000|100%| O|  |TAMS 0x0000000706e00000, 0x0000000706d00000| Untracked 
|  78|0x0000000706e00000, 0x0000000706f00000, 0x0000000706f00000|100%| O|  |TAMS 0x0000000706f00000, 0x0000000706e00000| Untracked 
|  79|0x0000000706f00000, 0x0000000707000000, 0x0000000707000000|100%| O|  |TAMS 0x0000000707000000, 0x0000000706f00000| Untracked 
|  80|0x0000000707000000, 0x0000000707100000, 0x0000000707100000|100%| O|  |TAMS 0x0000000707100000, 0x0000000707000000| Untracked 
|  81|0x0000000707100000, 0x0000000707200000, 0x0000000707200000|100%| O|  |TAMS 0x0000000707200000, 0x0000000707100000| Untracked 
|  82|0x0000000707200000, 0x0000000707300000, 0x0000000707300000|100%| O|  |TAMS 0x0000000707300000, 0x0000000707200000| Untracked 
|  83|0x0000000707300000, 0x0000000707400000, 0x0000000707400000|100%| O|  |TAMS 0x0000000707400000, 0x0000000707300000| Untracked 
|  84|0x0000000707400000, 0x0000000707500000, 0x0000000707500000|100%| O|  |TAMS 0x0000000707500000, 0x0000000707400000| Untracked 
|  85|0x0000000707500000, 0x0000000707600000, 0x0000000707600000|100%|HS|  |TAMS 0x0000000707600000, 0x0000000707500000| Complete 
|  86|0x0000000707600000, 0x0000000707700000, 0x0000000707700000|100%|HC|  |TAMS 0x0000000707700000, 0x0000000707600000| Complete 
|  87|0x0000000707700000, 0x0000000707800000, 0x0000000707800000|100%| O|  |TAMS 0x0000000707800000, 0x0000000707700000| Untracked 
|  88|0x0000000707800000, 0x0000000707900000, 0x0000000707900000|100%| O|  |TAMS 0x0000000707900000, 0x0000000707800000| Untracked 
|  89|0x0000000707900000, 0x0000000707a00000, 0x0000000707a00000|100%| O|  |TAMS 0x0000000707a00000, 0x0000000707900000| Untracked 
|  90|0x0000000707a00000, 0x0000000707b00000, 0x0000000707b00000|100%| O|  |TAMS 0x0000000707b00000, 0x0000000707a00000| Untracked 
|  91|0x0000000707b00000, 0x0000000707c00000, 0x0000000707c00000|100%| O|  |TAMS 0x0000000707c00000, 0x0000000707b00000| Untracked 
|  92|0x0000000707c00000, 0x0000000707d00000, 0x0000000707d00000|100%| O|  |TAMS 0x0000000707d00000, 0x0000000707c00000| Untracked 
|  93|0x0000000707d00000, 0x0000000707e00000, 0x0000000707e00000|100%| O|  |TAMS 0x0000000707e00000, 0x0000000707d00000| Untracked 
|  94|0x0000000707e00000, 0x0000000707f00000, 0x0000000707f00000|100%| O|  |TAMS 0x0000000707f00000, 0x0000000707e00000| Untracked 
|  95|0x0000000707f00000, 0x0000000708000000, 0x0000000708000000|100%| O|  |TAMS 0x0000000708000000, 0x0000000707f00000| Untracked 
|  96|0x0000000708000000, 0x0000000708100000, 0x0000000708100000|100%| O|  |TAMS 0x0000000708100000, 0x0000000708000000| Untracked 
|  97|0x0000000708100000, 0x0000000708200000, 0x0000000708200000|100%| O|  |TAMS 0x0000000708200000, 0x0000000708100000| Untracked 
|  98|0x0000000708200000, 0x0000000708300000, 0x0000000708300000|100%| O|  |TAMS 0x0000000708300000, 0x0000000708200000| Untracked 
|  99|0x0000000708300000, 0x0000000708400000, 0x0000000708400000|100%| O|  |TAMS 0x0000000708400000, 0x0000000708300000| Untracked 
| 100|0x0000000708400000, 0x0000000708500000, 0x0000000708500000|100%| O|  |TAMS 0x0000000708500000, 0x0000000708400000| Untracked 
| 101|0x0000000708500000, 0x0000000708600000, 0x0000000708600000|100%| O|  |TAMS 0x0000000708600000, 0x0000000708500000| Untracked 
| 102|0x0000000708600000, 0x0000000708700000, 0x0000000708700000|100%| O|  |TAMS 0x0000000708700000, 0x0000000708600000| Untracked 
| 103|0x0000000708700000, 0x0000000708800000, 0x0000000708800000|100%| O|  |TAMS 0x0000000708800000, 0x0000000708700000| Untracked 
| 104|0x0000000708800000, 0x0000000708900000, 0x0000000708900000|100%| O|  |TAMS 0x0000000708900000, 0x0000000708800000| Untracked 
| 105|0x0000000708900000, 0x0000000708a00000, 0x0000000708a00000|100%| O|  |TAMS 0x0000000708a00000, 0x0000000708900000| Untracked 
| 106|0x0000000708a00000, 0x0000000708b00000, 0x0000000708b00000|100%| O|  |TAMS 0x0000000708b00000, 0x0000000708a00000| Untracked 
| 107|0x0000000708b00000, 0x0000000708c00000, 0x0000000708c00000|100%| O|  |TAMS 0x0000000708c00000, 0x0000000708b00000| Untracked 
| 108|0x0000000708c00000, 0x0000000708d00000, 0x0000000708d00000|100%| O|  |TAMS 0x0000000708d00000, 0x0000000708c00000| Untracked 
| 109|0x0000000708d00000, 0x0000000708e00000, 0x0000000708e00000|100%| O|  |TAMS 0x0000000708e00000, 0x0000000708d00000| Untracked 
| 110|0x0000000708e00000, 0x0000000708f00000, 0x0000000708f00000|100%| O|  |TAMS 0x0000000708f00000, 0x0000000708e00000| Untracked 
| 111|0x0000000708f00000, 0x0000000709000000, 0x0000000709000000|100%| O|  |TAMS 0x0000000709000000, 0x0000000708f00000| Untracked 
| 112|0x0000000709000000, 0x0000000709100000, 0x0000000709100000|100%| O|  |TAMS 0x0000000709100000, 0x0000000709000000| Untracked 
| 113|0x0000000709100000, 0x0000000709200000, 0x0000000709200000|100%| O|  |TAMS 0x0000000709200000, 0x0000000709100000| Untracked 
| 114|0x0000000709200000, 0x0000000709300000, 0x0000000709300000|100%| O|  |TAMS 0x0000000709300000, 0x0000000709200000| Untracked 
| 115|0x0000000709300000, 0x0000000709400000, 0x0000000709400000|100%| O|  |TAMS 0x0000000709400000, 0x0000000709300000| Untracked 
| 116|0x0000000709400000, 0x0000000709500000, 0x0000000709500000|100%| O|  |TAMS 0x0000000709500000, 0x0000000709400000| Untracked 
| 117|0x0000000709500000, 0x0000000709600000, 0x0000000709600000|100%| O|  |TAMS 0x0000000709600000, 0x0000000709500000| Untracked 
| 118|0x0000000709600000, 0x0000000709700000, 0x0000000709700000|100%| O|  |TAMS 0x0000000709700000, 0x0000000709600000| Untracked 
| 119|0x0000000709700000, 0x0000000709800000, 0x0000000709800000|100%| O|  |TAMS 0x0000000709800000, 0x0000000709700000| Untracked 
| 120|0x0000000709800000, 0x0000000709900000, 0x0000000709900000|100%| O|  |TAMS 0x0000000709900000, 0x0000000709800000| Untracked 
| 121|0x0000000709900000, 0x0000000709a00000, 0x0000000709a00000|100%| O|  |TAMS 0x0000000709a00000, 0x0000000709900000| Untracked 
| 122|0x0000000709a00000, 0x0000000709b00000, 0x0000000709b00000|100%| O|  |TAMS 0x0000000709b00000, 0x0000000709a00000| Untracked 
| 123|0x0000000709b00000, 0x0000000709c00000, 0x0000000709c00000|100%| O|  |TAMS 0x0000000709c00000, 0x0000000709b00000| Untracked 
| 124|0x0000000709c00000, 0x0000000709d00000, 0x0000000709d00000|100%| O|  |TAMS 0x0000000709d00000, 0x0000000709c00000| Untracked 
| 125|0x0000000709d00000, 0x0000000709e00000, 0x0000000709e00000|100%| O|  |TAMS 0x0000000709e00000, 0x0000000709d00000| Untracked 
| 126|0x0000000709e00000, 0x0000000709f00000, 0x0000000709f00000|100%| O|  |TAMS 0x0000000709f00000, 0x0000000709e00000| Untracked 
| 127|0x0000000709f00000, 0x000000070a000000, 0x000000070a000000|100%| O|  |TAMS 0x000000070a000000, 0x0000000709f00000| Untracked 
| 128|0x000000070a000000, 0x000000070a100000, 0x000000070a100000|100%| O|  |TAMS 0x000000070a100000, 0x000000070a000000| Untracked 
| 129|0x000000070a100000, 0x000000070a200000, 0x000000070a200000|100%| O|  |TAMS 0x000000070a200000, 0x000000070a100000| Untracked 
| 130|0x000000070a200000, 0x000000070a300000, 0x000000070a300000|100%| O|  |TAMS 0x000000070a300000, 0x000000070a200000| Untracked 
| 131|0x000000070a300000, 0x000000070a400000, 0x000000070a400000|100%| O|  |TAMS 0x000000070a400000, 0x000000070a300000| Untracked 
| 132|0x000000070a400000, 0x000000070a500000, 0x000000070a500000|100%| O|  |TAMS 0x000000070a500000, 0x000000070a400000| Untracked 
| 133|0x000000070a500000, 0x000000070a600000, 0x000000070a600000|100%| O|  |TAMS 0x000000070a600000, 0x000000070a500000| Untracked 
| 134|0x000000070a600000, 0x000000070a700000, 0x000000070a700000|100%| O|  |TAMS 0x000000070a700000, 0x000000070a600000| Untracked 
| 135|0x000000070a700000, 0x000000070a800000, 0x000000070a800000|100%| O|  |TAMS 0x000000070a800000, 0x000000070a700000| Untracked 
| 136|0x000000070a800000, 0x000000070a900000, 0x000000070a900000|100%| O|  |TAMS 0x000000070a900000, 0x000000070a800000| Untracked 
| 137|0x000000070a900000, 0x000000070aa00000, 0x000000070aa00000|100%| O|  |TAMS 0x000000070aa00000, 0x000000070a900000| Untracked 
| 138|0x000000070aa00000, 0x000000070ab00000, 0x000000070ab00000|100%| O|  |TAMS 0x000000070ab00000, 0x000000070aa00000| Untracked 
| 139|0x000000070ab00000, 0x000000070ac00000, 0x000000070ac00000|100%| O|  |TAMS 0x000000070ac00000, 0x000000070ab00000| Untracked 
| 140|0x000000070ac00000, 0x000000070ad00000, 0x000000070ad00000|100%| O|  |TAMS 0x000000070ad00000, 0x000000070ac00000| Untracked 
| 141|0x000000070ad00000, 0x000000070ae00000, 0x000000070ae00000|100%| O|  |TAMS 0x000000070ae00000, 0x000000070ad00000| Untracked 
| 142|0x000000070ae00000, 0x000000070af00000, 0x000000070af00000|100%| O|  |TAMS 0x000000070af00000, 0x000000070ae00000| Untracked 
| 143|0x000000070af00000, 0x000000070b000000, 0x000000070b000000|100%| O|  |TAMS 0x000000070b000000, 0x000000070af00000| Untracked 
| 144|0x000000070b000000, 0x000000070b100000, 0x000000070b100000|100%| O|  |TAMS 0x000000070b100000, 0x000000070b000000| Untracked 
| 145|0x000000070b100000, 0x000000070b200000, 0x000000070b200000|100%| O|  |TAMS 0x000000070b200000, 0x000000070b100000| Untracked 
| 146|0x000000070b200000, 0x000000070b300000, 0x000000070b300000|100%| O|  |TAMS 0x000000070b300000, 0x000000070b200000| Untracked 
| 147|0x000000070b300000, 0x000000070b400000, 0x000000070b400000|100%| O|  |TAMS 0x000000070b400000, 0x000000070b300000| Untracked 
| 148|0x000000070b400000, 0x000000070b500000, 0x000000070b500000|100%| O|  |TAMS 0x000000070b500000, 0x000000070b400000| Untracked 
| 149|0x000000070b500000, 0x000000070b600000, 0x000000070b600000|100%| O|  |TAMS 0x000000070b600000, 0x000000070b500000| Untracked 
| 150|0x000000070b600000, 0x000000070b700000, 0x000000070b700000|100%| O|  |TAMS 0x000000070b700000, 0x000000070b600000| Untracked 
| 151|0x000000070b700000, 0x000000070b800000, 0x000000070b800000|100%| O|  |TAMS 0x000000070b800000, 0x000000070b700000| Untracked 
| 152|0x000000070b800000, 0x000000070b900000, 0x000000070b900000|100%| O|  |TAMS 0x000000070b900000, 0x000000070b800000| Untracked 
| 153|0x000000070b900000, 0x000000070ba00000, 0x000000070ba00000|100%| O|  |TAMS 0x000000070ba00000, 0x000000070b900000| Untracked 
| 154|0x000000070ba00000, 0x000000070bb00000, 0x000000070bb00000|100%| O|  |TAMS 0x000000070bb00000, 0x000000070ba00000| Untracked 
| 155|0x000000070bb00000, 0x000000070bc00000, 0x000000070bc00000|100%| O|  |TAMS 0x000000070bc00000, 0x000000070bb00000| Untracked 
| 156|0x000000070bc00000, 0x000000070bd00000, 0x000000070bd00000|100%| O|  |TAMS 0x000000070bd00000, 0x000000070bc00000| Untracked 
| 157|0x000000070bd00000, 0x000000070be00000, 0x000000070be00000|100%| O|  |TAMS 0x000000070be00000, 0x000000070bd00000| Untracked 
| 158|0x000000070be00000, 0x000000070bf00000, 0x000000070bf00000|100%| O|  |TAMS 0x000000070bf00000, 0x000000070be00000| Untracked 
| 159|0x000000070bf00000, 0x000000070c000000, 0x000000070c000000|100%| O|  |TAMS 0x000000070c000000, 0x000000070bf00000| Untracked 
| 160|0x000000070c000000, 0x000000070c100000, 0x000000070c100000|100%| O|  |TAMS 0x000000070c100000, 0x000000070c000000| Untracked 
| 161|0x000000070c100000, 0x000000070c200000, 0x000000070c200000|100%| O|  |TAMS 0x000000070c200000, 0x000000070c100000| Untracked 
| 162|0x000000070c200000, 0x000000070c300000, 0x000000070c300000|100%| O|  |TAMS 0x000000070c300000, 0x000000070c200000| Untracked 
| 163|0x000000070c300000, 0x000000070c400000, 0x000000070c400000|100%| O|  |TAMS 0x000000070c400000, 0x000000070c300000| Untracked 
| 164|0x000000070c400000, 0x000000070c500000, 0x000000070c500000|100%| O|  |TAMS 0x000000070c500000, 0x000000070c400000| Untracked 
| 165|0x000000070c500000, 0x000000070c600000, 0x000000070c600000|100%| O|  |TAMS 0x000000070c600000, 0x000000070c500000| Untracked 
| 166|0x000000070c600000, 0x000000070c700000, 0x000000070c700000|100%| O|  |TAMS 0x000000070c700000, 0x000000070c600000| Untracked 
| 167|0x000000070c700000, 0x000000070c800000, 0x000000070c800000|100%| O|  |TAMS 0x000000070c800000, 0x000000070c700000| Untracked 
| 168|0x000000070c800000, 0x000000070c900000, 0x000000070c900000|100%| O|  |TAMS 0x000000070c900000, 0x000000070c800000| Untracked 
| 169|0x000000070c900000, 0x000000070ca00000, 0x000000070ca00000|100%| O|  |TAMS 0x000000070ca00000, 0x000000070c900000| Untracked 
| 170|0x000000070ca00000, 0x000000070cb00000, 0x000000070cb00000|100%| O|  |TAMS 0x000000070cb00000, 0x000000070ca00000| Untracked 
| 171|0x000000070cb00000, 0x000000070cc00000, 0x000000070cc00000|100%| O|  |TAMS 0x000000070cc00000, 0x000000070cb00000| Untracked 
| 172|0x000000070cc00000, 0x000000070cd00000, 0x000000070cd00000|100%| O|  |TAMS 0x000000070cd00000, 0x000000070cc00000| Untracked 
| 173|0x000000070cd00000, 0x000000070ce00000, 0x000000070ce00000|100%| O|  |TAMS 0x000000070ce00000, 0x000000070cd00000| Untracked 
| 174|0x000000070ce00000, 0x000000070cf00000, 0x000000070cf00000|100%| O|  |TAMS 0x000000070cf00000, 0x000000070ce00000| Untracked 
| 175|0x000000070cf00000, 0x000000070d000000, 0x000000070d000000|100%| O|  |TAMS 0x000000070d000000, 0x000000070cf00000| Untracked 
| 176|0x000000070d000000, 0x000000070d100000, 0x000000070d100000|100%| O|  |TAMS 0x000000070d100000, 0x000000070d000000| Untracked 
| 177|0x000000070d100000, 0x000000070d100000, 0x000000070d200000|  0%| F|  |TAMS 0x000000070d100000, 0x000000070d100000| Untracked 
| 178|0x000000070d200000, 0x000000070d300000, 0x000000070d300000|100%| O|  |TAMS 0x000000070d300000, 0x000000070d200000| Untracked 
| 179|0x000000070d300000, 0x000000070d300000, 0x000000070d400000|  0%| F|  |TAMS 0x000000070d300000, 0x000000070d300000| Untracked 
| 180|0x000000070d400000, 0x000000070d500000, 0x000000070d500000|100%| O|  |TAMS 0x000000070d500000, 0x000000070d400000| Untracked 
| 181|0x000000070d500000, 0x000000070d500000, 0x000000070d600000|  0%| F|  |TAMS 0x000000070d500000, 0x000000070d500000| Untracked 
| 182|0x000000070d600000, 0x000000070d700000, 0x000000070d700000|100%| O|  |TAMS 0x000000070d700000, 0x000000070d600000| Untracked 
| 183|0x000000070d700000, 0x000000070d700000, 0x000000070d800000|  0%| F|  |TAMS 0x000000070d700000, 0x000000070d700000| Untracked 
| 184|0x000000070d800000, 0x000000070d8fe600, 0x000000070d900000| 99%| O|  |TAMS 0x000000070d8fe600, 0x000000070d800000| Untracked 
| 185|0x000000070d900000, 0x000000070d900000, 0x000000070da00000|  0%| F|  |TAMS 0x000000070d900000, 0x000000070d900000| Untracked 
| 186|0x000000070da00000, 0x000000070db00000, 0x000000070db00000|100%| O|  |TAMS 0x000000070db00000, 0x000000070da00000| Untracked 
| 187|0x000000070db00000, 0x000000070dc00000, 0x000000070dc00000|100%| O|  |TAMS 0x000000070dc00000, 0x000000070db00000| Untracked 
| 188|0x000000070dc00000, 0x000000070dd00000, 0x000000070dd00000|100%| O|  |TAMS 0x000000070dd00000, 0x000000070dc00000| Untracked 
| 189|0x000000070dd00000, 0x000000070de00000, 0x000000070de00000|100%| O|  |TAMS 0x000000070de00000, 0x000000070dd00000| Untracked 
| 190|0x000000070de00000, 0x000000070df00000, 0x000000070df00000|100%| O|  |TAMS 0x000000070df00000, 0x000000070de00000| Untracked 
| 191|0x000000070df00000, 0x000000070e000000, 0x000000070e000000|100%| O|  |TAMS 0x000000070e000000, 0x000000070df00000| Untracked 
| 192|0x000000070e000000, 0x000000070e100000, 0x000000070e100000|100%| O|  |TAMS 0x000000070e100000, 0x000000070e000000| Untracked 
| 193|0x000000070e100000, 0x000000070e200000, 0x000000070e200000|100%|HS|  |TAMS 0x000000070e200000, 0x000000070e100000| Complete 
| 194|0x000000070e200000, 0x000000070e300000, 0x000000070e300000|100%|HC|  |TAMS 0x000000070e300000, 0x000000070e200000| Complete 
| 195|0x000000070e300000, 0x000000070e400000, 0x000000070e400000|100%|HS|  |TAMS 0x000000070e400000, 0x000000070e300000| Complete 
| 196|0x000000070e400000, 0x000000070e500000, 0x000000070e500000|100%|HC|  |TAMS 0x000000070e500000, 0x000000070e400000| Complete 
| 197|0x000000070e500000, 0x000000070e500000, 0x000000070e600000|  0%| F|  |TAMS 0x000000070e500000, 0x000000070e500000| Untracked 
| 198|0x000000070e600000, 0x000000070e600000, 0x000000070e700000|  0%| F|  |TAMS 0x000000070e600000, 0x000000070e600000| Untracked 
| 199|0x000000070e700000, 0x000000070e700000, 0x000000070e800000|  0%| F|  |TAMS 0x000000070e700000, 0x000000070e700000| Untracked 
| 200|0x000000070e800000, 0x000000070e800000, 0x000000070e900000|  0%| F|  |TAMS 0x000000070e800000, 0x000000070e800000| Untracked 
| 201|0x000000070e900000, 0x000000070e900000, 0x000000070ea00000|  0%| F|  |TAMS 0x000000070e900000, 0x000000070e900000| Untracked 
| 202|0x000000070ea00000, 0x000000070ea00000, 0x000000070eb00000|  0%| F|  |TAMS 0x000000070ea00000, 0x000000070ea00000| Untracked 
| 203|0x000000070eb00000, 0x000000070eb00000, 0x000000070ec00000|  0%| F|  |TAMS 0x000000070eb00000, 0x000000070eb00000| Untracked 
| 204|0x000000070ec00000, 0x000000070ec00000, 0x000000070ed00000|  0%| F|  |TAMS 0x000000070ec00000, 0x000000070ec00000| Untracked 
| 205|0x000000070ed00000, 0x000000070ed00000, 0x000000070ee00000|  0%| F|  |TAMS 0x000000070ed00000, 0x000000070ed00000| Untracked 
| 206|0x000000070ee00000, 0x000000070ee00000, 0x000000070ef00000|  0%| F|  |TAMS 0x000000070ee00000, 0x000000070ee00000| Untracked 
| 207|0x000000070ef00000, 0x000000070ef00000, 0x000000070f000000|  0%| F|  |TAMS 0x000000070ef00000, 0x000000070ef00000| Untracked 
| 208|0x000000070f000000, 0x000000070f000000, 0x000000070f100000|  0%| F|  |TAMS 0x000000070f000000, 0x000000070f000000| Untracked 
| 209|0x000000070f100000, 0x000000070f100000, 0x000000070f200000|  0%| F|  |TAMS 0x000000070f100000, 0x000000070f100000| Untracked 
| 210|0x000000070f200000, 0x000000070f200000, 0x000000070f300000|  0%| F|  |TAMS 0x000000070f200000, 0x000000070f200000| Untracked 
| 211|0x000000070f300000, 0x000000070f300000, 0x000000070f400000|  0%| F|  |TAMS 0x000000070f300000, 0x000000070f300000| Untracked 
| 212|0x000000070f400000, 0x000000070f400000, 0x000000070f500000|  0%| F|  |TAMS 0x000000070f400000, 0x000000070f400000| Untracked 
| 213|0x000000070f500000, 0x000000070f500000, 0x000000070f600000|  0%| F|  |TAMS 0x000000070f500000, 0x000000070f500000| Untracked 
| 214|0x000000070f600000, 0x000000070f600000, 0x000000070f700000|  0%| F|  |TAMS 0x000000070f600000, 0x000000070f600000| Untracked 
| 215|0x000000070f700000, 0x000000070f700000, 0x000000070f800000|  0%| F|  |TAMS 0x000000070f700000, 0x000000070f700000| Untracked 
| 216|0x000000070f800000, 0x000000070f800000, 0x000000070f900000|  0%| F|  |TAMS 0x000000070f800000, 0x000000070f800000| Untracked 
| 217|0x000000070f900000, 0x000000070f900000, 0x000000070fa00000|  0%| F|  |TAMS 0x000000070f900000, 0x000000070f900000| Untracked 
| 218|0x000000070fa00000, 0x000000070fa00000, 0x000000070fb00000|  0%| F|  |TAMS 0x000000070fa00000, 0x000000070fa00000| Untracked 
| 219|0x000000070fb00000, 0x000000070fb00000, 0x000000070fc00000|  0%| F|  |TAMS 0x000000070fb00000, 0x000000070fb00000| Untracked 
| 220|0x000000070fc00000, 0x000000070fc00000, 0x000000070fd00000|  0%| F|  |TAMS 0x000000070fc00000, 0x000000070fc00000| Untracked 
| 221|0x000000070fd00000, 0x000000070fd00000, 0x000000070fe00000|  0%| F|  |TAMS 0x000000070fd00000, 0x000000070fd00000| Untracked 
| 222|0x000000070fe00000, 0x000000070fe00000, 0x000000070ff00000|  0%| F|  |TAMS 0x000000070fe00000, 0x000000070fe00000| Untracked 
| 223|0x000000070ff00000, 0x000000070ff00000, 0x0000000710000000|  0%| F|  |TAMS 0x000000070ff00000, 0x000000070ff00000| Untracked 
| 224|0x0000000710000000, 0x0000000710000000, 0x0000000710100000|  0%| F|  |TAMS 0x0000000710000000, 0x0000000710000000| Untracked 
| 225|0x0000000710100000, 0x0000000710100000, 0x0000000710200000|  0%| F|  |TAMS 0x0000000710100000, 0x0000000710100000| Untracked 
| 226|0x0000000710200000, 0x0000000710200000, 0x0000000710300000|  0%| F|  |TAMS 0x0000000710200000, 0x0000000710200000| Untracked 
| 227|0x0000000710300000, 0x0000000710300000, 0x0000000710400000|  0%| F|  |TAMS 0x0000000710300000, 0x0000000710300000| Untracked 
| 228|0x0000000710400000, 0x0000000710400000, 0x0000000710500000|  0%| F|  |TAMS 0x0000000710400000, 0x0000000710400000| Untracked 
| 229|0x0000000710500000, 0x0000000710500000, 0x0000000710600000|  0%| F|  |TAMS 0x0000000710500000, 0x0000000710500000| Untracked 
| 230|0x0000000710600000, 0x0000000710600000, 0x0000000710700000|  0%| F|  |TAMS 0x0000000710600000, 0x0000000710600000| Untracked 
| 231|0x0000000710700000, 0x0000000710700000, 0x0000000710800000|  0%| F|  |TAMS 0x0000000710700000, 0x0000000710700000| Untracked 
| 232|0x0000000710800000, 0x0000000710800000, 0x0000000710900000|  0%| F|  |TAMS 0x0000000710800000, 0x0000000710800000| Untracked 
| 233|0x0000000710900000, 0x0000000710900000, 0x0000000710a00000|  0%| F|  |TAMS 0x0000000710900000, 0x0000000710900000| Untracked 
| 234|0x0000000710a00000, 0x0000000710a00000, 0x0000000710b00000|  0%| F|  |TAMS 0x0000000710a00000, 0x0000000710a00000| Untracked 
| 235|0x0000000710b00000, 0x0000000710b00000, 0x0000000710c00000|  0%| F|  |TAMS 0x0000000710b00000, 0x0000000710b00000| Untracked 
| 236|0x0000000710c00000, 0x0000000710c00000, 0x0000000710d00000|  0%| F|  |TAMS 0x0000000710c00000, 0x0000000710c00000| Untracked 
| 237|0x0000000710d00000, 0x0000000710d00000, 0x0000000710e00000|  0%| F|  |TAMS 0x0000000710d00000, 0x0000000710d00000| Untracked 
| 238|0x0000000710e00000, 0x0000000710e00000, 0x0000000710f00000|  0%| F|  |TAMS 0x0000000710e00000, 0x0000000710e00000| Untracked 
| 239|0x0000000710f00000, 0x0000000710f00000, 0x0000000711000000|  0%| F|  |TAMS 0x0000000710f00000, 0x0000000710f00000| Untracked 
| 240|0x0000000711000000, 0x0000000711000000, 0x0000000711100000|  0%| F|  |TAMS 0x0000000711000000, 0x0000000711000000| Untracked 
| 241|0x0000000711100000, 0x0000000711100000, 0x0000000711200000|  0%| F|  |TAMS 0x0000000711100000, 0x0000000711100000| Untracked 
| 242|0x0000000711200000, 0x0000000711200000, 0x0000000711300000|  0%| F|  |TAMS 0x0000000711200000, 0x0000000711200000| Untracked 
| 243|0x0000000711300000, 0x0000000711300000, 0x0000000711400000|  0%| F|  |TAMS 0x0000000711300000, 0x0000000711300000| Untracked 
| 244|0x0000000711400000, 0x0000000711400000, 0x0000000711500000|  0%| F|  |TAMS 0x0000000711400000, 0x0000000711400000| Untracked 
| 245|0x0000000711500000, 0x0000000711500000, 0x0000000711600000|  0%| F|  |TAMS 0x0000000711500000, 0x0000000711500000| Untracked 
| 246|0x0000000711600000, 0x0000000711600000, 0x0000000711700000|  0%| F|  |TAMS 0x0000000711600000, 0x0000000711600000| Untracked 
| 247|0x0000000711700000, 0x0000000711700000, 0x0000000711800000|  0%| F|  |TAMS 0x0000000711700000, 0x0000000711700000| Untracked 
| 248|0x0000000711800000, 0x0000000711800000, 0x0000000711900000|  0%| F|  |TAMS 0x0000000711800000, 0x0000000711800000| Untracked 
| 249|0x0000000711900000, 0x0000000711900000, 0x0000000711a00000|  0%| F|  |TAMS 0x0000000711900000, 0x0000000711900000| Untracked 
| 250|0x0000000711a00000, 0x0000000711a00000, 0x0000000711b00000|  0%| F|  |TAMS 0x0000000711a00000, 0x0000000711a00000| Untracked 
| 251|0x0000000711b00000, 0x0000000711b00000, 0x0000000711c00000|  0%| F|  |TAMS 0x0000000711b00000, 0x0000000711b00000| Untracked 
| 252|0x0000000711c00000, 0x0000000711c00000, 0x0000000711d00000|  0%| F|  |TAMS 0x0000000711c00000, 0x0000000711c00000| Untracked 
| 253|0x0000000711d00000, 0x0000000711d00000, 0x0000000711e00000|  0%| F|  |TAMS 0x0000000711d00000, 0x0000000711d00000| Untracked 
| 254|0x0000000711e00000, 0x0000000711e00000, 0x0000000711f00000|  0%| F|  |TAMS 0x0000000711e00000, 0x0000000711e00000| Untracked 
| 255|0x0000000711f00000, 0x0000000711f00000, 0x0000000712000000|  0%| F|  |TAMS 0x0000000711f00000, 0x0000000711f00000| Untracked 
| 256|0x0000000712000000, 0x0000000712000000, 0x0000000712100000|  0%| F|  |TAMS 0x0000000712000000, 0x0000000712000000| Untracked 
| 257|0x0000000712100000, 0x0000000712100000, 0x0000000712200000|  0%| F|  |TAMS 0x0000000712100000, 0x0000000712100000| Untracked 
| 258|0x0000000712200000, 0x0000000712200000, 0x0000000712300000|  0%| F|  |TAMS 0x0000000712200000, 0x0000000712200000| Untracked 
| 259|0x0000000712300000, 0x0000000712300000, 0x0000000712400000|  0%| F|  |TAMS 0x0000000712300000, 0x0000000712300000| Untracked 
| 260|0x0000000712400000, 0x0000000712400000, 0x0000000712500000|  0%| F|  |TAMS 0x0000000712400000, 0x0000000712400000| Untracked 
| 261|0x0000000712500000, 0x0000000712500000, 0x0000000712600000|  0%| F|  |TAMS 0x0000000712500000, 0x0000000712500000| Untracked 
| 262|0x0000000712600000, 0x0000000712600000, 0x0000000712700000|  0%| F|  |TAMS 0x0000000712600000, 0x0000000712600000| Untracked 
| 263|0x0000000712700000, 0x0000000712700000, 0x0000000712800000|  0%| F|  |TAMS 0x0000000712700000, 0x0000000712700000| Untracked 
| 264|0x0000000712800000, 0x0000000712800000, 0x0000000712900000|  0%| F|  |TAMS 0x0000000712800000, 0x0000000712800000| Untracked 
| 265|0x0000000712900000, 0x0000000712900000, 0x0000000712a00000|  0%| F|  |TAMS 0x0000000712900000, 0x0000000712900000| Untracked 
| 266|0x0000000712a00000, 0x0000000712a00000, 0x0000000712b00000|  0%| F|  |TAMS 0x0000000712a00000, 0x0000000712a00000| Untracked 
| 267|0x0000000712b00000, 0x0000000712b00000, 0x0000000712c00000|  0%| F|  |TAMS 0x0000000712b00000, 0x0000000712b00000| Untracked 
| 268|0x0000000712c00000, 0x0000000712c00000, 0x0000000712d00000|  0%| F|  |TAMS 0x0000000712c00000, 0x0000000712c00000| Untracked 
| 269|0x0000000712d00000, 0x0000000712d00000, 0x0000000712e00000|  0%| F|  |TAMS 0x0000000712d00000, 0x0000000712d00000| Untracked 
| 270|0x0000000712e00000, 0x0000000712e00000, 0x0000000712f00000|  0%| F|  |TAMS 0x0000000712e00000, 0x0000000712e00000| Untracked 
| 271|0x0000000712f00000, 0x0000000712f00000, 0x0000000713000000|  0%| F|  |TAMS 0x0000000712f00000, 0x0000000712f00000| Untracked 
| 272|0x0000000713000000, 0x0000000713000000, 0x0000000713100000|  0%| F|  |TAMS 0x0000000713000000, 0x0000000713000000| Untracked 
| 273|0x0000000713100000, 0x0000000713100000, 0x0000000713200000|  0%| F|  |TAMS 0x0000000713100000, 0x0000000713100000| Untracked 
| 274|0x0000000713200000, 0x0000000713200000, 0x0000000713300000|  0%| F|  |TAMS 0x0000000713200000, 0x0000000713200000| Untracked 
| 275|0x0000000713300000, 0x0000000713300000, 0x0000000713400000|  0%| F|  |TAMS 0x0000000713300000, 0x0000000713300000| Untracked 
| 276|0x0000000713400000, 0x0000000713400000, 0x0000000713500000|  0%| F|  |TAMS 0x0000000713400000, 0x0000000713400000| Untracked 
| 277|0x0000000713500000, 0x0000000713500000, 0x0000000713600000|  0%| F|  |TAMS 0x0000000713500000, 0x0000000713500000| Untracked 
| 278|0x0000000713600000, 0x0000000713600000, 0x0000000713700000|  0%| F|  |TAMS 0x0000000713600000, 0x0000000713600000| Untracked 
| 279|0x0000000713700000, 0x0000000713700000, 0x0000000713800000|  0%| F|  |TAMS 0x0000000713700000, 0x0000000713700000| Untracked 
| 280|0x0000000713800000, 0x0000000713800000, 0x0000000713900000|  0%| F|  |TAMS 0x0000000713800000, 0x0000000713800000| Untracked 
| 281|0x0000000713900000, 0x0000000713900000, 0x0000000713a00000|  0%| F|  |TAMS 0x0000000713900000, 0x0000000713900000| Untracked 
| 282|0x0000000713a00000, 0x0000000713a00000, 0x0000000713b00000|  0%| F|  |TAMS 0x0000000713a00000, 0x0000000713a00000| Untracked 
| 283|0x0000000713b00000, 0x0000000713b00000, 0x0000000713c00000|  0%| F|  |TAMS 0x0000000713b00000, 0x0000000713b00000| Untracked 
| 284|0x0000000713c00000, 0x0000000713c00000, 0x0000000713d00000|  0%| F|  |TAMS 0x0000000713c00000, 0x0000000713c00000| Untracked 
| 285|0x0000000713d00000, 0x0000000713d00000, 0x0000000713e00000|  0%| F|  |TAMS 0x0000000713d00000, 0x0000000713d00000| Untracked 
| 286|0x0000000713e00000, 0x0000000713e00000, 0x0000000713f00000|  0%| F|  |TAMS 0x0000000713e00000, 0x0000000713e00000| Untracked 
| 287|0x0000000713f00000, 0x0000000713f00000, 0x0000000714000000|  0%| F|  |TAMS 0x0000000713f00000, 0x0000000713f00000| Untracked 
| 288|0x0000000714000000, 0x0000000714000000, 0x0000000714100000|  0%| F|  |TAMS 0x0000000714000000, 0x0000000714000000| Untracked 
| 289|0x0000000714100000, 0x0000000714100000, 0x0000000714200000|  0%| F|  |TAMS 0x0000000714100000, 0x0000000714100000| Untracked 
| 290|0x0000000714200000, 0x0000000714200000, 0x0000000714300000|  0%| F|  |TAMS 0x0000000714200000, 0x0000000714200000| Untracked 
| 291|0x0000000714300000, 0x0000000714300000, 0x0000000714400000|  0%| F|  |TAMS 0x0000000714300000, 0x0000000714300000| Untracked 
| 292|0x0000000714400000, 0x0000000714400000, 0x0000000714500000|  0%| F|  |TAMS 0x0000000714400000, 0x0000000714400000| Untracked 
| 293|0x0000000714500000, 0x0000000714500000, 0x0000000714600000|  0%| F|  |TAMS 0x0000000714500000, 0x0000000714500000| Untracked 
| 294|0x0000000714600000, 0x0000000714600000, 0x0000000714700000|  0%| F|  |TAMS 0x0000000714600000, 0x0000000714600000| Untracked 
| 295|0x0000000714700000, 0x0000000714712ef0, 0x0000000714800000|  7%| S|CS|TAMS 0x0000000714700000, 0x0000000714700000| Complete 
| 296|0x0000000714800000, 0x0000000714800000, 0x0000000714900000|  0%| F|  |TAMS 0x0000000714800000, 0x0000000714800000| Untracked 
| 297|0x0000000714900000, 0x0000000714900000, 0x0000000714a00000|  0%| F|  |TAMS 0x0000000714900000, 0x0000000714900000| Untracked 
| 298|0x0000000714a00000, 0x0000000714a00000, 0x0000000714b00000|  0%| F|  |TAMS 0x0000000714a00000, 0x0000000714a00000| Untracked 
| 299|0x0000000714b00000, 0x0000000714c00000, 0x0000000714c00000|100%| S|CS|TAMS 0x0000000714b00000, 0x0000000714b00000| Complete 
| 300|0x0000000714c00000, 0x0000000714d00000, 0x0000000714d00000|100%| S|CS|TAMS 0x0000000714c00000, 0x0000000714c00000| Complete 
| 301|0x0000000714d00000, 0x0000000714e00000, 0x0000000714e00000|100%| S|CS|TAMS 0x0000000714d00000, 0x0000000714d00000| Complete 
| 302|0x0000000714e00000, 0x0000000714f00000, 0x0000000714f00000|100%| S|CS|TAMS 0x0000000714e00000, 0x0000000714e00000| Complete 
| 303|0x0000000714f00000, 0x0000000714f4ee88, 0x0000000715000000| 30%| E|  |TAMS 0x0000000714f00000, 0x0000000714f00000| Complete 
| 304|0x0000000715000000, 0x0000000715100000, 0x0000000715100000|100%| E|CS|TAMS 0x0000000715000000, 0x0000000715000000| Complete 

Card table byte_map: [0x000001d2f9840000,0x000001d2fa030000] _byte_map_base: 0x000001d2f6030000

Marking Bits (Prev, Next): (CMBitMap*) 0x000001d2f692e440, (CMBitMap*) 0x000001d2f692e408
 Prev Bits: [0x000001d2972b0000, 0x000001d29b230000)
 Next Bits: [0x000001d2fa820000, 0x000001d2fe7a0000)

Polling page: 0x000001d2f6bf0000

Metaspace:

Usage:
  Non-class:     33.49 MB capacity,    33.18 MB (>99%) used,   245.69 KB ( <1%) free+waste,    74.19 KB ( <1%) overhead. 
      Class:      4.04 MB capacity,     3.79 MB ( 94%) used,   232.18 KB (  6%) free+waste,    32.88 KB ( <1%) overhead. 
       Both:     37.54 MB capacity,    36.96 MB ( 98%) used,   477.87 KB (  1%) free+waste,   107.06 KB ( <1%) overhead. 

Virtual space:
  Non-class space:       36.00 MB reserved,      34.67 MB ( 96%) committed 
      Class space:        1.00 GB reserved,       4.50 MB ( <1%) committed 
             Both:        1.04 GB reserved,      39.17 MB (  4%) committed 

Chunk freelists:
   Non-Class:  126.63 KB
       Class:  50.25 KB
        Both:  176.88 KB

CodeHeap 'non-profiled nmethods': size=120000Kb used=7022Kb max_used=7030Kb free=112977Kb
 bounds [0x000001d28fd80000, 0x000001d2904a0000, 0x000001d2972b0000]
CodeHeap 'profiled nmethods': size=120000Kb used=8625Kb max_used=14544Kb free=111374Kb
 bounds [0x000001d288850000, 0x000001d289690000, 0x000001d28fd80000]
CodeHeap 'non-nmethods': size=5760Kb used=1422Kb max_used=1467Kb free=4337Kb
 bounds [0x000001d2882b0000, 0x000001d288520000, 0x000001d288850000]
 total_blobs=12672 nmethods=5674 adapters=793
 compilation: enabled
              stopped_count=0, restarted_count=0
 full_count=0

Compilation events (10 events):
Event: 11332.446 Thread 0x000001d29d32b800 7947       3       java.util.Collections$SynchronizedCollection::iterator (10 bytes)
Event: 11332.446 Thread 0x000001d29d32b800 nmethod 7947 0x000001d288ac4410 code [0x000001d288ac45e0, 0x000001d288ac4810]
Event: 11333.846 Thread 0x000001d29d32b800 7948       1       sun.awt.NullComponentPeer::updateGraphicsData (2 bytes)
Event: 11333.846 Thread 0x000001d29d32b800 nmethod 7948 0x000001d28ffb8d90 code [0x000001d28ffb8f40, 0x000001d28ffb9058]
Event: 11333.847 Thread 0x000001d29d32b800 7949       3       sun.awt.windows.WComponentPeer::getDeviceColorModel (19 bytes)
Event: 11333.851 Thread 0x000001d29d32b800 nmethod 7949 0x000001d288cabe90 code [0x000001d288cac0a0, 0x000001d288cac990]
Event: 11333.851 Thread 0x000001d29d32b800 7950       3       sun.awt.Win32GraphicsConfig::getDeviceColorModel (8 bytes)
Event: 11333.852 Thread 0x000001d29d32b800 nmethod 7950 0x000001d288ba7090 code [0x000001d288ba7260, 0x000001d288ba75b0]
Event: 11333.876 Thread 0x000001d29d32b800 7951       3       java.awt.LightweightDispatcher$2::run (19 bytes)
Event: 11333.877 Thread 0x000001d29d32b800 nmethod 7951 0x000001d288bc6b90 code [0x000001d288bc6d60, 0x000001d288bc7080]

GC Heap History (10 events):
Event: 11325.616 GC heap before
{Heap before GC invocations=2715 (full 0):
 garbage-first heap   total 312320K, used 268113K [0x0000000702000000, 0x0000000800000000)
  region size 1024K, 72 young (73728K), 4 survivors (4096K)
 Metaspace       used 37848K, capacity 38437K, committed 40108K, reserved 1085440K
  class space    used 3876K, capacity 4142K, committed 4608K, reserved 1048576K
}
Event: 11325.618 GC heap after
{Heap after GC invocations=2716 (full 0):
 garbage-first heap   total 312320K, used 196888K [0x0000000702000000, 0x0000000800000000)
  region size 1024K, 4 young (4096K), 4 survivors (4096K)
 Metaspace       used 37848K, capacity 38437K, committed 40108K, reserved 1085440K
  class space    used 3876K, capacity 4142K, committed 4608K, reserved 1048576K
}
Event: 11332.357 GC heap before
{Heap before GC invocations=2716 (full 0):
 garbage-first heap   total 312320K, used 263448K [0x0000000702000000, 0x0000000800000000)
  region size 1024K, 69 young (70656K), 4 survivors (4096K)
 Metaspace       used 37849K, capacity 38437K, committed 40108K, reserved 1085440K
  class space    used 3876K, capacity 4142K, committed 4608K, reserved 1048576K
}
Event: 11332.359 GC heap after
{Heap after GC invocations=2717 (full 0):
 garbage-first heap   total 312320K, used 190830K [0x0000000702000000, 0x0000000800000000)
  region size 1024K, 4 young (4096K), 4 survivors (4096K)
 Metaspace       used 37849K, capacity 38437K, committed 40108K, reserved 1085440K
  class space    used 3876K, capacity 4142K, committed 4608K, reserved 1048576K
}
Event: 11332.816 GC heap before
{Heap before GC invocations=2718 (full 0):
 garbage-first heap   total 312320K, used 199022K [0x0000000702000000, 0x0000000800000000)
  region size 1024K, 13 young (13312K), 4 survivors (4096K)
 Metaspace       used 37849K, capacity 38437K, committed 40108K, reserved 1085440K
  class space    used 3876K, capacity 4142K, committed 4608K, reserved 1048576K
}
Event: 11332.818 GC heap after
{Heap after GC invocations=2719 (full 0):
 garbage-first heap   total 312320K, used 191542K [0x0000000702000000, 0x0000000800000000)
  region size 1024K, 5 young (5120K), 5 survivors (5120K)
 Metaspace       used 37849K, capacity 38437K, committed 40108K, reserved 1085440K
  class space    used 3876K, capacity 4142K, committed 4608K, reserved 1048576K
}
Event: 11333.847 GC heap before
{Heap before GC invocations=2720 (full 0):
 garbage-first heap   total 312320K, used 200758K [0x0000000702000000, 0x0000000800000000)
  region size 1024K, 11 young (11264K), 5 survivors (5120K)
 Metaspace       used 37850K, capacity 38437K, committed 40108K, reserved 1085440K
  class space    used 3876K, capacity 4142K, committed 4608K, reserved 1048576K
}
Event: 11333.851 GC heap after
{Heap after GC invocations=2721 (full 0):
 garbage-first heap   total 312320K, used 195868K [0x0000000702000000, 0x0000000800000000)
  region size 1024K, 5 young (5120K), 5 survivors (5120K)
 Metaspace       used 37850K, capacity 38437K, committed 40108K, reserved 1085440K
  class space    used 3876K, capacity 4142K, committed 4608K, reserved 1048576K
}
Event: 11333.972 GC heap before
{Heap before GC invocations=2722 (full 0):
 garbage-first heap   total 312320K, used 202012K [0x0000000702000000, 0x0000000800000000)
  region size 1024K, 7 young (7168K), 5 survivors (5120K)
 Metaspace       used 37852K, capacity 38437K, committed 40108K, reserved 1085440K
  class space    used 3876K, capacity 4142K, committed 4608K, reserved 1048576K
}
Event: 11333.974 GC heap after
{Heap after GC invocations=2723 (full 0):
 garbage-first heap   total 312320K, used 197701K [0x0000000702000000, 0x0000000800000000)
  region size 1024K, 5 young (5120K), 5 survivors (5120K)
 Metaspace       used 37852K, capacity 38437K, committed 40108K, reserved 1085440K
  class space    used 3876K, capacity 4142K, committed 4608K, reserved 1048576K
}

Deoptimization events (10 events):
Event: 9468.217 Thread 0x000001d29e0d3000 Uncommon trap: reason=unstable_if action=reinterpret pc=0x000001d29026ff78 method=java.util.HashMap.putVal(ILjava/lang/Object;Ljava/lang/Object;ZZ)Ljava/lang/Object; @ 193 c2
Event: 9653.326 Thread 0x000001d29ed2d800 Uncommon trap: reason=class_check action=maybe_recompile pc=0x000001d28fe9cc30 method=java.util.concurrent.locks.AbstractQueuedSynchronizer.release(I)Z @ 2 c2
Event: 9684.713 Thread 0x000001d29ed26800 Uncommon trap: reason=class_check action=maybe_recompile pc=0x000001d290062e7c method=java.lang.Character.toUpperCaseEx(I)I @ 26 c2
Event: 9684.713 Thread 0x000001d29ed26800 Uncommon trap: reason=class_check action=maybe_recompile pc=0x000001d290062e7c method=java.lang.Character.toUpperCaseEx(I)I @ 26 c2
Event: 9684.713 Thread 0x000001d29ed26800 Uncommon trap: reason=class_check action=maybe_recompile pc=0x000001d290062e7c method=java.lang.Character.toUpperCaseEx(I)I @ 26 c2
Event: 9684.713 Thread 0x000001d29ed26800 Uncommon trap: reason=class_check action=maybe_recompile pc=0x000001d290062e7c method=java.lang.Character.toUpperCaseEx(I)I @ 26 c2
Event: 9869.045 Thread 0x000001d29ed26800 Uncommon trap: reason=unstable_if action=reinterpret pc=0x000001d2900a9380 method=api.tws.requesters.AppleRequester.reciever(IIDLcom/ib/client/TickAttr;)V @ 192 c2
Event: 11301.386 Thread 0x000001d29e0d3000 Uncommon trap: reason=unstable_if action=reinterpret pc=0x000001d28ffe2b8c method=javax.swing.RepaintManager.getDoubleBufferMaximumSize()Ljava/awt/Dimension; @ 4 c2
Event: 11301.386 Thread 0x000001d29e0d3000 Uncommon trap: reason=unstable_if action=reinterpret pc=0x000001d28ffc5240 method=java.awt.Rectangle.union(Ljava/awt/Rectangle;)Ljava/awt/Rectangle; @ 144 c2
Event: 11301.405 Thread 0x000001d29ed2a800 Uncommon trap: reason=unloaded action=reinterpret pc=0x000001d2903c3b6c method=java.net.SocketInputStream.read([BIII)I @ 148 c2

Classes redefined (0 events):
No events

Internal exceptions (10 events):
Event: 11333.754 Thread 0x000001d29ed25800 Exception <a 'java/io/IOException'{0x0000000714ffa1c8}> (0x0000000714ffa1c8) thrown at [t:/workspace/open/src/hotspot/share/prims/jni.cpp, line 615]
Event: 11333.754 Thread 0x000001d29ed25800 Exception <a 'java/io/IOException'{0x0000000714ffe918}> (0x0000000714ffe918) thrown at [t:/workspace/open/src/hotspot/share/prims/jni.cpp, line 615]
Event: 11333.754 Thread 0x000001d29ed25800 Exception <a 'java/io/IOException'{0x0000000714ffec80}> (0x0000000714ffec80) thrown at [t:/workspace/open/src/hotspot/share/prims/jni.cpp, line 615]
Event: 11333.754 Thread 0x000001d29ed25800 Exception <a 'java/io/IOException'{0x0000000714ffefb8}> (0x0000000714ffefb8) thrown at [t:/workspace/open/src/hotspot/share/prims/jni.cpp, line 615]
Event: 11333.805 Thread 0x000001d29ed29800 Exception <a 'java/io/IOException'{0x0000000714d020d0}> (0x0000000714d020d0) thrown at [t:/workspace/open/src/hotspot/share/prims/jni.cpp, line 615]
Event: 11333.805 Thread 0x000001d29ed29800 Exception <a 'java/io/IOException'{0x0000000714d02438}> (0x0000000714d02438) thrown at [t:/workspace/open/src/hotspot/share/prims/jni.cpp, line 615]
Event: 11333.805 Thread 0x000001d29ed29800 Exception <a 'java/io/IOException'{0x0000000714d02770}> (0x0000000714d02770) thrown at [t:/workspace/open/src/hotspot/share/prims/jni.cpp, line 615]
Event: 11334.166 Thread 0x000001d29ed28000 Exception <a 'java/io/IOException'{0x0000000714f0e908}> (0x0000000714f0e908) thrown at [t:/workspace/open/src/hotspot/share/prims/jni.cpp, line 615]
Event: 11334.166 Thread 0x000001d29ed28000 Exception <a 'java/io/IOException'{0x0000000714f0ec70}> (0x0000000714f0ec70) thrown at [t:/workspace/open/src/hotspot/share/prims/jni.cpp, line 615]
Event: 11334.166 Thread 0x000001d29ed28000 Exception <a 'java/io/IOException'{0x0000000714f0efa8}> (0x0000000714f0efa8) thrown at [t:/workspace/open/src/hotspot/share/prims/jni.cpp, line 615]

Events (10 events):
Event: 11333.938 Executing VM operation: CGC_Operation
Event: 11333.940 Executing VM operation: CGC_Operation done
Event: 11333.970 Executing VM operation: CGC_Operation
Event: 11333.970 Executing VM operation: CGC_Operation done
Event: 11333.972 Executing VM operation: G1CollectForAllocation
Event: 11333.974 Executing VM operation: G1CollectForAllocation done
Event: 11334.061 Executing VM operation: CGC_Operation
Event: 11334.063 Executing VM operation: CGC_Operation done
Event: 11334.100 Executing VM operation: CGC_Operation
Event: 11334.100 Executing VM operation: CGC_Operation done


Dynamic libraries:
0x00007ff699960000 - 0x00007ff6999a7000 	C:\Program Files\Java\jdk-11.0.6\bin\javaw.exe
0x00007ffe331e0000 - 0x00007ffe333d0000 	C:\WINDOWS\SYSTEM32\ntdll.dll
0x00007ffe31e00000 - 0x00007ffe31eb2000 	C:\WINDOWS\System32\KERNEL32.DLL
0x00007ffe30370000 - 0x00007ffe30615000 	C:\WINDOWS\System32\KERNELBASE.dll
0x00007ffe32fd0000 - 0x00007ffe33073000 	C:\WINDOWS\System32\ADVAPI32.dll
0x00007ffe329d0000 - 0x00007ffe32a6e000 	C:\WINDOWS\System32\msvcrt.dll
0x00007ffe31290000 - 0x00007ffe31327000 	C:\WINDOWS\System32\sechost.dll
0x00007ffe33080000 - 0x00007ffe331a0000 	C:\WINDOWS\System32\RPCRT4.dll
0x00007ffe32830000 - 0x00007ffe329c4000 	C:\WINDOWS\System32\USER32.dll
0x00007ffe30170000 - 0x00007ffe30191000 	C:\WINDOWS\System32\win32u.dll
0x00007ffe32500000 - 0x00007ffe32526000 	C:\WINDOWS\System32\GDI32.dll
0x00007ffe306d0000 - 0x00007ffe30866000 	C:\WINDOWS\System32\gdi32full.dll
0x00007ffe301a0000 - 0x00007ffe3023e000 	C:\WINDOWS\System32\msvcp_win.dll
0x00007ffe30870000 - 0x00007ffe3096a000 	C:\WINDOWS\System32\ucrtbase.dll
0x00007ffe212f0000 - 0x00007ffe21574000 	C:\WINDOWS\WinSxS\amd64_microsoft.windows.common-controls_6595b64144ccf1df_6.0.18362.1139_none_9e7bf2d3e4605ac6\COMCTL32.dll
0x00007ffe32050000 - 0x00007ffe32385000 	C:\WINDOWS\System32\combase.dll
0x00007ffe2a670000 - 0x00007ffe2a67a000 	C:\WINDOWS\SYSTEM32\VERSION.dll
0x00007ffe30240000 - 0x00007ffe302c0000 	C:\WINDOWS\System32\bcryptPrimitives.dll
0x00007ffe32400000 - 0x00007ffe3242e000 	C:\WINDOWS\System32\IMM32.DLL
0x00007ffe1f060000 - 0x00007ffe1f076000 	C:\Program Files\Java\jdk-11.0.6\bin\vcruntime140.dll
0x00007ffe002d0000 - 0x00007ffe0037a000 	C:\Program Files\Java\jdk-11.0.6\bin\msvcp140.dll
0x00007ffde4100000 - 0x00007ffde4c29000 	C:\Program Files\Java\jdk-11.0.6\bin\server\jvm.dll
0x00007ffe31df0000 - 0x00007ffe31df8000 	C:\WINDOWS\System32\PSAPI.DLL
0x00007ffe11600000 - 0x00007ffe11609000 	C:\WINDOWS\SYSTEM32\WSOCK32.dll
0x00007ffe2d370000 - 0x00007ffe2d394000 	C:\WINDOWS\SYSTEM32\WINMM.dll
0x00007ffe32af0000 - 0x00007ffe32b5f000 	C:\WINDOWS\System32\WS2_32.dll
0x00007ffe2d240000 - 0x00007ffe2d26d000 	C:\WINDOWS\SYSTEM32\winmmbase.dll
0x00007ffe30970000 - 0x00007ffe309ba000 	C:\WINDOWS\System32\cfgmgr32.dll
0x00007ffe300b0000 - 0x00007ffe300c1000 	C:\WINDOWS\System32\kernel.appcore.dll
0x00007ffe19320000 - 0x00007ffe19331000 	C:\Program Files\Java\jdk-11.0.6\bin\verify.dll
0x00007ffe2e7f0000 - 0x00007ffe2e9e4000 	C:\WINDOWS\SYSTEM32\DBGHELP.DLL
0x00007ffde3950000 - 0x00007ffde397a000 	C:\WINDOWS\SYSTEM32\dbgcore.DLL
0x00007ffe14520000 - 0x00007ffe14549000 	C:\Program Files\Java\jdk-11.0.6\bin\java.dll
0x00007ffe17bf0000 - 0x00007ffe17c06000 	C:\Program Files\Java\jdk-11.0.6\bin\zip.dll
0x00007ffe1e3e0000 - 0x00007ffe1e3ea000 	C:\Program Files\Java\jdk-11.0.6\bin\jimage.dll
0x00007ffe31550000 - 0x00007ffe31c37000 	C:\WINDOWS\System32\SHELL32.dll
0x00007ffe31fa0000 - 0x00007ffe32049000 	C:\WINDOWS\System32\shcore.dll
0x00007ffe30b10000 - 0x00007ffe31290000 	C:\WINDOWS\System32\windows.storage.dll
0x00007ffe300d0000 - 0x00007ffe300f3000 	C:\WINDOWS\System32\profapi.dll
0x00007ffe30100000 - 0x00007ffe3014a000 	C:\WINDOWS\System32\powrprof.dll
0x00007ffe300a0000 - 0x00007ffe300b0000 	C:\WINDOWS\System32\UMPDC.dll
0x00007ffe32690000 - 0x00007ffe326e2000 	C:\WINDOWS\System32\shlwapi.dll
0x00007ffe30350000 - 0x00007ffe30367000 	C:\WINDOWS\System32\cryptsp.dll
0x00007ffe140e0000 - 0x00007ffe140f9000 	C:\Program Files\Java\jdk-11.0.6\bin\net.dll
0x00007ffe229d0000 - 0x00007ffe22ac0000 	C:\WINDOWS\SYSTEM32\WINHTTP.dll
0x00007ffe2f8e0000 - 0x00007ffe2f947000 	C:\WINDOWS\system32\mswsock.dll
0x00007ffe140c0000 - 0x00007ffe140d3000 	C:\Program Files\Java\jdk-11.0.6\bin\nio.dll
0x00007ffe00130000 - 0x00007ffe002cf000 	C:\Program Files\Java\jdk-11.0.6\bin\awt.dll
0x00007ffe32430000 - 0x00007ffe324f5000 	C:\WINDOWS\System32\OLEAUT32.dll
0x00007ffe2d4a0000 - 0x00007ffe2d52f000 	C:\WINDOWS\SYSTEM32\apphelp.dll
0x00007ffe2d9d0000 - 0x00007ffe2d9fd000 	C:\WINDOWS\system32\DWMAPI.DLL
0x00007ffe2d5a0000 - 0x00007ffe2d639000 	C:\WINDOWS\system32\uxtheme.dll
0x00007ffe0ce50000 - 0x00007ffe0cfa6000 	C:\WINDOWS\system32\opengl32.dll
0x00007ffe0c290000 - 0x00007ffe0c2bc000 	C:\WINDOWS\SYSTEM32\GLU32.dll
0x00007ffe2ecf0000 - 0x00007ffe2ed10000 	C:\WINDOWS\SYSTEM32\dxcore.dll
0x00007ffe31390000 - 0x00007ffe314c5000 	C:\WINDOWS\System32\MSCTF.dll
0x00007ffe32530000 - 0x00007ffe32687000 	C:\WINDOWS\System32\ole32.dll
0x00007ffe00020000 - 0x00007ffe000a3000 	C:\Program Files\Java\jdk-11.0.6\bin\freetype.dll
0x00007ffdf95e0000 - 0x00007ffdf968b000 	C:\Program Files\Java\jdk-11.0.6\bin\fontmanager.dll
0x00007ffe31ec0000 - 0x00007ffe31f62000 	C:\WINDOWS\System32\clbcatq.dll
0x00007ffe2aec0000 - 0x00007ffe2b06f000 	C:\WINDOWS\SYSTEM32\WindowsCodecs.dll
0x00007ffe117d0000 - 0x00007ffe1180a000 	C:\WINDOWS\system32\dataexchange.dll
0x00007ffe2ea00000 - 0x00007ffe2ec5b000 	C:\WINDOWS\system32\d3d11.dll
0x00007ffe2cb70000 - 0x00007ffe2cd4d000 	C:\WINDOWS\system32\dcomp.dll
0x00007ffe2ed80000 - 0x00007ffe2ee6b000 	C:\WINDOWS\system32\dxgi.dll
0x00007ffe2d660000 - 0x00007ffe2d8c2000 	C:\WINDOWS\system32\twinapi.appcore.dll
0x00007ffe2da00000 - 0x00007ffe2da29000 	C:\WINDOWS\system32\RMCLIENT.dll
0x00007ffe28390000 - 0x00007ffe2842e000 	C:\WINDOWS\System32\TextInputFramework.dll
0x00007ffe2cda0000 - 0x00007ffe2ce74000 	C:\WINDOWS\System32\CoreMessaging.dll
0x00007ffe2b830000 - 0x00007ffe2bb5a000 	C:\WINDOWS\System32\CoreUIComponents.dll
0x00007ffe2f0e0000 - 0x00007ffe2f111000 	C:\WINDOWS\SYSTEM32\ntmarta.dll
0x00007ffe2b640000 - 0x00007ffe2b793000 	C:\WINDOWS\SYSTEM32\wintypes.dll
0x00007ffe2f5e0000 - 0x00007ffe2f6ab000 	C:\WINDOWS\SYSTEM32\DNSAPI.dll
0x00007ffe327c0000 - 0x00007ffe327c8000 	C:\WINDOWS\System32\NSI.dll
0x00007ffe2f5a0000 - 0x00007ffe2f5da000 	C:\WINDOWS\SYSTEM32\IPHLPAPI.DLL
0x00007ffe224b0000 - 0x00007ffe224ba000 	C:\Windows\System32\rasadhlp.dll
0x00007ffe29490000 - 0x00007ffe29507000 	C:\WINDOWS\System32\fwpuclnt.dll
0x00007ffe30320000 - 0x00007ffe30346000 	C:\WINDOWS\System32\bcrypt.dll
0x00007ffe23380000 - 0x00007ffe23627000 	C:\WINDOWS\System32\iertutil.dll
0x00007ffe2c2e0000 - 0x00007ffe2c2ed000 	C:\Program Files\Java\jdk-11.0.6\bin\sunmscapi.dll
0x00007ffe309c0000 - 0x00007ffe30b09000 	C:\WINDOWS\System32\CRYPT32.dll
0x00007ffe30150000 - 0x00007ffe30162000 	C:\WINDOWS\System32\MSASN1.dll
0x00007ffe2fbc0000 - 0x00007ffe2fbe6000 	C:\WINDOWS\SYSTEM32\ncrypt.dll
0x00007ffe2fb80000 - 0x00007ffe2fbbb000 	C:\WINDOWS\SYSTEM32\NTASN1.dll
0x00007ffe13f00000 - 0x00007ffe13f27000 	C:\Program Files\Java\jdk-11.0.6\bin\sunec.dll
0x00007ffe2f400000 - 0x00007ffe2f433000 	C:\WINDOWS\system32\rsaenh.dll
0x00007ffe2ffc0000 - 0x00007ffe2ffe5000 	C:\WINDOWS\SYSTEM32\USERENV.dll
0x00007ffe2fac0000 - 0x00007ffe2facc000 	C:\WINDOWS\SYSTEM32\CRYPTBASE.dll
0x00007ffe2a460000 - 0x00007ffe2a476000 	C:\WINDOWS\SYSTEM32\dhcpcsvc6.DLL
0x00007ffe2a650000 - 0x00007ffe2a66c000 	C:\WINDOWS\SYSTEM32\dhcpcsvc.DLL
0x0000000180000000 - 0x000000018003b000 	C:\Users\user\IdeaProjects\wallStreet\out\artifacts\wallstreetJson_jar\JavaDDEx64.dll
0x00007ffe11660000 - 0x00007ffe1166d000 	C:\WINDOWS\SYSTEM32\atlthunk.dll
0x00007ffe0d4e0000 - 0x00007ffe0d545000 	C:\WINDOWS\system32\Oleacc.dll
0x00007ffe2bb60000 - 0x00007ffe2bbc5000 	C:\WINDOWS\system32\Ninput.dll

dbghelp: loaded successfully - version: 4.0.5 - missing functions: none
symbol engine: initialized successfully - sym options: 0x614 - pdb path: .;C:\Program Files\Java\jdk-11.0.6\bin;C:\WINDOWS\SYSTEM32;C:\WINDOWS\WinSxS\amd64_microsoft.windows.common-controls_6595b64144ccf1df_6.0.18362.1139_none_9e7bf2d3e4605ac6;C:\Program Files\Java\jdk-11.0.6\bin\server;C:\Users\user\IdeaProjects\wallStreet\out\artifacts\wallstreetJson_jar

VM Arguments:
java_command: C:\Users\user\IdeaProjects\wallStreet\out\artifacts\wallstreetJson_jar\wall-street.jar
java_class_path (initial): C:\Users\user\IdeaProjects\wallStreet\out\artifacts\wallstreetJson_jar\wall-street.jar
Launcher Type: SUN_STANDARD

[Global flags]
     intx CICompilerCount                          = 4                                         {product} {ergonomic}
     uint ConcGCThreads                            = 3                                         {product} {ergonomic}
     uint G1ConcRefinementThreads                  = 10                                        {product} {ergonomic}
   size_t G1HeapRegionSize                         = 1048576                                   {product} {ergonomic}
    uintx GCDrainStackTargetSize                   = 64                                        {product} {ergonomic}
   size_t InitialHeapSize                          = 266338304                                 {product} {ergonomic}
   size_t MarkStackSize                            = 4194304                                   {product} {ergonomic}
   size_t MaxHeapSize                              = 4261412864                                {product} {ergonomic}
   size_t MaxNewSize                               = 2556428288                                {product} {ergonomic}
   size_t MinHeapDeltaBytes                        = 1048576                                   {product} {ergonomic}
    uintx NonNMethodCodeHeapSize                   = 5836300                                {pd product} {ergonomic}
    uintx NonProfiledCodeHeapSize                  = 122910970                              {pd product} {ergonomic}
    uintx ProfiledCodeHeapSize                     = 122910970                              {pd product} {ergonomic}
    uintx ReservedCodeCacheSize                    = 251658240                              {pd product} {ergonomic}
     bool SegmentedCodeCache                       = true                                      {product} {ergonomic}
     bool UseCompressedClassPointers               = true                                 {lp64_product} {ergonomic}
     bool UseCompressedOops                        = true                                 {lp64_product} {ergonomic}
     bool UseG1GC                                  = true                                      {product} {ergonomic}
     bool UseLargePagesIndividualAllocation        = false                                  {pd product} {ergonomic}

Logging:
Log output configuration:
 #0: stdout all=warning uptime,level,tags
 #1: stderr all=off uptime,level,tags

Environment Variables:
JRE_HOME=C:\Program Files (x86)\Java\jre1.8.0_171
PATH=C:\Program Files (x86)\Common Files\Oracle\Java\javapath;C:\WINDOWS\system32;C:\WINDOWS;C:\WINDOWS\System32\Wbem;C:\WINDOWS\System32\WindowsPowerShell\v1.0\;C:\WINDOWS\System32\OpenSSH\;C:\Program Files\Git\cmd;C:\Users\user\AppData\Local\Microsoft\WindowsApps;C:\Users\user\AppData\Local\Programs\Microsoft VS Code\bin;C:\Users\user\AppData\Local\GitHubDesktop\bin;%USERPROFILE%\AppData\Local\Microsoft\WindowsApps;
USERNAME=user
OS=Windows_NT
PROCESSOR_IDENTIFIER=Intel64 Family 6 Model 158 Stepping 10, GenuineIntel



---------------  S Y S T E M  ---------------

OS: Windows 10 , 64 bit Build 18362 (10.0.18362.1110)

CPU:total 12 (initial active 12) (6 cores per cpu, 2 threads per core) family 6 model 158 stepping 10, cmov, cx8, fxsr, mmx, sse, sse2, sse3, ssse3, sse4.1, sse4.2, popcnt, avx, avx2, aes, clmul, erms, rtm, 3dnowpref, lzcnt, ht, tsc, tscinvbit, bmi1, bmi2, adx, fma

Memory: 4k page, system-wide physical 16253M (12360M free)
TotalPageFile size 18685M (AvailPageFile size 14030M)
current process WorkingSet (physical memory assigned to process): 459M, peak: 472M
current process commit charge ("private bytes"): 487M, peak: 501M

vm_info: Java HotSpot(TM) 64-Bit Server VM (11.0.6+8-LTS) for windows-amd64 JRE (11.0.6+8-LTS), built on Dec 11 2019 09:17:57 by "mach5one" with MS VC++ 15.5 (VS2017)

END.
